<?xml version="1.0" encoding="UTF-8"?>
<coverage generated="1774910522570" clover="3.2.0">
  <project timestamp="1774910522571" name="All files">
    <metrics statements="869" coveredstatements="808" conditionals="904" coveredconditionals="726" methods="132" coveredmethods="111" elements="1905" coveredelements="1645" complexity="0" loc="869" ncloc="869" packages="7" files="13" classes="13"/>
    <package name="components.MeterReading">
      <metrics statements="170" coveredstatements="145" conditionals="186" coveredconditionals="131" methods="44" coveredmethods="26"/>
      <file name="MeterReadingApp.jsx" path="/Users/miya/Documents/GitHub/daishin_kaihatu_project/src/components/MeterReading/MeterReadingApp.jsx">
        <metrics statements="170" coveredstatements="145" conditionals="186" coveredconditionals="131" methods="44" coveredmethods="26"/>
        <line num="16" count="1" type="stmt"/>
        <line num="29" count="72" type="stmt"/>
        <line num="31" count="72" type="stmt"/>
        <line num="33" count="72" type="stmt"/>
        <line num="34" count="3" type="stmt"/>
        <line num="35" count="3" type="stmt"/>
        <line num="36" count="3" type="cond" truecount="1" falsecount="1"/>
        <line num="37" count="3" type="stmt"/>
        <line num="38" count="0" type="stmt"/>
        <line num="39" count="0" type="stmt"/>
        <line num="43" count="72" type="stmt"/>
        <line num="44" count="25" type="stmt"/>
        <line num="45" count="25" type="cond" truecount="2" falsecount="0"/>
        <line num="49" count="72" type="stmt"/>
        <line num="50" count="72" type="stmt"/>
        <line num="63" count="72" type="stmt"/>
        <line num="72" count="72" type="stmt"/>
        <line num="83" count="72" type="stmt"/>
        <line num="86" count="72" type="stmt"/>
        <line num="87" count="25" type="stmt"/>
        <line num="88" count="25" type="stmt"/>
        <line num="89" count="44" type="stmt"/>
        <line num="90" count="44" type="cond" truecount="1" falsecount="1"/>
        <line num="91" count="44" type="stmt"/>
        <line num="95" count="25" type="cond" truecount="1" falsecount="1"/>
        <line num="96" count="25" type="stmt"/>
        <line num="98" count="25" type="cond" truecount="1" falsecount="1"/>
        <line num="99" count="25" type="stmt"/>
        <line num="103" count="72" type="stmt"/>
        <line num="104" count="104" type="stmt"/>
        <line num="105" count="104" type="cond" truecount="3" falsecount="1"/>
        <line num="106" count="104" type="stmt"/>
        <line num="107" count="104" type="cond" truecount="3" falsecount="1"/>
        <line num="108" count="104" type="stmt"/>
        <line num="109" count="104" type="stmt"/>
        <line num="110" count="104" type="cond" truecount="3" falsecount="1"/>
        <line num="111" count="104" type="stmt"/>
        <line num="112" count="104" type="cond" truecount="1" falsecount="1"/>
        <line num="115" count="104" type="stmt"/>
        <line num="117" count="104" type="cond" truecount="3" falsecount="1"/>
        <line num="118" count="104" type="stmt"/>
        <line num="119" count="104" type="cond" truecount="3" falsecount="1"/>
        <line num="120" count="104" type="stmt"/>
        <line num="121" count="104" type="stmt"/>
        <line num="122" count="104" type="cond" truecount="3" falsecount="1"/>
        <line num="123" count="104" type="stmt"/>
        <line num="124" count="104" type="cond" truecount="1" falsecount="1"/>
        <line num="127" count="104" type="stmt"/>
        <line num="129" count="104" type="cond" truecount="3" falsecount="1"/>
        <line num="130" count="104" type="stmt"/>
        <line num="132" count="104" type="stmt"/>
        <line num="135" count="72" type="stmt"/>
        <line num="136" count="3" type="stmt"/>
        <line num="138" count="3" type="stmt"/>
        <line num="139" count="6" type="stmt"/>
        <line num="140" count="6" type="stmt"/>
        <line num="141" count="6" type="cond" truecount="1" falsecount="1"/>
        <line num="143" count="6" type="cond" truecount="5" falsecount="0"/>
        <line num="144" count="2" type="stmt"/>
        <line num="145" count="2" type="cond" truecount="3" falsecount="1"/>
        <line num="146" count="2" type="stmt"/>
        <line num="153" count="2" type="stmt"/>
        <line num="163" count="3" type="cond" truecount="1" falsecount="1"/>
        <line num="164" count="3" type="cond" truecount="2" falsecount="2"/>
        <line num="165" count="0" type="stmt"/>
        <line num="166" count="0" type="cond" truecount="0" falsecount="4"/>
        <line num="167" count="0" type="stmt"/>
        <line num="174" count="0" type="stmt"/>
        <line num="182" count="3" type="stmt"/>
        <line num="185" count="72" type="stmt"/>
        <line num="187" count="15" type="stmt"/>
        <line num="188" count="15" type="stmt"/>
        <line num="189" count="15" type="stmt"/>
        <line num="191" count="15" type="cond" truecount="2" falsecount="0"/>
        <line num="192" count="4" type="stmt"/>
        <line num="193" count="4" type="stmt"/>
        <line num="197" count="11" type="cond" truecount="4" falsecount="0"/>
        <line num="198" count="2" type="stmt"/>
        <line num="199" count="2" type="stmt"/>
        <line num="201" count="9" type="stmt"/>
        <line num="202" count="9" type="stmt"/>
        <line num="203" count="9" type="stmt"/>
        <line num="206" count="9" type="cond" truecount="1" falsecount="1"/>
        <line num="207" count="9" type="cond" truecount="1" falsecount="1"/>
        <line num="208" count="9" type="cond" truecount="1" falsecount="1"/>
        <line num="210" count="9" type="stmt"/>
        <line num="217" count="9" type="stmt"/>
        <line num="218" count="0" type="stmt"/>
        <line num="219" count="0" type="cond" truecount="0" falsecount="2"/>
        <line num="233" count="72" type="stmt"/>
        <line num="235" count="4" type="stmt"/>
        <line num="236" count="4" type="stmt"/>
        <line num="237" count="4" type="stmt"/>
        <line num="239" count="4" type="cond" truecount="1" falsecount="1"/>
        <line num="240" count="0" type="stmt"/>
        <line num="244" count="0" type="stmt"/>
        <line num="245" count="4" type="cond" truecount="4" falsecount="0"/>
        <line num="246" count="1" type="stmt"/>
        <line num="250" count="1" type="stmt"/>
        <line num="252" count="3" type="stmt"/>
        <line num="253" count="3" type="stmt"/>
        <line num="262" count="72" type="stmt"/>
        <line num="263" count="3" type="cond" truecount="3" falsecount="1"/>
        <line num="264" count="0" type="stmt"/>
        <line num="265" count="0" type="stmt"/>
        <line num="269" count="3" type="stmt"/>
        <line num="270" count="3" type="stmt"/>
        <line num="271" count="6" type="stmt"/>
        <line num="272" count="6" type="stmt"/>
        <line num="273" count="6" type="cond" truecount="1" falsecount="1"/>
        <line num="275" count="6" type="cond" truecount="2" falsecount="3"/>
        <line num="276" count="0" type="stmt"/>
        <line num="277" count="0" type="stmt"/>
        <line num="281" count="3" type="cond" truecount="1" falsecount="1"/>
        <line num="282" count="0" type="stmt"/>
        <line num="283" count="0" type="stmt"/>
        <line num="286" count="3" type="stmt"/>
        <line num="288" count="3" type="cond" truecount="2" falsecount="0"/>
        <line num="289" count="1" type="stmt"/>
        <line num="290" count="1" type="stmt"/>
        <line num="293" count="2" type="stmt"/>
        <line num="295" count="2" type="stmt"/>
        <line num="296" count="2" type="cond" truecount="1" falsecount="1"/>
        <line num="297" count="3" type="stmt"/>
        <line num="303" count="3" type="stmt"/>
        <line num="305" count="3" type="stmt"/>
        <line num="310" count="2" type="cond" truecount="1" falsecount="1"/>
        <line num="311" count="0" type="stmt"/>
        <line num="313" count="2" type="cond" truecount="2" falsecount="0"/>
        <line num="314" count="1" type="stmt"/>
        <line num="319" count="1" type="stmt"/>
        <line num="321" count="1" type="cond" truecount="1" falsecount="1"/>
        <line num="322" count="1" type="stmt"/>
        <line num="323" count="1" type="stmt"/>
        <line num="326" count="1" type="stmt"/>
        <line num="329" count="1" type="cond" truecount="1" falsecount="1"/>
        <line num="330" count="0" type="stmt"/>
        <line num="335" count="0" type="cond" truecount="0" falsecount="2"/>
        <line num="338" count="1" type="stmt"/>
        <line num="340" count="2" type="stmt"/>
        <line num="353" count="72" type="stmt"/>
        <line num="356" count="72" type="cond" truecount="2" falsecount="0"/>
        <line num="357" count="2" type="stmt"/>
        <line num="361" count="0" type="stmt"/>
        <line num="380" count="70" type="cond" truecount="2" falsecount="0"/>
        <line num="381" count="2" type="stmt"/>
        <line num="385" count="0" type="stmt"/>
        <line num="406" count="68" type="cond" truecount="3" falsecount="0"/>
        <line num="410" count="68" type="cond" truecount="3" falsecount="0"/>
        <line num="414" count="72" type="stmt"/>
        <line num="419" count="1" type="stmt"/>
        <line num="443" count="0" type="stmt"/>
        <line num="444" count="0" type="stmt"/>
        <line num="465" count="104" type="cond" truecount="3" falsecount="0"/>
        <line num="470" count="104" type="stmt"/>
        <line num="471" count="104" type="stmt"/>
        <line num="472" count="104" type="stmt"/>
        <line num="474" count="104" type="cond" truecount="2" falsecount="0"/>
        <line num="478" count="104" type="cond" truecount="1" falsecount="1"/>
        <line num="485" count="104" type="cond" truecount="1" falsecount="1"/>
        <line num="486" count="104" type="stmt"/>
        <line num="488" count="104" type="stmt"/>
        <line num="525" count="15" type="stmt"/>
        <line num="545" count="104" type="stmt"/>
        <line num="546" count="104" type="stmt"/>
        <line num="547" count="104" type="stmt"/>
        <line num="589" count="312" type="stmt"/>
        <line num="615" count="0" type="stmt"/>
        <line num="616" count="0" type="stmt"/>
        <line num="670" count="4" type="stmt"/>
      </file>
    </package>
    <package name="components.MeterReading.components">
      <metrics statements="12" coveredstatements="12" conditionals="44" coveredconditionals="37" methods="3" coveredmethods="3"/>
      <file name="LoadingOverlay.jsx" path="/Users/miya/Documents/GitHub/daishin_kaihatu_project/src/components/MeterReading/components/LoadingOverlay.jsx">
        <metrics statements="2" coveredstatements="2" conditionals="1" coveredconditionals="1" methods="1" coveredmethods="1"/>
        <line num="3" count="2" type="cond" truecount="1" falsecount="0"/>
        <line num="4" count="6" type="stmt"/>
      </file>
      <file name="NavigationButtons.jsx" path="/Users/miya/Documents/GitHub/daishin_kaihatu_project/src/components/MeterReading/components/NavigationButtons.jsx">
        <metrics statements="7" coveredstatements="7" conditionals="41" coveredconditionals="34" methods="1" coveredmethods="1"/>
        <line num="3" count="2" type="stmt"/>
        <line num="12" count="128" type="cond" truecount="2" falsecount="0"/>
        <line num="17" count="128" type="cond" truecount="2" falsecount="0"/>
        <line num="22" count="128" type="cond" truecount="2" falsecount="0"/>
        <line num="26" count="128" type="cond" truecount="2" falsecount="0"/>
        <line num="27" count="53" type="stmt"/>
        <line num="57" count="75" type="stmt"/>
      </file>
      <file name="ToastOverlay.jsx" path="/Users/miya/Documents/GitHub/daishin_kaihatu_project/src/components/MeterReading/components/ToastOverlay.jsx">
        <metrics statements="3" coveredstatements="3" conditionals="2" coveredconditionals="2" methods="1" coveredmethods="1"/>
        <line num="3" count="2" type="stmt"/>
        <line num="4" count="72" type="cond" truecount="2" falsecount="0"/>
        <line num="6" count="6" type="stmt"/>
      </file>
    </package>
    <package name="components.MeterReading.hooks">
      <metrics statements="263" coveredstatements="247" conditionals="263" coveredconditionals="209" methods="26" coveredmethods="25"/>
      <file name="useMeterReadings.js" path="/Users/miya/Documents/GitHub/daishin_kaihatu_project/src/components/MeterReading/hooks/useMeterReadings.js">
        <metrics statements="123" coveredstatements="113" conditionals="165" coveredconditionals="127" methods="14" coveredmethods="14"/>
        <line num="4" count="1" type="stmt"/>
        <line num="5" count="62" type="stmt"/>
        <line num="6" count="62" type="stmt"/>
        <line num="7" count="62" type="stmt"/>
        <line num="8" count="62" type="stmt"/>
        <line num="9" count="62" type="stmt"/>
        <line num="10" count="62" type="stmt"/>
        <line num="11" count="62" type="stmt"/>
        <line num="12" count="62" type="stmt"/>
        <line num="14" count="62" type="stmt"/>
        <line num="15" count="20" type="stmt"/>
        <line num="18" count="62" type="stmt"/>
        <line num="19" count="20" type="stmt"/>
        <line num="20" count="20" type="cond" truecount="2" falsecount="0"/>
        <line num="21" count="1" type="stmt"/>
        <line num="22" count="1" type="stmt"/>
        <line num="23" count="1" type="stmt"/>
        <line num="25" count="19" type="stmt"/>
        <line num="28" count="62" type="stmt"/>
        <line num="29" count="2" type="stmt"/>
        <line num="43" count="62" type="stmt"/>
        <line num="45" count="18" type="cond" truecount="1" falsecount="1"/>
        <line num="46" count="18" type="cond" truecount="1" falsecount="1"/>
        <line num="47" count="0" type="stmt"/>
        <line num="48" count="0" type="stmt"/>
        <line num="49" count="0" type="stmt"/>
        <line num="52" count="18" type="stmt"/>
        <line num="53" count="18" type="stmt"/>
        <line num="54" count="2" type="stmt"/>
        <line num="55" count="2" type="stmt"/>
        <line num="58" count="18" type="stmt"/>
        <line num="59" count="28" type="stmt"/>
        <line num="60" count="28" type="stmt"/>
        <line num="61" count="28" type="stmt"/>
        <line num="63" count="25" type="cond" truecount="2" falsecount="0"/>
        <line num="64" count="5" type="cond" truecount="4" falsecount="0"/>
        <line num="65" count="4" type="stmt"/>
        <line num="66" count="4" type="stmt"/>
        <line num="67" count="4" type="stmt"/>
        <line num="69" count="1" type="stmt"/>
        <line num="74" count="20" type="stmt"/>
        <line num="75" count="20" type="cond" truecount="2" falsecount="0"/>
        <line num="76" count="3" type="cond" truecount="1" falsecount="1"/>
        <line num="79" count="17" type="stmt"/>
        <line num="80" count="17" type="cond" truecount="2" falsecount="0"/>
        <line num="83" count="14" type="cond" truecount="2" falsecount="0"/>
        <line num="88" count="13" type="cond" truecount="1" falsecount="1"/>
        <line num="89" count="13" type="cond" truecount="1" falsecount="1"/>
        <line num="90" count="13" type="cond" truecount="1" falsecount="1"/>
        <line num="91" count="1" type="cond" truecount="1" falsecount="1"/>
        <line num="92" count="1" type="cond" truecount="3" falsecount="1"/>
        <line num="93" count="1" type="cond" truecount="1" falsecount="2"/>
        <line num="94" count="1" type="cond" truecount="1" falsecount="2"/>
        <line num="96" count="0" type="stmt"/>
        <line num="97" count="0" type="stmt"/>
        <line num="99" count="1" type="stmt"/>
        <line num="101" count="0" type="stmt"/>
        <line num="104" count="14" type="cond" truecount="1" falsecount="1"/>
        <line num="105" count="28" type="stmt"/>
        <line num="106" count="28" type="cond" truecount="1" falsecount="1"/>
        <line num="107" count="28" type="stmt"/>
        <line num="109" count="28" type="cond" truecount="4" falsecount="0"/>
        <line num="110" count="12" type="stmt"/>
        <line num="111" count="12" type="stmt"/>
        <line num="149" count="12" type="cond" truecount="3" falsecount="1"/>
        <line num="150" count="12" type="stmt"/>
        <line num="156" count="12" type="stmt"/>
        <line num="157" count="12" type="stmt"/>
        <line num="158" count="0" type="cond" truecount="0" falsecount="4"/>
        <line num="159" count="0" type="stmt"/>
        <line num="165" count="0" type="stmt"/>
        <line num="166" count="0" type="stmt"/>
        <line num="169" count="12" type="stmt"/>
        <line num="171" count="12" type="stmt"/>
        <line num="173" count="2" type="stmt"/>
        <line num="176" count="14" type="stmt"/>
        <line num="177" count="14" type="cond" truecount="2" falsecount="0"/>
        <line num="178" count="14" type="stmt"/>
        <line num="180" count="10" type="cond" truecount="2" falsecount="0"/>
        <line num="181" count="4" type="stmt"/>
        <line num="182" count="4" type="cond" truecount="2" falsecount="0"/>
        <line num="183" count="1" type="stmt"/>
        <line num="185" count="3" type="cond" truecount="4" falsecount="0"/>
        <line num="186" count="1" type="stmt"/>
        <line num="189" count="4" type="stmt"/>
        <line num="190" count="4" type="stmt"/>
        <line num="191" count="4" type="cond" truecount="2" falsecount="0"/>
        <line num="192" count="4" type="stmt"/>
        <line num="200" count="62" type="stmt"/>
        <line num="202" count="5" type="stmt"/>
        <line num="203" count="5" type="cond" truecount="1" falsecount="1"/>
        <line num="204" count="5" type="stmt"/>
        <line num="205" count="5" type="stmt"/>
        <line num="206" count="5" type="cond" truecount="2" falsecount="0"/>
        <line num="208" count="4" type="stmt"/>
        <line num="209" count="4" type="cond" truecount="4" falsecount="0"/>
        <line num="210" count="3" type="stmt"/>
        <line num="211" count="3" type="stmt"/>
        <line num="212" count="3" type="cond" truecount="1" falsecount="1"/>
        <line num="213" count="3" type="cond" truecount="1" falsecount="1"/>
        <line num="215" count="3" type="cond" truecount="4" falsecount="0"/>
        <line num="216" count="1" type="stmt"/>
        <line num="218" count="2" type="stmt"/>
        <line num="221" count="1" type="stmt"/>
        <line num="224" count="2" type="stmt"/>
        <line num="231" count="62" type="stmt"/>
        <line num="232" count="39" type="stmt"/>
        <line num="233" count="2" type="cond" truecount="5" falsecount="0"/>
        <line num="234" count="1" type="stmt"/>
        <line num="236" count="1" type="stmt"/>
        <line num="239" count="39" type="stmt"/>
        <line num="240" count="39" type="stmt"/>
        <line num="244" count="62" type="stmt"/>
        <line num="245" count="39" type="cond" truecount="2" falsecount="0"/>
        <line num="247" count="19" type="stmt"/>
        <line num="248" count="19" type="stmt"/>
        <line num="249" count="19" type="stmt"/>
        <line num="251" count="19" type="cond" truecount="4" falsecount="0"/>
        <line num="252" count="1" type="stmt"/>
        <line num="253" count="1" type="stmt"/>
        <line num="254" count="1" type="stmt"/>
        <line num="257" count="18" type="stmt"/>
        <line num="260" count="62" type="stmt"/>
      </file>
      <file name="useReadingUpdate.js" path="/Users/miya/Documents/GitHub/daishin_kaihatu_project/src/components/MeterReading/hooks/useReadingUpdate.js">
        <metrics statements="55" coveredstatements="55" conditionals="40" coveredconditionals="36" methods="3" coveredmethods="3"/>
        <line num="4" count="1" type="stmt"/>
        <line num="13" count="21" type="stmt"/>
        <line num="14" count="21" type="stmt"/>
        <line num="16" count="21" type="stmt"/>
        <line num="18" count="9" type="cond" truecount="4" falsecount="0"/>
        <line num="19" count="2" type="stmt"/>
        <line num="20" count="2" type="stmt"/>
        <line num="23" count="7" type="stmt"/>
        <line num="24" count="7" type="stmt"/>
        <line num="25" count="7" type="stmt"/>
        <line num="27" count="7" type="stmt"/>
        <line num="28" count="7" type="stmt"/>
        <line num="29" count="7" type="stmt"/>
        <line num="30" count="7" type="cond" truecount="2" falsecount="1"/>
        <line num="32" count="7" type="stmt"/>
        <line num="34" count="7" type="cond" truecount="5" falsecount="0"/>
        <line num="35" count="1" type="stmt"/>
        <line num="36" count="1" type="stmt"/>
        <line num="37" count="1" type="stmt"/>
        <line num="40" count="6" type="cond" truecount="5" falsecount="0"/>
        <line num="41" count="5" type="stmt"/>
        <line num="42" count="5" type="cond" truecount="4" falsecount="0"/>
        <line num="43" count="1" type="stmt"/>
        <line num="44" count="1" type="stmt"/>
        <line num="45" count="1" type="stmt"/>
        <line num="48" count="4" type="stmt"/>
        <line num="49" count="4" type="cond" truecount="1" falsecount="1"/>
        <line num="51" count="5" type="stmt"/>
        <line num="59" count="7" type="stmt"/>
        <line num="61" count="7" type="cond" truecount="2" falsecount="0"/>
        <line num="62" count="2" type="stmt"/>
        <line num="63" count="2" type="stmt"/>
        <line num="66" count="5" type="cond" truecount="2" falsecount="0"/>
        <line num="67" count="1" type="stmt"/>
        <line num="68" count="1" type="stmt"/>
        <line num="71" count="4" type="stmt"/>
        <line num="73" count="4" type="stmt"/>
        <line num="74" count="4" type="cond" truecount="1" falsecount="1"/>
        <line num="76" count="9" type="stmt"/>
        <line num="83" count="9" type="stmt"/>
        <line num="84" count="9" type="stmt"/>
        <line num="86" count="3" type="cond" truecount="2" falsecount="0"/>
        <line num="87" count="1" type="stmt"/>
        <line num="92" count="2" type="stmt"/>
        <line num="94" count="2" type="cond" truecount="2" falsecount="0"/>
        <line num="95" count="1" type="stmt"/>
        <line num="96" count="1" type="stmt"/>
        <line num="97" count="1" type="stmt"/>
        <line num="99" count="1" type="cond" truecount="1" falsecount="1"/>
        <line num="102" count="3" type="stmt"/>
        <line num="103" count="3" type="stmt"/>
        <line num="105" count="4" type="stmt"/>
        <line num="111" count="21" type="stmt"/>
        <line num="121" count="7" type="cond" truecount="5" falsecount="0"/>
        <line num="122" count="5" type="stmt"/>
      </file>
      <file name="useRoomNavigation.js" path="/Users/miya/Documents/GitHub/daishin_kaihatu_project/src/components/MeterReading/hooks/useRoomNavigation.js">
        <metrics statements="85" coveredstatements="79" conditionals="58" coveredconditionals="46" methods="9" coveredmethods="8"/>
        <line num="4" count="1" type="stmt"/>
        <line num="12" count="32" type="stmt"/>
        <line num="13" count="32" type="stmt"/>
        <line num="14" count="32" type="stmt"/>
        <line num="16" count="32" type="stmt"/>
        <line num="17" count="18" type="stmt"/>
        <line num="18" count="18" type="stmt"/>
        <line num="19" count="18" type="cond" truecount="4" falsecount="0"/>
        <line num="21" count="14" type="stmt"/>
        <line num="22" count="26" type="stmt"/>
        <line num="25" count="14" type="stmt"/>
        <line num="26" count="14" type="stmt"/>
        <line num="27" count="12" type="cond" truecount="2" falsecount="0"/>
        <line num="28" count="10" type="stmt"/>
        <line num="29" count="10" type="stmt"/>
        <line num="34" count="13" type="stmt"/>
        <line num="35" count="13" type="stmt"/>
        <line num="36" count="13" type="cond" truecount="2" falsecount="0"/>
        <line num="37" count="10" type="stmt"/>
        <line num="38" count="10" type="stmt"/>
        <line num="42" count="13" type="stmt"/>
        <line num="49" count="1" type="stmt"/>
        <line num="53" count="32" type="stmt"/>
        <line num="55" count="6" type="cond" truecount="2" falsecount="0"/>
        <line num="56" count="6" type="cond" truecount="2" falsecount="0"/>
        <line num="58" count="5" type="stmt"/>
        <line num="59" count="9" type="stmt"/>
        <line num="60" count="9" type="stmt"/>
        <line num="61" count="9" type="stmt"/>
        <line num="62" count="3" type="cond" truecount="1" falsecount="1"/>
        <line num="63" count="0" type="cond" truecount="0" falsecount="4"/>
        <line num="64" count="0" type="stmt"/>
        <line num="65" count="0" type="stmt"/>
        <line num="67" count="0" type="stmt"/>
        <line num="69" count="3" type="stmt"/>
        <line num="71" count="3" type="cond" truecount="5" falsecount="0"/>
        <line num="72" count="2" type="stmt"/>
        <line num="73" count="1" type="cond" truecount="1" falsecount="1"/>
        <line num="74" count="0" type="stmt"/>
        <line num="75" count="1" type="cond" truecount="3" falsecount="1"/>
        <line num="76" count="1" type="stmt"/>
        <line num="78" count="0" type="stmt"/>
        <line num="80" count="3" type="cond" truecount="4" falsecount="0"/>
        <line num="81" count="2" type="stmt"/>
        <line num="83" count="3" type="stmt"/>
        <line num="85" count="6" type="cond" truecount="2" falsecount="0"/>
        <line num="92" count="32" type="stmt"/>
        <line num="94" count="5" type="stmt"/>
        <line num="95" count="5" type="stmt"/>
        <line num="96" count="5" type="cond" truecount="1" falsecount="1"/>
        <line num="97" count="5" type="cond" truecount="1" falsecount="1"/>
        <line num="100" count="5" type="cond" truecount="4" falsecount="0"/>
        <line num="101" count="2" type="stmt"/>
        <line num="108" count="2" type="stmt"/>
        <line num="110" count="1" type="cond" truecount="1" falsecount="1"/>
        <line num="111" count="1" type="stmt"/>
        <line num="112" count="1" type="cond" truecount="1" falsecount="1"/>
        <line num="113" count="1" type="stmt"/>
        <line num="119" count="4" type="stmt"/>
        <line num="122" count="1" type="stmt"/>
        <line num="124" count="5" type="stmt"/>
        <line num="130" count="32" type="stmt"/>
        <line num="132" count="6" type="stmt"/>
        <line num="133" count="6" type="cond" truecount="4" falsecount="0"/>
        <line num="134" count="2" type="stmt"/>
        <line num="135" count="2" type="stmt"/>
        <line num="137" count="4" type="stmt"/>
        <line num="142" count="32" type="stmt"/>
        <line num="144" count="2" type="stmt"/>
        <line num="145" count="2" type="cond" truecount="4" falsecount="0"/>
        <line num="146" count="1" type="stmt"/>
        <line num="147" count="1" type="stmt"/>
        <line num="149" count="1" type="stmt"/>
        <line num="154" count="32" type="stmt"/>
        <line num="156" count="3" type="stmt"/>
        <line num="157" count="3" type="stmt"/>
        <line num="158" count="3" type="stmt"/>
        <line num="159" count="3" type="stmt"/>
        <line num="160" count="3" type="stmt"/>
        <line num="161" count="3" type="stmt"/>
        <line num="162" count="3" type="stmt"/>
        <line num="163" count="3" type="stmt"/>
        <line num="164" count="3" type="stmt"/>
        <line num="166" count="1" type="cond" truecount="1" falsecount="1"/>
        <line num="174" count="32" type="stmt"/>
      </file>
    </package>
    <package name="components.MeterReading.utils">
      <metrics statements="117" coveredstatements="112" conditionals="117" coveredconditionals="112" methods="18" coveredmethods="18"/>
      <file name="dateUtils.js" path="/Users/miya/Documents/GitHub/daishin_kaihatu_project/src/components/MeterReading/utils/dateUtils.js">
        <metrics statements="34" coveredstatements="32" conditionals="12" coveredconditionals="12" methods="4" coveredmethods="4"/>
        <line num="13" count="5" type="stmt"/>
        <line num="14" count="219" type="cond" truecount="2" falsecount="0"/>
        <line num="15" count="6" type="stmt"/>
        <line num="18" count="213" type="stmt"/>
        <line num="19" count="213" type="stmt"/>
        <line num="20" count="213" type="cond" truecount="2" falsecount="0"/>
        <line num="21" count="1" type="stmt"/>
        <line num="24" count="212" type="stmt"/>
        <line num="30" count="212" type="stmt"/>
        <line num="32" count="0" type="stmt"/>
        <line num="42" count="5" type="stmt"/>
        <line num="43" count="9" type="stmt"/>
        <line num="45" count="9" type="stmt"/>
        <line num="52" count="9" type="stmt"/>
        <line num="63" count="5" type="stmt"/>
        <line num="64" count="5" type="cond" truecount="2" falsecount="0"/>
        <line num="66" count="3" type="stmt"/>
        <line num="67" count="3" type="cond" truecount="4" falsecount="0"/>
        <line num="68" count="1" type="stmt"/>
        <line num="71" count="2" type="stmt"/>
        <line num="72" count="2" type="cond" truecount="2" falsecount="0"/>
        <line num="73" count="1" type="stmt"/>
        <line num="76" count="1" type="stmt"/>
        <line num="83" count="1" type="stmt"/>
        <line num="85" count="0" type="stmt"/>
        <line num="96" count="5" type="stmt"/>
        <line num="97" count="2" type="stmt"/>
        <line num="98" count="2" type="stmt"/>
        <line num="99" count="2" type="stmt"/>
        <line num="100" count="2" type="stmt"/>
        <line num="102" count="2" type="stmt"/>
        <line num="103" count="2" type="stmt"/>
        <line num="104" count="2" type="stmt"/>
        <line num="106" count="2" type="stmt"/>
      </file>
      <file name="formatUtils.js" path="/Users/miya/Documents/GitHub/daishin_kaihatu_project/src/components/MeterReading/utils/formatUtils.js">
        <metrics statements="27" coveredstatements="27" conditionals="31" coveredconditionals="31" methods="5" coveredmethods="5"/>
        <line num="15" count="2" type="stmt"/>
        <line num="16" count="321" type="cond" truecount="5" falsecount="0"/>
        <line num="17" count="9" type="stmt"/>
        <line num="19" count="312" type="stmt"/>
        <line num="29" count="2" type="stmt"/>
        <line num="30" count="7" type="cond" truecount="5" falsecount="0"/>
        <line num="31" count="3" type="stmt"/>
        <line num="33" count="4" type="stmt"/>
        <line num="34" count="4" type="cond" truecount="2" falsecount="0"/>
        <line num="35" count="1" type="stmt"/>
        <line num="37" count="3" type="stmt"/>
        <line num="47" count="2" type="stmt"/>
        <line num="48" count="7" type="cond" truecount="7" falsecount="0"/>
        <line num="49" count="4" type="stmt"/>
        <line num="51" count="3" type="stmt"/>
        <line num="61" count="2" type="stmt"/>
        <line num="62" count="109" type="stmt"/>
        <line num="63" count="109" type="cond" truecount="2" falsecount="0"/>
        <line num="77" count="2" type="stmt"/>
        <line num="78" count="135" type="stmt"/>
        <line num="79" count="135" type="stmt"/>
        <line num="81" count="135" type="cond" truecount="2" falsecount="0"/>
        <line num="83" count="129" type="cond" truecount="6" falsecount="0"/>
        <line num="84" count="7" type="stmt"/>
        <line num="87" count="122" type="stmt"/>
        <line num="88" count="122" type="cond" truecount="2" falsecount="0"/>
        <line num="98" count="2" type="stmt"/>
      </file>
      <file name="warningFlag.js" path="/Users/miya/Documents/GitHub/daishin_kaihatu_project/src/components/MeterReading/utils/warningFlag.js">
        <metrics statements="56" coveredstatements="53" conditionals="74" coveredconditionals="69" methods="9" coveredmethods="9"/>
        <line num="14" count="3" type="stmt"/>
        <line num="15" count="37" type="cond" truecount="4" falsecount="0"/>
        <line num="17" count="90" type="stmt"/>
        <line num="19" count="90" type="stmt"/>
        <line num="20" count="34" type="stmt"/>
        <line num="29" count="3" type="stmt"/>
        <line num="30" count="35" type="cond" truecount="4" falsecount="0"/>
        <line num="31" count="85" type="stmt"/>
        <line num="44" count="3" type="stmt"/>
        <line num="49" count="37" type="stmt"/>
        <line num="50" count="37" type="stmt"/>
        <line num="52" count="37" type="cond" truecount="5" falsecount="0"/>
        <line num="53" count="35" type="stmt"/>
        <line num="55" count="37" type="cond" truecount="2" falsecount="0"/>
        <line num="60" count="31" type="stmt"/>
        <line num="62" count="37" type="cond" truecount="2" falsecount="0"/>
        <line num="67" count="19" type="stmt"/>
        <line num="70" count="37" type="cond" truecount="2" falsecount="0"/>
        <line num="71" count="6" type="stmt"/>
        <line num="79" count="31" type="stmt"/>
        <line num="80" count="31" type="stmt"/>
        <line num="82" count="31" type="stmt"/>
        <line num="84" count="31" type="stmt"/>
        <line num="91" count="0" type="stmt"/>
        <line num="117" count="3" type="stmt"/>
        <line num="123" count="31" type="stmt"/>
        <line num="124" count="31" type="stmt"/>
        <line num="130" count="31" type="cond" truecount="2" falsecount="0"/>
        <line num="138" count="5" type="stmt"/>
        <line num="146" count="26" type="cond" truecount="5" falsecount="0"/>
        <line num="147" count="25" type="cond" truecount="2" falsecount="0"/>
        <line num="148" count="7" type="stmt"/>
        <line num="157" count="19" type="cond" truecount="2" falsecount="0"/>
        <line num="158" count="1" type="stmt"/>
        <line num="166" count="18" type="cond" truecount="2" falsecount="0"/>
        <line num="168" count="31" type="stmt"/>
        <line num="175" count="0" type="stmt"/>
        <line num="197" count="3" type="stmt"/>
        <line num="198" count="108" type="cond" truecount="4" falsecount="0"/>
        <line num="199" count="2" type="cond" truecount="4" falsecount="0"/>
        <line num="200" count="1" type="stmt"/>
        <line num="203" count="1" type="cond" truecount="1" falsecount="1"/>
        <line num="204" count="2" type="cond" truecount="1" falsecount="1"/>
        <line num="205" count="2" type="cond" truecount="1" falsecount="1"/>
        <line num="207" count="2" type="stmt"/>
        <line num="213" count="2" type="stmt"/>
        <line num="216" count="106" type="cond" truecount="4" falsecount="0"/>
        <line num="217" count="104" type="stmt"/>
        <line num="220" count="2" type="cond" truecount="1" falsecount="1"/>
        <line num="221" count="108" type="cond" truecount="1" falsecount="1"/>
        <line num="223" count="108" type="cond" truecount="4" falsecount="0"/>
        <line num="224" count="2" type="stmt"/>
        <line num="225" count="2" type="cond" truecount="2" falsecount="0"/>
        <line num="228" count="0" type="stmt"/>
        <line num="238" count="3" type="stmt"/>
        <line num="239" count="104" type="stmt"/>
      </file>
    </package>
    <package name="components.PropertySelect">
      <metrics statements="103" coveredstatements="100" conditionals="141" coveredconditionals="121" methods="20" coveredmethods="19"/>
      <file name="PropertySelectApp.jsx" path="/Users/miya/Documents/GitHub/daishin_kaihatu_project/src/components/PropertySelect/PropertySelectApp.jsx">
        <metrics statements="103" coveredstatements="100" conditionals="141" coveredconditionals="121" methods="20" coveredmethods="19"/>
        <line num="4" count="1" type="stmt"/>
        <line num="5" count="91" type="stmt"/>
        <line num="6" count="91" type="stmt"/>
        <line num="7" count="91" type="stmt"/>
        <line num="8" count="91" type="stmt"/>
        <line num="9" count="91" type="stmt"/>
        <line num="10" count="91" type="stmt"/>
        <line num="11" count="91" type="stmt"/>
        <line num="12" count="91" type="stmt"/>
        <line num="13" count="91" type="stmt"/>
        <line num="17" count="91" type="stmt"/>
        <line num="19" count="91" type="stmt"/>
        <line num="20" count="113" type="cond" truecount="5" falsecount="0"/>
        <line num="21" count="36" type="stmt"/>
        <line num="22" count="36" type="stmt"/>
        <line num="23" count="36" type="cond" truecount="1" falsecount="1"/>
        <line num="24" count="36" type="stmt"/>
        <line num="25" count="36" type="stmt"/>
        <line num="26" count="36" type="stmt"/>
        <line num="28" count="0" type="stmt"/>
        <line num="32" count="91" type="stmt"/>
        <line num="33" count="27" type="stmt"/>
        <line num="35" count="27" type="stmt"/>
        <line num="36" count="27" type="stmt"/>
        <line num="37" count="27" type="stmt"/>
        <line num="38" count="27" type="stmt"/>
        <line num="40" count="27" type="cond" truecount="4" falsecount="0"/>
        <line num="41" count="5" type="stmt"/>
        <line num="42" count="5" type="stmt"/>
        <line num="43" count="5" type="stmt"/>
        <line num="46" count="22" type="stmt"/>
        <line num="47" count="22" type="stmt"/>
        <line num="48" count="19" type="cond" truecount="5" falsecount="0"/>
        <line num="49" count="27" type="cond" truecount="4" falsecount="0"/>
        <line num="50" count="1" type="stmt"/>
        <line num="52" count="46" type="stmt"/>
        <line num="58" count="18" type="stmt"/>
        <line num="60" count="3" type="stmt"/>
        <line num="61" count="3" type="cond" truecount="2" falsecount="0"/>
        <line num="62" count="1" type="stmt"/>
        <line num="65" count="2" type="stmt"/>
        <line num="67" count="3" type="stmt"/>
        <line num="68" count="3" type="stmt"/>
        <line num="70" count="21" type="stmt"/>
        <line num="74" count="27" type="stmt"/>
        <line num="77" count="91" type="stmt"/>
        <line num="78" count="48" type="cond" truecount="4" falsecount="0"/>
        <line num="79" count="18" type="stmt"/>
        <line num="83" count="91" type="stmt"/>
        <line num="84" count="2" type="cond" truecount="4" falsecount="0"/>
        <line num="85" count="1" type="stmt"/>
        <line num="86" count="1" type="stmt"/>
        <line num="87" count="1" type="stmt"/>
        <line num="89" count="1" type="stmt"/>
        <line num="90" count="1" type="stmt"/>
        <line num="94" count="91" type="stmt"/>
        <line num="96" count="6" type="cond" truecount="4" falsecount="1"/>
        <line num="97" count="0" type="stmt"/>
        <line num="99" count="6" type="stmt"/>
        <line num="100" count="6" type="stmt"/>
        <line num="101" count="6" type="stmt"/>
        <line num="103" count="6" type="stmt"/>
        <line num="104" count="6" type="stmt"/>
        <line num="105" count="6" type="stmt"/>
        <line num="106" count="6" type="cond" truecount="2" falsecount="0"/>
        <line num="107" count="5" type="stmt"/>
        <line num="108" count="5" type="cond" truecount="3" falsecount="1"/>
        <line num="110" count="4" type="stmt"/>
        <line num="111" count="4" type="cond" truecount="5" falsecount="0"/>
        <line num="112" count="2" type="stmt"/>
        <line num="113" count="2" type="cond" truecount="2" falsecount="0"/>
        <line num="114" count="1" type="stmt"/>
        <line num="116" count="1" type="stmt"/>
        <line num="119" count="5" type="stmt"/>
        <line num="127" count="3" type="stmt"/>
        <line num="128" count="3" type="stmt"/>
        <line num="129" count="3" type="stmt"/>
        <line num="130" count="3" type="cond" truecount="3" falsecount="1"/>
        <line num="131" count="3" type="stmt"/>
        <line num="132" count="3" type="stmt"/>
        <line num="135" count="3" type="stmt"/>
        <line num="136" count="2" type="stmt"/>
        <line num="139" count="3" type="stmt"/>
        <line num="140" count="3" type="stmt"/>
        <line num="146" count="91" type="stmt"/>
        <line num="147" count="49" type="stmt"/>
        <line num="149" count="56" type="cond" truecount="1" falsecount="1"/>
        <line num="150" count="56" type="cond" truecount="1" falsecount="1"/>
        <line num="151" count="56" type="stmt"/>
        <line num="160" count="91" type="cond" truecount="4" falsecount="0"/>
        <line num="161" count="27" type="stmt"/>
        <line num="201" count="64" type="cond" truecount="4" falsecount="0"/>
        <line num="202" count="9" type="stmt"/>
        <line num="216" count="0" type="stmt"/>
        <line num="247" count="55" type="stmt"/>
        <line num="290" count="2" type="stmt"/>
        <line num="305" count="1" type="stmt"/>
        <line num="306" count="1" type="stmt"/>
        <line num="389" count="4" type="stmt"/>
        <line num="456" count="113" type="stmt"/>
        <line num="460" count="6" type="cond" truecount="4" falsecount="0"/>
        <line num="501" count="113" type="stmt"/>
        <line num="502" count="113" type="cond" truecount="2" falsecount="0"/>
      </file>
    </package>
    <package name="components.RoomSelect">
      <metrics statements="162" coveredstatements="154" conditionals="128" coveredconditionals="101" methods="15" coveredmethods="14"/>
      <file name="RoomSelectApp.jsx" path="/Users/miya/Documents/GitHub/daishin_kaihatu_project/src/components/RoomSelect/RoomSelectApp.jsx">
        <metrics statements="162" coveredstatements="154" conditionals="128" coveredconditionals="101" methods="15" coveredmethods="14"/>
        <line num="4" count="1" type="stmt"/>
        <line num="5" count="80" type="stmt"/>
        <line num="6" count="80" type="stmt"/>
        <line num="7" count="80" type="stmt"/>
        <line num="8" count="80" type="stmt"/>
        <line num="9" count="80" type="stmt"/>
        <line num="10" count="80" type="stmt"/>
        <line num="11" count="80" type="stmt"/>
        <line num="12" count="80" type="stmt"/>
        <line num="14" count="80" type="stmt"/>
        <line num="15" count="7" type="stmt"/>
        <line num="16" count="7" type="stmt"/>
        <line num="17" count="7" type="cond" truecount="1" falsecount="1"/>
        <line num="18" count="7" type="stmt"/>
        <line num="19" count="1" type="stmt"/>
        <line num="20" count="1" type="stmt"/>
        <line num="24" count="80" type="stmt"/>
        <line num="25" count="30" type="stmt"/>
        <line num="27" count="30" type="stmt"/>
        <line num="28" count="30" type="stmt"/>
        <line num="30" count="30" type="cond" truecount="2" falsecount="0"/>
        <line num="31" count="1" type="stmt"/>
        <line num="32" count="1" type="stmt"/>
        <line num="33" count="1" type="stmt"/>
        <line num="36" count="29" type="stmt"/>
        <line num="37" count="29" type="stmt"/>
        <line num="40" count="80" type="stmt"/>
        <line num="41" count="29" type="stmt"/>
        <line num="42" count="29" type="cond" truecount="2" falsecount="0"/>
        <line num="43" count="2" type="stmt"/>
        <line num="44" count="2" type="cond" truecount="2" falsecount="0"/>
        <line num="45" count="1" type="stmt"/>
        <line num="49" count="29" type="cond" truecount="4" falsecount="0"/>
        <line num="50" count="2" type="stmt"/>
        <line num="51" count="2" type="stmt"/>
        <line num="52" count="2" type="stmt"/>
        <line num="55" count="27" type="stmt"/>
        <line num="57" count="27" type="stmt"/>
        <line num="58" count="27" type="cond" truecount="2" falsecount="0"/>
        <line num="59" count="2" type="stmt"/>
        <line num="60" count="2" type="stmt"/>
        <line num="61" count="2" type="stmt"/>
        <line num="64" count="27" type="cond" truecount="2" falsecount="0"/>
        <line num="65" count="25" type="stmt"/>
        <line num="66" count="25" type="stmt"/>
        <line num="67" count="25" type="stmt"/>
        <line num="69" count="25" type="cond" truecount="5" falsecount="0"/>
        <line num="70" count="15" type="stmt"/>
        <line num="71" count="15" type="stmt"/>
        <line num="72" count="15" type="cond" truecount="2" falsecount="0"/>
        <line num="73" count="14" type="stmt"/>
        <line num="74" count="14" type="stmt"/>
        <line num="75" count="14" type="stmt"/>
        <line num="77" count="14" type="stmt"/>
        <line num="78" count="14" type="stmt"/>
        <line num="87" count="13" type="stmt"/>
        <line num="88" count="13" type="stmt"/>
        <line num="89" count="13" type="stmt"/>
        <line num="91" count="10" type="cond" truecount="2" falsecount="0"/>
        <line num="92" count="1" type="stmt"/>
        <line num="95" count="9" type="stmt"/>
        <line num="96" count="9" type="cond" truecount="2" falsecount="0"/>
        <line num="97" count="1" type="cond" truecount="1" falsecount="1"/>
        <line num="100" count="8" type="cond" truecount="2" falsecount="1"/>
        <line num="102" count="29" type="cond" truecount="3" falsecount="0"/>
        <line num="104" count="29" type="cond" truecount="1" falsecount="1"/>
        <line num="105" count="0" type="stmt"/>
        <line num="108" count="8" type="stmt"/>
        <line num="109" count="8" type="stmt"/>
        <line num="110" count="8" type="stmt"/>
        <line num="111" count="8" type="stmt"/>
        <line num="112" count="8" type="stmt"/>
        <line num="115" count="4" type="stmt"/>
        <line num="116" count="4" type="stmt"/>
        <line num="118" count="3" type="cond" truecount="1" falsecount="1"/>
        <line num="119" count="0" type="stmt"/>
        <line num="122" count="3" type="stmt"/>
        <line num="123" count="3" type="cond" truecount="1" falsecount="1"/>
        <line num="124" count="0" type="cond" truecount="0" falsecount="2"/>
        <line num="127" count="3" type="stmt"/>
        <line num="128" count="3" type="cond" truecount="1" falsecount="1"/>
        <line num="129" count="3" type="stmt"/>
        <line num="138" count="3" type="cond" truecount="3" falsecount="1"/>
        <line num="139" count="4" type="cond" truecount="1" falsecount="1"/>
        <line num="140" count="0" type="stmt"/>
        <line num="143" count="3" type="stmt"/>
        <line num="144" count="3" type="stmt"/>
        <line num="145" count="3" type="stmt"/>
        <line num="146" count="3" type="stmt"/>
        <line num="147" count="3" type="stmt"/>
        <line num="150" count="1" type="stmt"/>
        <line num="152" count="26" type="stmt"/>
        <line num="156" count="80" type="stmt"/>
        <line num="157" count="1" type="stmt"/>
        <line num="158" count="1" type="stmt"/>
        <line num="159" count="1" type="stmt"/>
        <line num="160" count="1" type="cond" truecount="1" falsecount="1"/>
        <line num="162" count="1" type="stmt"/>
        <line num="163" count="1" type="cond" truecount="1" falsecount="1"/>
        <line num="164" count="1" type="cond" truecount="1" falsecount="2"/>
        <line num="165" count="1" type="cond" truecount="3" falsecount="1"/>
        <line num="166" count="0" type="stmt"/>
        <line num="167" count="0" type="stmt"/>
        <line num="175" count="80" type="stmt"/>
        <line num="177" count="4" type="cond" truecount="2" falsecount="0"/>
        <line num="178" count="3" type="stmt"/>
        <line num="179" count="3" type="stmt"/>
        <line num="182" count="1" type="cond" truecount="1" falsecount="2"/>
        <line num="183" count="4" type="stmt"/>
        <line num="184" count="4" type="cond" truecount="2" falsecount="0"/>
        <line num="185" count="1" type="stmt"/>
        <line num="187" count="1" type="stmt"/>
        <line num="192" count="80" type="stmt"/>
        <line num="193" count="1" type="stmt"/>
        <line num="196" count="80" type="stmt"/>
        <line num="197" count="4" type="cond" truecount="1" falsecount="1"/>
        <line num="198" count="0" type="stmt"/>
        <line num="199" count="0" type="stmt"/>
        <line num="202" count="4" type="stmt"/>
        <line num="203" count="4" type="cond" truecount="2" falsecount="0"/>
        <line num="204" count="1" type="stmt"/>
        <line num="205" count="1" type="stmt"/>
        <line num="208" count="3" type="stmt"/>
        <line num="209" count="3" type="stmt"/>
        <line num="211" count="3" type="stmt"/>
        <line num="217" count="3" type="stmt"/>
        <line num="225" count="3" type="cond" truecount="2" falsecount="0"/>
        <line num="227" count="2" type="stmt"/>
        <line num="229" count="2" type="cond" truecount="2" falsecount="0"/>
        <line num="230" count="1" type="stmt"/>
        <line num="231" count="1" type="stmt"/>
        <line num="233" count="1" type="cond" truecount="1" falsecount="1"/>
        <line num="236" count="2" type="stmt"/>
        <line num="241" count="80" type="stmt"/>
        <line num="242" count="30" type="stmt"/>
        <line num="243" count="30" type="cond" truecount="2" falsecount="0"/>
        <line num="248" count="80" type="cond" truecount="2" falsecount="0"/>
        <line num="249" count="43" type="stmt"/>
        <line num="279" count="37" type="cond" truecount="2" falsecount="0"/>
        <line num="280" count="4" type="stmt"/>
        <line num="307" count="33" type="stmt"/>
        <line num="345" count="76" type="stmt"/>
        <line num="346" count="76" type="cond" truecount="2" falsecount="0"/>
        <line num="349" count="76" type="cond" truecount="2" falsecount="0"/>
        <line num="350" count="22" type="stmt"/>
        <line num="351" count="22" type="stmt"/>
        <line num="352" count="22" type="stmt"/>
        <line num="353" count="54" type="cond" truecount="2" falsecount="0"/>
        <line num="354" count="30" type="stmt"/>
        <line num="355" count="30" type="stmt"/>
        <line num="356" count="30" type="cond" truecount="2" falsecount="0"/>
        <line num="360" count="24" type="stmt"/>
        <line num="361" count="24" type="stmt"/>
        <line num="362" count="24" type="stmt"/>
        <line num="366" count="76" type="stmt"/>
        <line num="367" count="76" type="cond" truecount="2" falsecount="0"/>
        <line num="368" count="22" type="stmt"/>
        <line num="369" count="54" type="cond" truecount="2" falsecount="0"/>
        <line num="370" count="30" type="stmt"/>
        <line num="372" count="24" type="stmt"/>
        <line num="375" count="76" type="stmt"/>
        <line num="385" count="4" type="stmt"/>
      </file>
    </package>
    <package name="utils">
      <metrics statements="42" coveredstatements="38" conditionals="25" coveredconditionals="15" methods="6" coveredmethods="6"/>
      <file name="gasClient.js" path="/Users/miya/Documents/GitHub/daishin_kaihatu_project/src/utils/gasClient.js">
        <metrics statements="42" coveredstatements="38" conditionals="25" coveredconditionals="15" methods="6" coveredmethods="6"/>
        <line num="8" count="1" type="cond" truecount="1" falsecount="1"/>
        <line num="17" count="1" type="stmt"/>
        <line num="18" count="5" type="stmt"/>
        <line num="19" count="5" type="stmt"/>
        <line num="25" count="1" type="stmt"/>
        <line num="36" count="1" type="stmt"/>
        <line num="37" count="2" type="cond" truecount="1" falsecount="1"/>
        <line num="38" count="2" type="stmt"/>
        <line num="39" count="2" type="stmt"/>
        <line num="41" count="2" type="cond" truecount="2" falsecount="0"/>
        <line num="42" count="1" type="stmt"/>
        <line num="45" count="1" type="stmt"/>
        <line num="56" count="1" type="stmt"/>
        <line num="57" count="1" type="cond" truecount="1" falsecount="1"/>
        <line num="58" count="1" type="stmt"/>
        <line num="59" count="1" type="stmt"/>
        <line num="61" count="1" type="cond" truecount="1" falsecount="1"/>
        <line num="62" count="0" type="stmt"/>
        <line num="65" count="1" type="stmt"/>
        <line num="77" count="1" type="stmt"/>
        <line num="78" count="1" type="cond" truecount="1" falsecount="1"/>
        <line num="79" count="1" type="stmt"/>
        <line num="80" count="1" type="stmt"/>
        <line num="82" count="1" type="cond" truecount="1" falsecount="1"/>
        <line num="83" count="0" type="stmt"/>
        <line num="86" count="1" type="stmt"/>
        <line num="100" count="1" type="stmt"/>
        <line num="101" count="1" type="cond" truecount="1" falsecount="1"/>
        <line num="102" count="1" type="stmt"/>
        <line num="109" count="1" type="stmt"/>
        <line num="110" count="1" type="stmt"/>
        <line num="112" count="1" type="cond" truecount="1" falsecount="1"/>
        <line num="113" count="0" type="stmt"/>
        <line num="116" count="1" type="stmt"/>
        <line num="129" count="1" type="stmt"/>
        <line num="130" count="1" type="cond" truecount="1" falsecount="1"/>
        <line num="131" count="1" type="stmt"/>
        <line num="137" count="1" type="stmt"/>
        <line num="138" count="1" type="stmt"/>
        <line num="140" count="1" type="cond" truecount="1" falsecount="1"/>
        <line num="141" count="0" type="stmt"/>
        <line num="144" count="1" type="stmt"/>
      </file>
    </package>
  </project>
</coverage>
