<?xml version="1.0" encoding="UTF-8"?>
<coverage generated="1774962004785" clover="3.2.0">
  <project timestamp="1774962004786" name="All files">
    <metrics statements="959" coveredstatements="925" conditionals="965" coveredconditionals="825" methods="151" coveredmethods="136" elements="2075" coveredelements="1886" complexity="0" loc="959" ncloc="959" packages="7" files="19" classes="19"/>
    <package name="components.MeterReading">
      <metrics statements="119" coveredstatements="115" conditionals="109" coveredconditionals="89" methods="33" coveredmethods="22"/>
      <file name="MeterReadingApp.tsx" path="/Users/miya/Documents/GitHub/daishin_kaihatu_project/src/components/MeterReading/MeterReadingApp.tsx">
        <metrics statements="119" coveredstatements="115" conditionals="109" coveredconditionals="89" methods="33" coveredmethods="22"/>
        <line num="17" count="1" type="stmt"/>
        <line num="29" count="134" type="stmt"/>
        <line num="31" count="134" type="stmt"/>
        <line num="43" count="134" type="stmt"/>
        <line num="50" count="134" type="stmt"/>
        <line num="60" count="134" type="stmt"/>
        <line num="63" count="134" type="stmt"/>
        <line num="64" count="43" type="stmt"/>
        <line num="65" count="43" type="stmt"/>
        <line num="66" count="43" type="stmt"/>
        <line num="67" count="72" type="cond" truecount="1" falsecount="1"/>
        <line num="68" count="72" type="stmt"/>
        <line num="71" count="43" type="cond" truecount="1" falsecount="1"/>
        <line num="72" count="43" type="stmt"/>
        <line num="76" count="134" type="stmt"/>
        <line num="77" count="8" type="stmt"/>
        <line num="79" count="8" type="stmt"/>
        <line num="80" count="12" type="stmt"/>
        <line num="81" count="12" type="stmt"/>
        <line num="82" count="12" type="cond" truecount="1" falsecount="1"/>
        <line num="84" count="12" type="cond" truecount="5" falsecount="0"/>
        <line num="85" count="5" type="stmt"/>
        <line num="86" count="5" type="cond" truecount="3" falsecount="1"/>
        <line num="87" count="5" type="stmt"/>
        <line num="94" count="5" type="stmt"/>
        <line num="104" count="8" type="cond" truecount="1" falsecount="1"/>
        <line num="105" count="8" type="cond" truecount="4" falsecount="0"/>
        <line num="106" count="2" type="stmt"/>
        <line num="107" count="2" type="cond" truecount="3" falsecount="1"/>
        <line num="108" count="2" type="stmt"/>
        <line num="115" count="2" type="stmt"/>
        <line num="123" count="8" type="stmt"/>
        <line num="126" count="134" type="stmt"/>
        <line num="128" count="27" type="stmt"/>
        <line num="129" count="27" type="stmt"/>
        <line num="130" count="27" type="stmt"/>
        <line num="132" count="27" type="cond" truecount="2" falsecount="0"/>
        <line num="133" count="7" type="stmt"/>
        <line num="134" count="7" type="stmt"/>
        <line num="138" count="20" type="cond" truecount="4" falsecount="0"/>
        <line num="139" count="2" type="stmt"/>
        <line num="140" count="2" type="stmt"/>
        <line num="142" count="18" type="stmt"/>
        <line num="143" count="18" type="stmt"/>
        <line num="144" count="18" type="stmt"/>
        <line num="147" count="18" type="cond" truecount="1" falsecount="1"/>
        <line num="148" count="18" type="cond" truecount="1" falsecount="1"/>
        <line num="149" count="18" type="cond" truecount="1" falsecount="1"/>
        <line num="151" count="18" type="stmt"/>
        <line num="158" count="18" type="stmt"/>
        <line num="159" count="0" type="stmt"/>
        <line num="160" count="0" type="cond" truecount="0" falsecount="2"/>
        <line num="174" count="134" type="stmt"/>
        <line num="176" count="10" type="stmt"/>
        <line num="177" count="10" type="stmt"/>
        <line num="178" count="10" type="stmt"/>
        <line num="180" count="10" type="cond" truecount="1" falsecount="1"/>
        <line num="181" count="0" type="stmt"/>
        <line num="185" count="0" type="stmt"/>
        <line num="186" count="10" type="cond" truecount="4" falsecount="0"/>
        <line num="187" count="1" type="stmt"/>
        <line num="191" count="1" type="stmt"/>
        <line num="193" count="9" type="stmt"/>
        <line num="194" count="9" type="stmt"/>
        <line num="203" count="134" type="stmt"/>
        <line num="204" count="10" type="cond" truecount="4" falsecount="0"/>
        <line num="205" count="1" type="stmt"/>
        <line num="206" count="1" type="stmt"/>
        <line num="210" count="9" type="stmt"/>
        <line num="211" count="9" type="stmt"/>
        <line num="212" count="13" type="stmt"/>
        <line num="213" count="13" type="stmt"/>
        <line num="214" count="13" type="cond" truecount="1" falsecount="1"/>
        <line num="216" count="13" type="cond" truecount="4" falsecount="1"/>
        <line num="217" count="1" type="stmt"/>
        <line num="218" count="1" type="stmt"/>
        <line num="222" count="9" type="cond" truecount="2" falsecount="0"/>
        <line num="223" count="1" type="stmt"/>
        <line num="224" count="1" type="stmt"/>
        <line num="227" count="8" type="stmt"/>
        <line num="229" count="8" type="cond" truecount="2" falsecount="0"/>
        <line num="230" count="1" type="stmt"/>
        <line num="231" count="1" type="stmt"/>
        <line num="234" count="7" type="stmt"/>
        <line num="236" count="7" type="stmt"/>
        <line num="237" count="7" type="cond" truecount="1" falsecount="1"/>
        <line num="238" count="10" type="stmt"/>
        <line num="244" count="10" type="stmt"/>
        <line num="246" count="10" type="stmt"/>
        <line num="251" count="7" type="cond" truecount="2" falsecount="0"/>
        <line num="252" count="1" type="cond" truecount="1" falsecount="1"/>
        <line num="254" count="6" type="cond" truecount="2" falsecount="0"/>
        <line num="255" count="1" type="stmt"/>
        <line num="260" count="5" type="stmt"/>
        <line num="262" count="5" type="cond" truecount="2" falsecount="0"/>
        <line num="263" count="4" type="stmt"/>
        <line num="264" count="4" type="stmt"/>
        <line num="267" count="4" type="stmt"/>
        <line num="270" count="4" type="cond" truecount="2" falsecount="0"/>
        <line num="271" count="1" type="stmt"/>
        <line num="276" count="1" type="cond" truecount="1" falsecount="1"/>
        <line num="279" count="3" type="cond" truecount="1" falsecount="1"/>
        <line num="280" count="3" type="stmt"/>
        <line num="282" count="7" type="stmt"/>
        <line num="298" count="134" type="stmt"/>
        <line num="301" count="134" type="cond" truecount="2" falsecount="0"/>
        <line num="302" count="4" type="stmt"/>
        <line num="306" count="1" type="stmt"/>
        <line num="325" count="130" type="cond" truecount="2" falsecount="0"/>
        <line num="326" count="4" type="stmt"/>
        <line num="330" count="1" type="stmt"/>
        <line num="351" count="126" type="cond" truecount="3" falsecount="0"/>
        <line num="355" count="114" type="cond" truecount="3" falsecount="0"/>
        <line num="359" count="134" type="stmt"/>
        <line num="364" count="1" type="stmt"/>
        <line num="385" count="1" type="stmt"/>
        <line num="386" count="1" type="stmt"/>
        <line num="405" count="1" type="stmt"/>
        <line num="406" count="1" type="stmt"/>
      </file>
    </package>
    <package name="components.MeterReading.components">
      <metrics statements="56" coveredstatements="56" conditionals="115" coveredconditionals="96" methods="13" coveredmethods="13"/>
      <file name="InitialReadingForm.tsx" path="/Users/miya/Documents/GitHub/daishin_kaihatu_project/src/components/MeterReading/components/InitialReadingForm.tsx">
        <metrics statements="3" coveredstatements="3" conditionals="8" coveredconditionals="5" methods="2" coveredmethods="2"/>
        <line num="8" count="1" type="stmt"/>
        <line num="9" count="28" type="stmt"/>
        <line num="55" count="10" type="stmt"/>
      </file>
      <file name="LoadingOverlay.tsx" path="/Users/miya/Documents/GitHub/daishin_kaihatu_project/src/components/MeterReading/components/LoadingOverlay.tsx">
        <metrics statements="2" coveredstatements="2" conditionals="1" coveredconditionals="1" methods="1" coveredmethods="1"/>
        <line num="5" count="2" type="cond" truecount="1" falsecount="0"/>
        <line num="6" count="6" type="stmt"/>
      </file>
      <file name="NavigationButtons.tsx" path="/Users/miya/Documents/GitHub/daishin_kaihatu_project/src/components/MeterReading/components/NavigationButtons.tsx">
        <metrics statements="6" coveredstatements="6" conditionals="31" coveredconditionals="27" methods="1" coveredmethods="1"/>
        <line num="10" count="2" type="stmt"/>
        <line num="19" count="232" type="cond" truecount="2" falsecount="0"/>
        <line num="24" count="232" type="cond" truecount="2" falsecount="0"/>
        <line num="28" count="232" type="cond" truecount="2" falsecount="0"/>
        <line num="29" count="99" type="stmt"/>
        <line num="59" count="133" type="stmt"/>
      </file>
      <file name="PropertyInfoHeader.tsx" path="/Users/miya/Documents/GitHub/daishin_kaihatu_project/src/components/MeterReading/components/PropertyInfoHeader.tsx">
        <metrics statements="2" coveredstatements="2" conditionals="4" coveredconditionals="4" methods="1" coveredmethods="1"/>
        <line num="6" count="1" type="stmt"/>
        <line num="7" count="126" type="stmt"/>
      </file>
      <file name="ReadingHistoryTable.tsx" path="/Users/miya/Documents/GitHub/daishin_kaihatu_project/src/components/MeterReading/components/ReadingHistoryTable.tsx">
        <metrics statements="40" coveredstatements="40" conditionals="69" coveredconditionals="57" methods="7" coveredmethods="7"/>
        <line num="16" count="1" type="stmt"/>
        <line num="23" count="98" type="stmt"/>
        <line num="24" count="187" type="stmt"/>
        <line num="25" count="187" type="cond" truecount="3" falsecount="1"/>
        <line num="26" count="187" type="stmt"/>
        <line num="27" count="187" type="cond" truecount="4" falsecount="0"/>
        <line num="28" count="183" type="stmt"/>
        <line num="29" count="183" type="stmt"/>
        <line num="30" count="183" type="cond" truecount="3" falsecount="1"/>
        <line num="31" count="183" type="stmt"/>
        <line num="32" count="183" type="cond" truecount="1" falsecount="1"/>
        <line num="35" count="187" type="stmt"/>
        <line num="37" count="187" type="cond" truecount="4" falsecount="0"/>
        <line num="38" count="183" type="stmt"/>
        <line num="39" count="183" type="cond" truecount="3" falsecount="1"/>
        <line num="40" count="183" type="stmt"/>
        <line num="41" count="183" type="stmt"/>
        <line num="42" count="183" type="cond" truecount="3" falsecount="1"/>
        <line num="43" count="183" type="stmt"/>
        <line num="44" count="183" type="cond" truecount="1" falsecount="1"/>
        <line num="47" count="183" type="stmt"/>
        <line num="49" count="187" type="cond" truecount="4" falsecount="0"/>
        <line num="50" count="183" type="stmt"/>
        <line num="52" count="187" type="stmt"/>
        <line num="55" count="98" type="stmt"/>
        <line num="57" count="187" type="cond" truecount="3" falsecount="0"/>
        <line num="60" count="98" type="stmt"/>
        <line num="73" count="187" type="stmt"/>
        <line num="74" count="187" type="stmt"/>
        <line num="75" count="187" type="stmt"/>
        <line num="77" count="187" type="cond" truecount="2" falsecount="0"/>
        <line num="80" count="187" type="cond" truecount="2" falsecount="0"/>
        <line num="84" count="187" type="cond" truecount="2" falsecount="0"/>
        <line num="85" count="187" type="stmt"/>
        <line num="87" count="187" type="stmt"/>
        <line num="116" count="27" type="stmt"/>
        <line num="135" count="187" type="stmt"/>
        <line num="136" count="187" type="stmt"/>
        <line num="137" count="187" type="stmt"/>
        <line num="173" count="553" type="stmt"/>
      </file>
      <file name="ToastOverlay.tsx" path="/Users/miya/Documents/GitHub/daishin_kaihatu_project/src/components/MeterReading/components/ToastOverlay.tsx">
        <metrics statements="3" coveredstatements="3" conditionals="2" coveredconditionals="2" methods="1" coveredmethods="1"/>
        <line num="6" count="2" type="stmt"/>
        <line num="7" count="130" type="cond" truecount="2" falsecount="0"/>
        <line num="9" count="14" type="stmt"/>
      </file>
    </package>
    <package name="components.MeterReading.hooks">
      <metrics statements="289" coveredstatements="277" conditionals="210" coveredconditionals="177" methods="32" coveredmethods="30"/>
      <file name="useMeterReadings.ts" path="/Users/miya/Documents/GitHub/daishin_kaihatu_project/src/components/MeterReading/hooks/useMeterReadings.ts">
        <metrics statements="124" coveredstatements="121" conditionals="99" coveredconditionals="81" methods="14" coveredmethods="14"/>
        <line num="7" count="1" type="stmt"/>
        <line num="8" count="80" type="stmt"/>
        <line num="9" count="80" type="stmt"/>
        <line num="10" count="80" type="stmt"/>
        <line num="11" count="80" type="stmt"/>
        <line num="12" count="80" type="stmt"/>
        <line num="13" count="80" type="stmt"/>
        <line num="14" count="80" type="stmt"/>
        <line num="15" count="80" type="stmt"/>
        <line num="17" count="80" type="stmt"/>
        <line num="18" count="26" type="stmt"/>
        <line num="21" count="80" type="stmt"/>
        <line num="22" count="26" type="stmt"/>
        <line num="23" count="26" type="cond" truecount="2" falsecount="0"/>
        <line num="24" count="1" type="stmt"/>
        <line num="25" count="1" type="stmt"/>
        <line num="26" count="1" type="stmt"/>
        <line num="28" count="25" type="stmt"/>
        <line num="31" count="80" type="stmt"/>
        <line num="32" count="2" type="stmt"/>
        <line num="37" count="80" type="stmt"/>
        <line num="39" count="22" type="cond" truecount="1" falsecount="1"/>
        <line num="40" count="22" type="cond" truecount="1" falsecount="1"/>
        <line num="41" count="0" type="stmt"/>
        <line num="42" count="0" type="stmt"/>
        <line num="43" count="0" type="stmt"/>
        <line num="46" count="22" type="stmt"/>
        <line num="47" count="22" type="stmt"/>
        <line num="48" count="2" type="stmt"/>
        <line num="49" count="2" type="stmt"/>
        <line num="52" count="22" type="stmt"/>
        <line num="53" count="38" type="stmt"/>
        <line num="54" count="38" type="stmt"/>
        <line num="55" count="38" type="stmt"/>
        <line num="57" count="35" type="cond" truecount="2" falsecount="0"/>
        <line num="58" count="8" type="cond" truecount="4" falsecount="0"/>
        <line num="59" count="4" type="stmt"/>
        <line num="60" count="4" type="stmt"/>
        <line num="61" count="4" type="stmt"/>
        <line num="63" count="4" type="stmt"/>
        <line num="68" count="27" type="stmt"/>
        <line num="69" count="27" type="cond" truecount="2" falsecount="0"/>
        <line num="70" count="3" type="cond" truecount="1" falsecount="1"/>
        <line num="73" count="24" type="stmt"/>
        <line num="74" count="24" type="cond" truecount="2" falsecount="0"/>
        <line num="77" count="21" type="cond" truecount="2" falsecount="0"/>
        <line num="82" count="13" type="cond" truecount="1" falsecount="1"/>
        <line num="83" count="13" type="cond" truecount="1" falsecount="1"/>
        <line num="84" count="13" type="cond" truecount="1" falsecount="1"/>
        <line num="85" count="8" type="cond" truecount="2" falsecount="0"/>
        <line num="86" count="2" type="cond" truecount="4" falsecount="0"/>
        <line num="87" count="1" type="cond" truecount="1" falsecount="2"/>
        <line num="88" count="1" type="cond" truecount="1" falsecount="2"/>
        <line num="90" count="1" type="stmt"/>
        <line num="91" count="1" type="stmt"/>
        <line num="93" count="2" type="stmt"/>
        <line num="95" count="6" type="stmt"/>
        <line num="98" count="15" type="cond" truecount="1" falsecount="1"/>
        <line num="99" count="38" type="stmt"/>
        <line num="100" count="38" type="cond" truecount="1" falsecount="1"/>
        <line num="101" count="38" type="stmt"/>
        <line num="103" count="38" type="cond" truecount="4" falsecount="0"/>
        <line num="104" count="12" type="stmt"/>
        <line num="107" count="12" type="stmt"/>
        <line num="109" count="3" type="stmt"/>
        <line num="112" count="15" type="stmt"/>
        <line num="113" count="15" type="cond" truecount="2" falsecount="0"/>
        <line num="114" count="15" type="stmt"/>
        <line num="116" count="19" type="cond" truecount="2" falsecount="0"/>
        <line num="117" count="7" type="cond" truecount="1" falsecount="1"/>
        <line num="118" count="7" type="stmt"/>
        <line num="119" count="7" type="cond" truecount="2" falsecount="0"/>
        <line num="120" count="1" type="stmt"/>
        <line num="122" count="6" type="cond" truecount="4" falsecount="0"/>
        <line num="123" count="1" type="stmt"/>
        <line num="126" count="7" type="stmt"/>
        <line num="127" count="7" type="stmt"/>
        <line num="128" count="7" type="cond" truecount="2" falsecount="0"/>
        <line num="129" count="7" type="stmt"/>
        <line num="137" count="80" type="stmt"/>
        <line num="139" count="5" type="stmt"/>
        <line num="140" count="5" type="cond" truecount="1" falsecount="1"/>
        <line num="141" count="5" type="stmt"/>
        <line num="142" count="5" type="stmt"/>
        <line num="143" count="5" type="cond" truecount="2" falsecount="0"/>
        <line num="145" count="4" type="stmt"/>
        <line num="146" count="4" type="cond" truecount="4" falsecount="0"/>
        <line num="147" count="3" type="stmt"/>
        <line num="148" count="3" type="stmt"/>
        <line num="149" count="3" type="cond" truecount="1" falsecount="1"/>
        <line num="150" count="3" type="cond" truecount="1" falsecount="1"/>
        <line num="152" count="3" type="cond" truecount="4" falsecount="0"/>
        <line num="153" count="1" type="stmt"/>
        <line num="155" count="2" type="stmt"/>
        <line num="158" count="1" type="stmt"/>
        <line num="161" count="2" type="stmt"/>
        <line num="168" count="80" type="stmt"/>
        <line num="169" count="51" type="stmt"/>
        <line num="170" count="2" type="cond" truecount="5" falsecount="0"/>
        <line num="171" count="1" type="stmt"/>
        <line num="173" count="1" type="stmt"/>
        <line num="176" count="51" type="stmt"/>
        <line num="177" count="51" type="stmt"/>
        <line num="181" count="80" type="stmt"/>
        <line num="182" count="51" type="cond" truecount="2" falsecount="0"/>
        <line num="184" count="25" type="stmt"/>
        <line num="185" count="25" type="stmt"/>
        <line num="186" count="25" type="stmt"/>
        <line num="188" count="25" type="cond" truecount="4" falsecount="0"/>
        <line num="189" count="1" type="stmt"/>
        <line num="190" count="1" type="stmt"/>
        <line num="191" count="1" type="stmt"/>
        <line num="194" count="24" type="stmt"/>
        <line num="195" count="24" type="cond" truecount="2" falsecount="0"/>
        <line num="196" count="1" type="cond" truecount="1" falsecount="1"/>
        <line num="197" count="1" type="stmt"/>
        <line num="198" count="1" type="stmt"/>
        <line num="201" count="23" type="stmt"/>
        <line num="202" count="23" type="cond" truecount="2" falsecount="0"/>
        <line num="203" count="1" type="cond" truecount="1" falsecount="1"/>
        <line num="204" count="1" type="stmt"/>
        <line num="205" count="1" type="stmt"/>
        <line num="208" count="22" type="stmt"/>
        <line num="211" count="80" type="stmt"/>
      </file>
      <file name="useReadingUpdate.ts" path="/Users/miya/Documents/GitHub/daishin_kaihatu_project/src/components/MeterReading/hooks/useReadingUpdate.ts">
        <metrics statements="56" coveredstatements="56" conditionals="42" coveredconditionals="37" methods="3" coveredmethods="3"/>
        <line num="17" count="7" type="cond" truecount="5" falsecount="0"/>
        <line num="18" count="5" type="stmt"/>
        <line num="21" count="1" type="stmt"/>
        <line num="29" count="21" type="stmt"/>
        <line num="30" count="21" type="stmt"/>
        <line num="32" count="21" type="stmt"/>
        <line num="34" count="9" type="cond" truecount="4" falsecount="0"/>
        <line num="35" count="2" type="stmt"/>
        <line num="36" count="2" type="stmt"/>
        <line num="39" count="7" type="stmt"/>
        <line num="40" count="7" type="stmt"/>
        <line num="41" count="7" type="stmt"/>
        <line num="43" count="7" type="stmt"/>
        <line num="44" count="7" type="stmt"/>
        <line num="45" count="7" type="stmt"/>
        <line num="46" count="7" type="cond" truecount="2" falsecount="1"/>
        <line num="48" count="7" type="stmt"/>
        <line num="50" count="7" type="cond" truecount="5" falsecount="0"/>
        <line num="51" count="1" type="stmt"/>
        <line num="52" count="1" type="stmt"/>
        <line num="53" count="1" type="stmt"/>
        <line num="56" count="6" type="cond" truecount="5" falsecount="0"/>
        <line num="57" count="5" type="stmt"/>
        <line num="58" count="5" type="cond" truecount="4" falsecount="0"/>
        <line num="59" count="1" type="stmt"/>
        <line num="60" count="1" type="stmt"/>
        <line num="61" count="1" type="stmt"/>
        <line num="64" count="4" type="stmt"/>
        <line num="65" count="4" type="cond" truecount="1" falsecount="1"/>
        <line num="67" count="5" type="stmt"/>
        <line num="75" count="7" type="stmt"/>
        <line num="77" count="7" type="cond" truecount="2" falsecount="0"/>
        <line num="78" count="2" type="stmt"/>
        <line num="79" count="2" type="stmt"/>
        <line num="82" count="5" type="cond" truecount="2" falsecount="0"/>
        <line num="83" count="1" type="stmt"/>
        <line num="84" count="1" type="stmt"/>
        <line num="87" count="4" type="stmt"/>
        <line num="89" count="4" type="stmt"/>
        <line num="90" count="4" type="cond" truecount="1" falsecount="1"/>
        <line num="92" count="9" type="stmt"/>
        <line num="99" count="9" type="stmt"/>
        <line num="100" count="9" type="stmt"/>
        <line num="102" count="3" type="cond" truecount="2" falsecount="0"/>
        <line num="103" count="1" type="stmt"/>
        <line num="108" count="2" type="stmt"/>
        <line num="110" count="2" type="cond" truecount="2" falsecount="0"/>
        <line num="111" count="1" type="stmt"/>
        <line num="112" count="1" type="stmt"/>
        <line num="113" count="1" type="stmt"/>
        <line num="115" count="1" type="cond" truecount="1" falsecount="1"/>
        <line num="118" count="3" type="cond" truecount="1" falsecount="1"/>
        <line num="119" count="3" type="stmt"/>
        <line num="120" count="3" type="stmt"/>
        <line num="122" count="4" type="stmt"/>
        <line num="128" count="21" type="stmt"/>
      </file>
      <file name="useRoomNavigation.ts" path="/Users/miya/Documents/GitHub/daishin_kaihatu_project/src/components/MeterReading/hooks/useRoomNavigation.ts">
        <metrics statements="94" coveredstatements="87" conditionals="64" coveredconditionals="54" methods="10" coveredmethods="9"/>
        <line num="27" count="1" type="stmt"/>
        <line num="33" count="39" type="stmt"/>
        <line num="34" count="39" type="stmt"/>
        <line num="35" count="39" type="stmt"/>
        <line num="37" count="39" type="stmt"/>
        <line num="38" count="18" type="stmt"/>
        <line num="39" count="18" type="stmt"/>
        <line num="40" count="18" type="cond" truecount="4" falsecount="0"/>
        <line num="42" count="14" type="stmt"/>
        <line num="43" count="26" type="stmt"/>
        <line num="46" count="14" type="stmt"/>
        <line num="47" count="14" type="stmt"/>
        <line num="48" count="12" type="stmt"/>
        <line num="49" count="12" type="cond" truecount="4" falsecount="0"/>
        <line num="50" count="10" type="stmt"/>
        <line num="51" count="10" type="stmt"/>
        <line num="56" count="13" type="stmt"/>
        <line num="57" count="13" type="stmt"/>
        <line num="58" count="13" type="stmt"/>
        <line num="59" count="13" type="cond" truecount="4" falsecount="0"/>
        <line num="60" count="10" type="stmt"/>
        <line num="61" count="10" type="stmt"/>
        <line num="65" count="13" type="stmt"/>
        <line num="72" count="1" type="stmt"/>
        <line num="76" count="39" type="stmt"/>
        <line num="78" count="6" type="cond" truecount="2" falsecount="0"/>
        <line num="79" count="6" type="cond" truecount="2" falsecount="0"/>
        <line num="81" count="5" type="stmt"/>
        <line num="82" count="9" type="stmt"/>
        <line num="83" count="9" type="stmt"/>
        <line num="84" count="9" type="stmt"/>
        <line num="85" count="3" type="cond" truecount="1" falsecount="1"/>
        <line num="86" count="0" type="cond" truecount="0" falsecount="4"/>
        <line num="87" count="0" type="stmt"/>
        <line num="88" count="0" type="stmt"/>
        <line num="90" count="0" type="stmt"/>
        <line num="92" count="3" type="stmt"/>
        <line num="94" count="3" type="cond" truecount="5" falsecount="0"/>
        <line num="95" count="2" type="stmt"/>
        <line num="96" count="1" type="cond" truecount="1" falsecount="1"/>
        <line num="97" count="0" type="stmt"/>
        <line num="98" count="1" type="cond" truecount="3" falsecount="1"/>
        <line num="99" count="1" type="stmt"/>
        <line num="101" count="0" type="stmt"/>
        <line num="103" count="3" type="cond" truecount="4" falsecount="0"/>
        <line num="104" count="2" type="stmt"/>
        <line num="106" count="3" type="stmt"/>
        <line num="108" count="6" type="cond" truecount="2" falsecount="0"/>
        <line num="115" count="39" type="stmt"/>
        <line num="117" count="11" type="cond" truecount="4" falsecount="0"/>
        <line num="119" count="6" type="cond" truecount="2" falsecount="0"/>
        <line num="120" count="11" type="cond" truecount="2" falsecount="0"/>
        <line num="122" count="5" type="stmt"/>
        <line num="123" count="5" type="stmt"/>
        <line num="130" count="5" type="stmt"/>
        <line num="132" count="3" type="cond" truecount="1" falsecount="1"/>
        <line num="133" count="3" type="stmt"/>
        <line num="134" count="3" type="cond" truecount="2" falsecount="0"/>
        <line num="135" count="2" type="stmt"/>
        <line num="136" count="2" type="stmt"/>
        <line num="139" count="1" type="stmt"/>
        <line num="141" count="2" type="stmt"/>
        <line num="147" count="39" type="stmt"/>
        <line num="149" count="5" type="stmt"/>
        <line num="150" count="5" type="stmt"/>
        <line num="151" count="5" type="cond" truecount="1" falsecount="1"/>
        <line num="152" count="5" type="stmt"/>
        <line num="155" count="5" type="stmt"/>
        <line num="158" count="0" type="stmt"/>
        <line num="160" count="5" type="stmt"/>
        <line num="166" count="39" type="stmt"/>
        <line num="168" count="6" type="stmt"/>
        <line num="169" count="6" type="cond" truecount="4" falsecount="0"/>
        <line num="170" count="2" type="stmt"/>
        <line num="171" count="2" type="stmt"/>
        <line num="173" count="4" type="stmt"/>
        <line num="178" count="39" type="stmt"/>
        <line num="180" count="2" type="stmt"/>
        <line num="181" count="2" type="cond" truecount="4" falsecount="0"/>
        <line num="182" count="1" type="stmt"/>
        <line num="183" count="1" type="stmt"/>
        <line num="185" count="1" type="stmt"/>
        <line num="190" count="39" type="stmt"/>
        <line num="192" count="3" type="stmt"/>
        <line num="193" count="3" type="stmt"/>
        <line num="194" count="3" type="stmt"/>
        <line num="195" count="3" type="stmt"/>
        <line num="196" count="3" type="stmt"/>
        <line num="197" count="3" type="stmt"/>
        <line num="198" count="3" type="stmt"/>
        <line num="199" count="3" type="stmt"/>
        <line num="200" count="3" type="stmt"/>
        <line num="202" count="1" type="cond" truecount="1" falsecount="1"/>
        <line num="210" count="39" type="stmt"/>
      </file>
      <file name="useToast.ts" path="/Users/miya/Documents/GitHub/daishin_kaihatu_project/src/components/MeterReading/hooks/useToast.ts">
        <metrics statements="15" coveredstatements="13" conditionals="5" coveredconditionals="5" methods="5" coveredmethods="4"/>
        <line num="9" count="1" type="cond" truecount="1" falsecount="0"/>
        <line num="10" count="134" type="stmt"/>
        <line num="11" count="134" type="stmt"/>
        <line num="12" count="134" type="stmt"/>
        <line num="14" count="134" type="stmt"/>
        <line num="16" count="11" type="stmt"/>
        <line num="17" count="11" type="stmt"/>
        <line num="18" count="11" type="cond" truecount="2" falsecount="0"/>
        <line num="19" count="11" type="stmt"/>
        <line num="20" count="0" type="stmt"/>
        <line num="21" count="0" type="stmt"/>
        <line num="27" count="134" type="stmt"/>
        <line num="28" count="43" type="stmt"/>
        <line num="29" count="43" type="cond" truecount="2" falsecount="0"/>
        <line num="33" count="134" type="stmt"/>
      </file>
    </package>
    <package name="components.MeterReading.utils">
      <metrics statements="150" coveredstatements="145" conditionals="200" coveredconditionals="184" methods="30" coveredmethods="30"/>
      <file name="dateUtils.ts" path="/Users/miya/Documents/GitHub/daishin_kaihatu_project/src/components/MeterReading/utils/dateUtils.ts">
        <metrics statements="34" coveredstatements="32" conditionals="12" coveredconditionals="12" methods="4" coveredmethods="4"/>
        <line num="13" count="4" type="stmt"/>
        <line num="14" count="385" type="cond" truecount="2" falsecount="0"/>
        <line num="15" count="6" type="stmt"/>
        <line num="18" count="379" type="stmt"/>
        <line num="19" count="379" type="stmt"/>
        <line num="20" count="379" type="cond" truecount="2" falsecount="0"/>
        <line num="21" count="1" type="stmt"/>
        <line num="24" count="378" type="stmt"/>
        <line num="30" count="378" type="stmt"/>
        <line num="32" count="0" type="stmt"/>
        <line num="42" count="4" type="stmt"/>
        <line num="43" count="9" type="stmt"/>
        <line num="45" count="9" type="stmt"/>
        <line num="52" count="9" type="stmt"/>
        <line num="63" count="4" type="stmt"/>
        <line num="64" count="5" type="cond" truecount="2" falsecount="0"/>
        <line num="66" count="3" type="stmt"/>
        <line num="67" count="3" type="cond" truecount="4" falsecount="0"/>
        <line num="68" count="1" type="stmt"/>
        <line num="71" count="2" type="stmt"/>
        <line num="72" count="2" type="cond" truecount="2" falsecount="0"/>
        <line num="73" count="1" type="stmt"/>
        <line num="76" count="1" type="stmt"/>
        <line num="83" count="1" type="stmt"/>
        <line num="85" count="0" type="stmt"/>
        <line num="96" count="4" type="stmt"/>
        <line num="97" count="2" type="stmt"/>
        <line num="98" count="2" type="stmt"/>
        <line num="99" count="2" type="stmt"/>
        <line num="100" count="2" type="stmt"/>
        <line num="102" count="2" type="stmt"/>
        <line num="103" count="2" type="stmt"/>
        <line num="104" count="2" type="stmt"/>
        <line num="106" count="2" type="stmt"/>
      </file>
      <file name="formatUtils.ts" path="/Users/miya/Documents/GitHub/daishin_kaihatu_project/src/components/MeterReading/utils/formatUtils.ts">
        <metrics statements="27" coveredstatements="27" conditionals="31" coveredconditionals="31" methods="5" coveredmethods="5"/>
        <line num="15" count="2" type="stmt"/>
        <line num="16" count="564" type="cond" truecount="5" falsecount="0"/>
        <line num="17" count="19" type="stmt"/>
        <line num="19" count="545" type="stmt"/>
        <line num="29" count="2" type="stmt"/>
        <line num="30" count="7" type="cond" truecount="5" falsecount="0"/>
        <line num="31" count="3" type="stmt"/>
        <line num="33" count="4" type="stmt"/>
        <line num="34" count="4" type="cond" truecount="2" falsecount="0"/>
        <line num="35" count="1" type="stmt"/>
        <line num="37" count="3" type="stmt"/>
        <line num="47" count="2" type="stmt"/>
        <line num="48" count="7" type="cond" truecount="7" falsecount="0"/>
        <line num="49" count="4" type="stmt"/>
        <line num="51" count="3" type="stmt"/>
        <line num="69" count="2" type="stmt"/>
        <line num="70" count="192" type="stmt"/>
        <line num="71" count="192" type="cond" truecount="2" falsecount="0"/>
        <line num="85" count="2" type="stmt"/>
        <line num="89" count="225" type="stmt"/>
        <line num="90" count="225" type="stmt"/>
        <line num="92" count="225" type="cond" truecount="2" falsecount="0"/>
        <line num="94" count="214" type="cond" truecount="6" falsecount="0"/>
        <line num="95" count="7" type="stmt"/>
        <line num="98" count="207" type="stmt"/>
        <line num="99" count="207" type="cond" truecount="2" falsecount="0"/>
        <line num="105" count="2" type="stmt"/>
      </file>
      <file name="readingMapper.ts" path="/Users/miya/Documents/GitHub/daishin_kaihatu_project/src/components/MeterReading/utils/readingMapper.ts">
        <metrics statements="33" coveredstatements="33" conditionals="83" coveredconditionals="72" methods="12" coveredmethods="12"/>
        <line num="31" count="2" type="stmt"/>
        <line num="36" count="26" type="cond" truecount="1" falsecount="0"/>
        <line num="38" count="26" type="stmt"/>
        <line num="51" count="26" type="cond" truecount="2" falsecount="0"/>
        <line num="52" count="14" type="stmt"/>
        <line num="55" count="26" type="stmt"/>
        <line num="59" count="26" type="cond" truecount="5" falsecount="0"/>
        <line num="60" count="26" type="cond" truecount="5" falsecount="0"/>
        <line num="64" count="26" type="cond" truecount="4" falsecount="0"/>
        <line num="68" count="26" type="stmt"/>
        <line num="79" count="26" type="cond" truecount="4" falsecount="0"/>
        <line num="83" count="26" type="stmt"/>
        <line num="92" count="26" type="stmt"/>
        <line num="102" count="26" type="cond" truecount="4" falsecount="0"/>
        <line num="103" count="26" type="cond" truecount="2" falsecount="0"/>
        <line num="104" count="26" type="cond" truecount="1" falsecount="1"/>
        <line num="108" count="26" type="cond" truecount="3" falsecount="0"/>
        <line num="112" count="26" type="cond" truecount="3" falsecount="0"/>
        <line num="113" count="26" type="cond" truecount="4" falsecount="0"/>
        <line num="114" count="3" type="cond" truecount="1" falsecount="1"/>
        <line num="118" count="26" type="cond" truecount="4" falsecount="0"/>
        <line num="122" count="14" type="stmt"/>
        <line num="123" count="14" type="stmt"/>
        <line num="124" count="14" type="stmt"/>
        <line num="125" count="14" type="stmt"/>
        <line num="127" count="14" type="cond" truecount="4" falsecount="0"/>
        <line num="128" count="13" type="stmt"/>
        <line num="134" count="13" type="stmt"/>
        <line num="135" count="13" type="stmt"/>
        <line num="136" count="1" type="cond" truecount="2" falsecount="2"/>
        <line num="137" count="1" type="stmt"/>
        <line num="143" count="1" type="stmt"/>
        <line num="144" count="1" type="stmt"/>
      </file>
      <file name="warningFlag.ts" path="/Users/miya/Documents/GitHub/daishin_kaihatu_project/src/components/MeterReading/utils/warningFlag.ts">
        <metrics statements="56" coveredstatements="53" conditionals="74" coveredconditionals="69" methods="9" coveredmethods="9"/>
        <line num="34" count="4" type="stmt"/>
        <line num="35" count="48" type="cond" truecount="4" falsecount="0"/>
        <line num="37" count="134" type="stmt"/>
        <line num="39" count="134" type="stmt"/>
        <line num="40" count="45" type="stmt"/>
        <line num="49" count="4" type="stmt"/>
        <line num="50" count="46" type="cond" truecount="4" falsecount="0"/>
        <line num="51" count="129" type="stmt"/>
        <line num="63" count="4" type="stmt"/>
        <line num="68" count="48" type="stmt"/>
        <line num="69" count="48" type="stmt"/>
        <line num="71" count="48" type="cond" truecount="5" falsecount="0"/>
        <line num="72" count="46" type="stmt"/>
        <line num="74" count="48" type="cond" truecount="2" falsecount="0"/>
        <line num="79" count="42" type="stmt"/>
        <line num="81" count="48" type="cond" truecount="2" falsecount="0"/>
        <line num="86" count="41" type="stmt"/>
        <line num="89" count="48" type="cond" truecount="2" falsecount="0"/>
        <line num="90" count="6" type="stmt"/>
        <line num="98" count="42" type="stmt"/>
        <line num="99" count="42" type="stmt"/>
        <line num="101" count="42" type="stmt"/>
        <line num="103" count="42" type="stmt"/>
        <line num="110" count="0" type="stmt"/>
        <line num="135" count="4" type="stmt"/>
        <line num="141" count="42" type="stmt"/>
        <line num="142" count="42" type="stmt"/>
        <line num="148" count="42" type="cond" truecount="2" falsecount="0"/>
        <line num="156" count="6" type="stmt"/>
        <line num="164" count="36" type="cond" truecount="5" falsecount="0"/>
        <line num="165" count="35" type="cond" truecount="2" falsecount="0"/>
        <line num="166" count="13" type="stmt"/>
        <line num="175" count="23" type="cond" truecount="2" falsecount="0"/>
        <line num="176" count="1" type="stmt"/>
        <line num="184" count="22" type="cond" truecount="2" falsecount="0"/>
        <line num="186" count="42" type="stmt"/>
        <line num="193" count="0" type="stmt"/>
        <line num="221" count="4" type="stmt"/>
        <line num="222" count="191" type="cond" truecount="4" falsecount="0"/>
        <line num="223" count="7" type="cond" truecount="4" falsecount="0"/>
        <line num="224" count="6" type="stmt"/>
        <line num="227" count="1" type="cond" truecount="1" falsecount="1"/>
        <line num="228" count="7" type="cond" truecount="1" falsecount="1"/>
        <line num="229" count="7" type="cond" truecount="1" falsecount="1"/>
        <line num="231" count="7" type="stmt"/>
        <line num="237" count="7" type="stmt"/>
        <line num="240" count="184" type="cond" truecount="4" falsecount="0"/>
        <line num="241" count="182" type="stmt"/>
        <line num="244" count="2" type="cond" truecount="1" falsecount="1"/>
        <line num="245" count="191" type="cond" truecount="1" falsecount="1"/>
        <line num="247" count="191" type="cond" truecount="4" falsecount="0"/>
        <line num="248" count="2" type="stmt"/>
        <line num="249" count="2" type="cond" truecount="2" falsecount="0"/>
        <line num="252" count="0" type="stmt"/>
        <line num="262" count="4" type="stmt"/>
        <line num="263" count="187" type="stmt"/>
      </file>
    </package>
    <package name="components.PropertySelect">
      <metrics statements="105" coveredstatements="102" conditionals="145" coveredconditionals="123" methods="20" coveredmethods="19"/>
      <file name="PropertySelectApp.tsx" path="/Users/miya/Documents/GitHub/daishin_kaihatu_project/src/components/PropertySelect/PropertySelectApp.tsx">
        <metrics statements="105" coveredstatements="102" conditionals="145" coveredconditionals="123" methods="20" coveredmethods="19"/>
        <line num="6" count="1" type="stmt"/>
        <line num="7" count="91" type="stmt"/>
        <line num="8" count="91" type="stmt"/>
        <line num="9" count="91" type="stmt"/>
        <line num="10" count="91" type="stmt"/>
        <line num="11" count="91" type="stmt"/>
        <line num="12" count="91" type="stmt"/>
        <line num="13" count="91" type="stmt"/>
        <line num="14" count="91" type="stmt"/>
        <line num="15" count="91" type="stmt"/>
        <line num="19" count="91" type="stmt"/>
        <line num="21" count="91" type="stmt"/>
        <line num="22" count="113" type="cond" truecount="5" falsecount="0"/>
        <line num="23" count="36" type="stmt"/>
        <line num="24" count="36" type="stmt"/>
        <line num="25" count="36" type="cond" truecount="1" falsecount="1"/>
        <line num="26" count="36" type="stmt"/>
        <line num="27" count="36" type="stmt"/>
        <line num="28" count="36" type="stmt"/>
        <line num="30" count="0" type="stmt"/>
        <line num="34" count="91" type="stmt"/>
        <line num="35" count="27" type="stmt"/>
        <line num="37" count="27" type="stmt"/>
        <line num="38" count="27" type="stmt"/>
        <line num="39" count="27" type="stmt"/>
        <line num="40" count="27" type="stmt"/>
        <line num="42" count="27" type="cond" truecount="4" falsecount="0"/>
        <line num="43" count="5" type="stmt"/>
        <line num="44" count="5" type="stmt"/>
        <line num="45" count="5" type="stmt"/>
        <line num="48" count="22" type="stmt"/>
        <line num="49" count="22" type="stmt"/>
        <line num="50" count="19" type="cond" truecount="5" falsecount="0"/>
        <line num="51" count="27" type="cond" truecount="4" falsecount="0"/>
        <line num="52" count="1" type="stmt"/>
        <line num="54" count="46" type="stmt"/>
        <line num="59" count="18" type="stmt"/>
        <line num="61" count="3" type="cond" truecount="1" falsecount="1"/>
        <line num="62" count="3" type="stmt"/>
        <line num="63" count="3" type="cond" truecount="2" falsecount="0"/>
        <line num="64" count="1" type="stmt"/>
        <line num="67" count="2" type="stmt"/>
        <line num="69" count="3" type="stmt"/>
        <line num="70" count="3" type="stmt"/>
        <line num="72" count="21" type="stmt"/>
        <line num="76" count="27" type="stmt"/>
        <line num="79" count="91" type="stmt"/>
        <line num="80" count="48" type="cond" truecount="4" falsecount="0"/>
        <line num="81" count="18" type="stmt"/>
        <line num="85" count="91" type="stmt"/>
        <line num="86" count="2" type="cond" truecount="4" falsecount="0"/>
        <line num="87" count="1" type="stmt"/>
        <line num="88" count="1" type="stmt"/>
        <line num="89" count="1" type="stmt"/>
        <line num="91" count="1" type="stmt"/>
        <line num="92" count="1" type="stmt"/>
        <line num="96" count="91" type="stmt"/>
        <line num="98" count="6" type="cond" truecount="4" falsecount="1"/>
        <line num="99" count="0" type="stmt"/>
        <line num="101" count="6" type="stmt"/>
        <line num="102" count="6" type="stmt"/>
        <line num="103" count="6" type="stmt"/>
        <line num="105" count="6" type="stmt"/>
        <line num="106" count="6" type="stmt"/>
        <line num="107" count="6" type="stmt"/>
        <line num="108" count="6" type="cond" truecount="2" falsecount="0"/>
        <line num="109" count="5" type="stmt"/>
        <line num="110" count="5" type="cond" truecount="3" falsecount="1"/>
        <line num="112" count="4" type="stmt"/>
        <line num="113" count="4" type="cond" truecount="5" falsecount="0"/>
        <line num="114" count="2" type="stmt"/>
        <line num="115" count="2" type="cond" truecount="2" falsecount="0"/>
        <line num="116" count="1" type="stmt"/>
        <line num="118" count="1" type="stmt"/>
        <line num="121" count="5" type="stmt"/>
        <line num="129" count="3" type="stmt"/>
        <line num="130" count="3" type="stmt"/>
        <line num="131" count="3" type="stmt"/>
        <line num="132" count="3" type="cond" truecount="3" falsecount="1"/>
        <line num="133" count="3" type="stmt"/>
        <line num="134" count="3" type="stmt"/>
        <line num="137" count="3" type="stmt"/>
        <line num="138" count="2" type="stmt"/>
        <line num="141" count="3" type="cond" truecount="1" falsecount="1"/>
        <line num="142" count="3" type="stmt"/>
        <line num="143" count="3" type="stmt"/>
        <line num="149" count="91" type="stmt"/>
        <line num="150" count="49" type="stmt"/>
        <line num="152" count="56" type="cond" truecount="1" falsecount="1"/>
        <line num="153" count="56" type="cond" truecount="1" falsecount="1"/>
        <line num="154" count="56" type="stmt"/>
        <line num="163" count="91" type="cond" truecount="4" falsecount="0"/>
        <line num="164" count="27" type="stmt"/>
        <line num="204" count="64" type="cond" truecount="4" falsecount="0"/>
        <line num="205" count="9" type="stmt"/>
        <line num="219" count="0" type="stmt"/>
        <line num="250" count="55" type="stmt"/>
        <line num="293" count="2" type="stmt"/>
        <line num="308" count="1" type="stmt"/>
        <line num="309" count="1" type="stmt"/>
        <line num="392" count="4" type="stmt"/>
        <line num="459" count="113" type="stmt"/>
        <line num="463" count="6" type="cond" truecount="4" falsecount="0"/>
        <line num="504" count="113" type="stmt"/>
        <line num="505" count="113" type="cond" truecount="2" falsecount="0"/>
      </file>
    </package>
    <package name="components.RoomSelect">
      <metrics statements="169" coveredstatements="159" conditionals="136" coveredconditionals="112" methods="15" coveredmethods="14"/>
      <file name="RoomSelectApp.tsx" path="/Users/miya/Documents/GitHub/daishin_kaihatu_project/src/components/RoomSelect/RoomSelectApp.tsx">
        <metrics statements="169" coveredstatements="159" conditionals="136" coveredconditionals="112" methods="15" coveredmethods="14"/>
        <line num="7" count="1" type="stmt"/>
        <line num="8" count="101" type="stmt"/>
        <line num="9" count="101" type="stmt"/>
        <line num="10" count="101" type="stmt"/>
        <line num="11" count="101" type="stmt"/>
        <line num="12" count="101" type="stmt"/>
        <line num="13" count="101" type="stmt"/>
        <line num="14" count="101" type="stmt"/>
        <line num="15" count="101" type="stmt"/>
        <line num="17" count="101" type="stmt"/>
        <line num="18" count="7" type="stmt"/>
        <line num="19" count="7" type="stmt"/>
        <line num="20" count="7" type="cond" truecount="1" falsecount="1"/>
        <line num="21" count="7" type="stmt"/>
        <line num="22" count="1" type="stmt"/>
        <line num="23" count="1" type="stmt"/>
        <line num="27" count="101" type="stmt"/>
        <line num="28" count="36" type="stmt"/>
        <line num="29" count="36" type="cond" truecount="2" falsecount="0"/>
        <line num="30" count="2" type="stmt"/>
        <line num="31" count="2" type="cond" truecount="2" falsecount="0"/>
        <line num="32" count="1" type="stmt"/>
        <line num="36" count="36" type="cond" truecount="4" falsecount="0"/>
        <line num="37" count="2" type="stmt"/>
        <line num="38" count="2" type="stmt"/>
        <line num="39" count="2" type="stmt"/>
        <line num="42" count="34" type="stmt"/>
        <line num="43" count="34" type="stmt"/>
        <line num="44" count="34" type="cond" truecount="2" falsecount="0"/>
        <line num="45" count="2" type="stmt"/>
        <line num="46" count="2" type="stmt"/>
        <line num="47" count="2" type="stmt"/>
        <line num="50" count="34" type="cond" truecount="2" falsecount="0"/>
        <line num="51" count="32" type="stmt"/>
        <line num="52" count="32" type="stmt"/>
        <line num="53" count="32" type="stmt"/>
        <line num="55" count="32" type="cond" truecount="5" falsecount="0"/>
        <line num="56" count="17" type="stmt"/>
        <line num="57" count="17" type="stmt"/>
        <line num="58" count="17" type="cond" truecount="2" falsecount="0"/>
        <line num="59" count="16" type="stmt"/>
        <line num="60" count="16" type="stmt"/>
        <line num="61" count="16" type="stmt"/>
        <line num="62" count="16" type="stmt"/>
        <line num="63" count="16" type="stmt"/>
        <line num="71" count="18" type="stmt"/>
        <line num="72" count="18" type="stmt"/>
        <line num="73" count="18" type="stmt"/>
        <line num="75" count="11" type="cond" truecount="2" falsecount="0"/>
        <line num="76" count="1" type="stmt"/>
        <line num="79" count="10" type="stmt"/>
        <line num="80" count="10" type="cond" truecount="2" falsecount="0"/>
        <line num="81" count="1" type="cond" truecount="1" falsecount="1"/>
        <line num="84" count="9" type="cond" truecount="2" falsecount="1"/>
        <line num="86" count="36" type="cond" truecount="3" falsecount="0"/>
        <line num="88" count="36" type="cond" truecount="2" falsecount="0"/>
        <line num="89" count="1" type="stmt"/>
        <line num="92" count="8" type="stmt"/>
        <line num="93" count="8" type="stmt"/>
        <line num="94" count="8" type="stmt"/>
        <line num="95" count="8" type="stmt"/>
        <line num="96" count="8" type="stmt"/>
        <line num="98" count="9" type="stmt"/>
        <line num="99" count="9" type="stmt"/>
        <line num="101" count="8" type="cond" truecount="1" falsecount="1"/>
        <line num="102" count="0" type="stmt"/>
        <line num="105" count="8" type="stmt"/>
        <line num="106" count="8" type="cond" truecount="1" falsecount="1"/>
        <line num="107" count="0" type="cond" truecount="0" falsecount="2"/>
        <line num="110" count="8" type="stmt"/>
        <line num="111" count="8" type="cond" truecount="1" falsecount="1"/>
        <line num="112" count="8" type="stmt"/>
        <line num="121" count="8" type="cond" truecount="4" falsecount="0"/>
        <line num="122" count="9" type="cond" truecount="1" falsecount="1"/>
        <line num="123" count="0" type="stmt"/>
        <line num="126" count="8" type="stmt"/>
        <line num="127" count="8" type="stmt"/>
        <line num="128" count="8" type="stmt"/>
        <line num="129" count="8" type="stmt"/>
        <line num="130" count="8" type="stmt"/>
        <line num="133" count="1" type="cond" truecount="1" falsecount="1"/>
        <line num="134" count="1" type="stmt"/>
        <line num="136" count="33" type="stmt"/>
        <line num="140" count="101" type="stmt"/>
        <line num="141" count="1" type="stmt"/>
        <line num="142" count="1" type="stmt"/>
        <line num="143" count="1" type="stmt"/>
        <line num="144" count="1" type="cond" truecount="1" falsecount="1"/>
        <line num="146" count="1" type="stmt"/>
        <line num="147" count="1" type="cond" truecount="1" falsecount="1"/>
        <line num="148" count="1" type="cond" truecount="1" falsecount="2"/>
        <line num="149" count="1" type="cond" truecount="3" falsecount="1"/>
        <line num="150" count="0" type="stmt"/>
        <line num="151" count="0" type="stmt"/>
        <line num="159" count="101" type="stmt"/>
        <line num="160" count="38" type="stmt"/>
        <line num="162" count="38" type="stmt"/>
        <line num="163" count="38" type="stmt"/>
        <line num="165" count="38" type="cond" truecount="2" falsecount="0"/>
        <line num="166" count="2" type="stmt"/>
        <line num="167" count="2" type="stmt"/>
        <line num="168" count="2" type="stmt"/>
        <line num="171" count="36" type="stmt"/>
        <line num="172" count="36" type="cond" truecount="1" falsecount="1"/>
        <line num="173" count="0" type="cond" truecount="0" falsecount="2"/>
        <line num="174" count="0" type="stmt"/>
        <line num="175" count="0" type="stmt"/>
        <line num="178" count="36" type="stmt"/>
        <line num="179" count="36" type="stmt"/>
        <line num="182" count="101" type="stmt"/>
        <line num="184" count="5" type="cond" truecount="2" falsecount="0"/>
        <line num="185" count="3" type="stmt"/>
        <line num="186" count="3" type="stmt"/>
        <line num="189" count="2" type="cond" truecount="2" falsecount="1"/>
        <line num="190" count="5" type="stmt"/>
        <line num="191" count="5" type="cond" truecount="2" falsecount="0"/>
        <line num="192" count="2" type="stmt"/>
        <line num="194" count="2" type="stmt"/>
        <line num="199" count="101" type="stmt"/>
        <line num="200" count="1" type="stmt"/>
        <line num="203" count="101" type="stmt"/>
        <line num="204" count="4" type="cond" truecount="1" falsecount="1"/>
        <line num="205" count="0" type="stmt"/>
        <line num="206" count="0" type="stmt"/>
        <line num="209" count="4" type="stmt"/>
        <line num="210" count="4" type="cond" truecount="2" falsecount="0"/>
        <line num="211" count="1" type="stmt"/>
        <line num="212" count="1" type="stmt"/>
        <line num="215" count="3" type="stmt"/>
        <line num="216" count="3" type="stmt"/>
        <line num="218" count="3" type="stmt"/>
        <line num="224" count="3" type="stmt"/>
        <line num="232" count="3" type="cond" truecount="2" falsecount="0"/>
        <line num="234" count="2" type="stmt"/>
        <line num="236" count="2" type="cond" truecount="2" falsecount="0"/>
        <line num="237" count="1" type="stmt"/>
        <line num="238" count="1" type="stmt"/>
        <line num="240" count="1" type="cond" truecount="1" falsecount="1"/>
        <line num="243" count="2" type="cond" truecount="1" falsecount="1"/>
        <line num="244" count="2" type="stmt"/>
        <line num="248" count="101" type="stmt"/>
        <line num="249" count="38" type="stmt"/>
        <line num="250" count="38" type="cond" truecount="2" falsecount="0"/>
        <line num="255" count="101" type="cond" truecount="2" falsecount="0"/>
        <line num="256" count="56" type="stmt"/>
        <line num="286" count="45" type="cond" truecount="2" falsecount="0"/>
        <line num="287" count="5" type="stmt"/>
        <line num="314" count="40" type="stmt"/>
        <line num="350" count="81" type="stmt"/>
        <line num="351" count="81" type="cond" truecount="2" falsecount="0"/>
        <line num="354" count="81" type="cond" truecount="2" falsecount="0"/>
        <line num="355" count="22" type="stmt"/>
        <line num="356" count="22" type="stmt"/>
        <line num="357" count="22" type="stmt"/>
        <line num="358" count="59" type="cond" truecount="2" falsecount="0"/>
        <line num="359" count="31" type="stmt"/>
        <line num="360" count="31" type="stmt"/>
        <line num="361" count="31" type="cond" truecount="2" falsecount="0"/>
        <line num="365" count="28" type="stmt"/>
        <line num="366" count="28" type="stmt"/>
        <line num="367" count="28" type="stmt"/>
        <line num="371" count="81" type="stmt"/>
        <line num="372" count="81" type="cond" truecount="2" falsecount="0"/>
        <line num="373" count="22" type="stmt"/>
        <line num="374" count="59" type="cond" truecount="2" falsecount="0"/>
        <line num="375" count="31" type="stmt"/>
        <line num="377" count="28" type="stmt"/>
        <line num="380" count="81" type="stmt"/>
        <line num="390" count="5" type="stmt"/>
      </file>
    </package>
    <package name="utils">
      <metrics statements="71" coveredstatements="71" conditionals="50" coveredconditionals="44" methods="8" coveredmethods="8"/>
      <file name="gasClient.ts" path="/Users/miya/Documents/GitHub/daishin_kaihatu_project/src/utils/gasClient.ts">
        <metrics statements="54" coveredstatements="54" conditionals="37" coveredconditionals="31" methods="6" coveredmethods="6"/>
        <line num="10" count="1" type="cond" truecount="1" falsecount="1"/>
        <line num="19" count="1" type="stmt"/>
        <line num="20" count="5" type="stmt"/>
        <line num="21" count="5" type="stmt"/>
        <line num="27" count="1" type="stmt"/>
        <line num="38" count="1" type="stmt"/>
        <line num="39" count="3" type="cond" truecount="1" falsecount="1"/>
        <line num="40" count="3" type="stmt"/>
        <line num="41" count="3" type="stmt"/>
        <line num="43" count="3" type="cond" truecount="2" falsecount="0"/>
        <line num="44" count="2" type="stmt"/>
        <line num="47" count="1" type="stmt"/>
        <line num="58" count="1" type="stmt"/>
        <line num="59" count="3" type="stmt"/>
        <line num="60" count="3" type="cond" truecount="2" falsecount="0"/>
        <line num="62" count="2" type="cond" truecount="1" falsecount="1"/>
        <line num="63" count="3" type="stmt"/>
        <line num="64" count="3" type="stmt"/>
        <line num="66" count="2" type="cond" truecount="2" falsecount="0"/>
        <line num="67" count="1" type="stmt"/>
        <line num="70" count="1" type="stmt"/>
        <line num="82" count="1" type="stmt"/>
        <line num="87" count="4" type="stmt"/>
        <line num="88" count="4" type="cond" truecount="2" falsecount="0"/>
        <line num="90" count="3" type="stmt"/>
        <line num="91" count="3" type="cond" truecount="2" falsecount="0"/>
        <line num="93" count="2" type="cond" truecount="1" falsecount="1"/>
        <line num="94" count="4" type="stmt"/>
        <line num="95" count="4" type="stmt"/>
        <line num="97" count="2" type="cond" truecount="2" falsecount="0"/>
        <line num="98" count="1" type="stmt"/>
        <line num="101" count="1" type="stmt"/>
        <line num="115" count="1" type="stmt"/>
        <line num="121" count="4" type="stmt"/>
        <line num="122" count="4" type="cond" truecount="2" falsecount="0"/>
        <line num="124" count="3" type="stmt"/>
        <line num="125" count="3" type="cond" truecount="2" falsecount="0"/>
        <line num="127" count="2" type="cond" truecount="1" falsecount="1"/>
        <line num="128" count="4" type="stmt"/>
        <line num="135" count="4" type="stmt"/>
        <line num="136" count="4" type="stmt"/>
        <line num="138" count="2" type="cond" truecount="2" falsecount="0"/>
        <line num="139" count="1" type="stmt"/>
        <line num="142" count="1" type="stmt"/>
        <line num="155" count="1" type="stmt"/>
        <line num="160" count="3" type="stmt"/>
        <line num="161" count="3" type="cond" truecount="2" falsecount="0"/>
        <line num="163" count="2" type="cond" truecount="1" falsecount="1"/>
        <line num="164" count="3" type="stmt"/>
        <line num="170" count="3" type="stmt"/>
        <line num="171" count="3" type="stmt"/>
        <line num="173" count="2" type="cond" truecount="2" falsecount="0"/>
        <line num="174" count="1" type="stmt"/>
        <line num="177" count="1" type="stmt"/>
      </file>
      <file name="validateParams.ts" path="/Users/miya/Documents/GitHub/daishin_kaihatu_project/src/utils/validateParams.ts">
        <metrics statements="17" coveredstatements="17" conditionals="13" coveredconditionals="13" methods="2" coveredmethods="2"/>
        <line num="7" count="4" type="stmt"/>
        <line num="10" count="4" type="stmt"/>
        <line num="30" count="127" type="cond" truecount="4" falsecount="0"/>
        <line num="31" count="7" type="stmt"/>
        <line num="34" count="120" type="stmt"/>
        <line num="36" count="120" type="cond" truecount="2" falsecount="0"/>
        <line num="37" count="9" type="stmt"/>
        <line num="40" count="111" type="cond" truecount="2" falsecount="0"/>
        <line num="41" count="1" type="stmt"/>
        <line num="44" count="110" type="cond" truecount="2" falsecount="0"/>
        <line num="45" count="7" type="stmt"/>
        <line num="48" count="103" type="stmt"/>
        <line num="58" count="4" type="stmt"/>
        <line num="59" count="5" type="stmt"/>
        <line num="60" count="5" type="cond" truecount="2" falsecount="0"/>
        <line num="61" count="2" type="stmt"/>
        <line num="64" count="2" type="stmt"/>
      </file>
    </package>
  </project>
</coverage>
