{"/Users/miya/Documents/GitHub/daishin_kaihatu_project/src/components/MeterReading/MeterReadingApp.jsx": {"path":"/Users/miya/Documents/GitHub/daishin_kaihatu_project/src/components/MeterReading/MeterReadingApp.jsx","statementMap":{"0":{"start":{"line":16,"column":24},"end":{"line":764,"column":null}},"1":{"start":{"line":29,"column":2},"end":{"line":29,"column":null}},"2":{"start":{"line":31,"column":24},"end":{"line":31,"column":null}},"3":{"start":{"line":33,"column":8},"end":{"line":41,"column":null}},"4":{"start":{"line":34,"column":4},"end":{"line":34,"column":null}},"5":{"start":{"line":35,"column":4},"end":{"line":35,"column":null}},"6":{"start":{"line":36,"column":4},"end":{"line":36,"column":null}},"7":{"start":{"line":36,"column":31},"end":{"line":36,"column":null}},"8":{"start":{"line":37,"column":4},"end":{"line":40,"column":null}},"9":{"start":{"line":38,"column":6},"end":{"line":38,"column":null}},"10":{"start":{"line":39,"column":6},"end":{"line":39,"column":null}},"11":{"start":{"line":43,"column":2},"end":{"line":47,"column":null}},"12":{"start":{"line":44,"column":4},"end":{"line":46,"column":null}},"13":{"start":{"line":45,"column":6},"end":{"line":45,"column":null}},"14":{"start":{"line":45,"column":33},"end":{"line":45,"column":null}},"15":{"start":{"line":49,"column":38},"end":{"line":49,"column":null}},"16":{"start":{"line":50,"column":32},"end":{"line":50,"column":null}},"17":{"start":{"line":63,"column":2},"end":{"line":70,"column":null}},"18":{"start":{"line":72,"column":67},"end":{"line":80,"column":null}},"19":{"start":{"line":83,"column":40},"end":{"line":83,"column":null}},"20":{"start":{"line":86,"column":2},"end":{"line":101,"column":null}},"21":{"start":{"line":87,"column":26},"end":{"line":87,"column":null}},"22":{"start":{"line":88,"column":4},"end":{"line":93,"column":null}},"23":{"start":{"line":89,"column":19},"end":{"line":89,"column":null}},"24":{"start":{"line":90,"column":6},"end":{"line":92,"column":null}},"25":{"start":{"line":91,"column":8},"end":{"line":91,"column":null}},"26":{"start":{"line":95,"column":4},"end":{"line":97,"column":null}},"27":{"start":{"line":96,"column":6},"end":{"line":96,"column":null}},"28":{"start":{"line":98,"column":4},"end":{"line":100,"column":null}},"29":{"start":{"line":99,"column":6},"end":{"line":99,"column":null}},"30":{"start":{"line":99,"column":34},"end":{"line":99,"column":64}},"31":{"start":{"line":103,"column":8},"end":{"line":133,"column":null}},"32":{"start":{"line":104,"column":16},"end":{"line":104,"column":null}},"33":{"start":{"line":105,"column":4},"end":{"line":116,"column":null}},"34":{"start":{"line":106,"column":17},"end":{"line":106,"column":null}},"35":{"start":{"line":107,"column":6},"end":{"line":114,"column":null}},"36":{"start":{"line":108,"column":21},"end":{"line":108,"column":null}},"37":{"start":{"line":109,"column":25},"end":{"line":109,"column":null}},"38":{"start":{"line":110,"column":8},"end":{"line":113,"column":null}},"39":{"start":{"line":111,"column":23},"end":{"line":111,"column":null}},"40":{"start":{"line":112,"column":10},"end":{"line":112,"column":null}},"41":{"start":{"line":115,"column":6},"end":{"line":115,"column":null}},"42":{"start":{"line":117,"column":4},"end":{"line":128,"column":null}},"43":{"start":{"line":118,"column":17},"end":{"line":118,"column":null}},"44":{"start":{"line":119,"column":6},"end":{"line":126,"column":null}},"45":{"start":{"line":120,"column":25},"end":{"line":120,"column":null}},"46":{"start":{"line":121,"column":29},"end":{"line":121,"column":null}},"47":{"start":{"line":122,"column":8},"end":{"line":125,"column":null}},"48":{"start":{"line":123,"column":23},"end":{"line":123,"column":null}},"49":{"start":{"line":124,"column":10},"end":{"line":124,"column":null}},"50":{"start":{"line":127,"column":6},"end":{"line":127,"column":null}},"51":{"start":{"line":129,"column":4},"end":{"line":131,"column":null}},"52":{"start":{"line":130,"column":6},"end":{"line":130,"column":null}},"53":{"start":{"line":132,"column":4},"end":{"line":132,"column":null}},"54":{"start":{"line":135,"column":8},"end":{"line":183,"column":null}},"55":{"start":{"line":136,"column":21},"end":{"line":136,"column":null}},"56":{"start":{"line":138,"column":4},"end":{"line":160,"column":null}},"57":{"start":{"line":139,"column":19},"end":{"line":139,"column":null}},"58":{"start":{"line":140,"column":12},"end":{"line":140,"column":null}},"59":{"start":{"line":141,"column":27},"end":{"line":141,"column":null}},"60":{"start":{"line":143,"column":6},"end":{"line":159,"column":null}},"61":{"start":{"line":144,"column":29},"end":{"line":144,"column":null}},"62":{"start":{"line":145,"column":8},"end":{"line":158,"column":null}},"63":{"start":{"line":146,"column":33},"end":{"line":151,"column":null}},"64":{"start":{"line":153,"column":10},"end":{"line":157,"column":null}},"65":{"start":{"line":163,"column":25},"end":{"line":163,"column":null}},"66":{"start":{"line":164,"column":4},"end":{"line":180,"column":null}},"67":{"start":{"line":165,"column":27},"end":{"line":165,"column":null}},"68":{"start":{"line":166,"column":6},"end":{"line":179,"column":null}},"69":{"start":{"line":167,"column":31},"end":{"line":172,"column":null}},"70":{"start":{"line":174,"column":8},"end":{"line":178,"column":null}},"71":{"start":{"line":182,"column":4},"end":{"line":182,"column":null}},"72":{"start":{"line":185,"column":8},"end":{"line":231,"column":null}},"73":{"start":{"line":187,"column":6},"end":{"line":187,"column":null}},"74":{"start":{"line":187,"column":34},"end":{"line":187,"column":61}},"75":{"start":{"line":188,"column":12},"end":{"line":188,"column":null}},"76":{"start":{"line":189,"column":27},"end":{"line":189,"column":null}},"77":{"start":{"line":191,"column":6},"end":{"line":228,"column":null}},"78":{"start":{"line":192,"column":8},"end":{"line":192,"column":null}},"79":{"start":{"line":192,"column":34},"end":{"line":192,"column":58}},"80":{"start":{"line":193,"column":8},"end":{"line":196,"column":null}},"81":{"start":{"line":193,"column":34},"end":{"line":196,"column":10}},"82":{"start":{"line":197,"column":6},"end":{"line":228,"column":null}},"83":{"start":{"line":198,"column":8},"end":{"line":198,"column":null}},"84":{"start":{"line":198,"column":34},"end":{"line":198,"column":67}},"85":{"start":{"line":199,"column":8},"end":{"line":199,"column":null}},"86":{"start":{"line":199,"column":34},"end":{"line":199,"column":59}},"87":{"start":{"line":201,"column":8},"end":{"line":201,"column":null}},"88":{"start":{"line":201,"column":34},"end":{"line":201,"column":58}},"89":{"start":{"line":202,"column":14},"end":{"line":202,"column":null}},"90":{"start":{"line":203,"column":8},"end":{"line":203,"column":null}},"91":{"start":{"line":203,"column":34},"end":{"line":203,"column":68}},"92":{"start":{"line":206,"column":37},"end":{"line":206,"column":null}},"93":{"start":{"line":207,"column":45},"end":{"line":207,"column":null}},"94":{"start":{"line":208,"column":47},"end":{"line":208,"column":null}},"95":{"start":{"line":210,"column":14},"end":{"line":215,"column":null}},"96":{"start":{"line":217,"column":8},"end":{"line":227,"column":null}},"97":{"start":{"line":218,"column":10},"end":{"line":226,"column":null}},"98":{"start":{"line":219,"column":12},"end":{"line":225,"column":null}},"99":{"start":{"line":233,"column":8},"end":{"line":260,"column":null}},"100":{"start":{"line":235,"column":35},"end":{"line":235,"column":null}},"101":{"start":{"line":236,"column":6},"end":{"line":236,"column":null}},"102":{"start":{"line":236,"column":34},"end":{"line":236,"column":57}},"103":{"start":{"line":237,"column":27},"end":{"line":237,"column":null}},"104":{"start":{"line":239,"column":6},"end":{"line":257,"column":null}},"105":{"start":{"line":240,"column":8},"end":{"line":243,"column":null}},"106":{"start":{"line":240,"column":34},"end":{"line":243,"column":10}},"107":{"start":{"line":244,"column":8},"end":{"line":244,"column":null}},"108":{"start":{"line":244,"column":34},"end":{"line":244,"column":75}},"109":{"start":{"line":245,"column":6},"end":{"line":257,"column":null}},"110":{"start":{"line":246,"column":8},"end":{"line":249,"column":null}},"111":{"start":{"line":246,"column":34},"end":{"line":249,"column":10}},"112":{"start":{"line":250,"column":8},"end":{"line":250,"column":null}},"113":{"start":{"line":250,"column":34},"end":{"line":250,"column":75}},"114":{"start":{"line":252,"column":8},"end":{"line":252,"column":null}},"115":{"start":{"line":252,"column":34},"end":{"line":252,"column":74}},"116":{"start":{"line":253,"column":8},"end":{"line":256,"column":null}},"117":{"start":{"line":253,"column":34},"end":{"line":256,"column":10}},"118":{"start":{"line":262,"column":8},"end":{"line":351,"column":null}},"119":{"start":{"line":263,"column":4},"end":{"line":266,"column":null}},"120":{"start":{"line":264,"column":6},"end":{"line":264,"column":null}},"121":{"start":{"line":265,"column":6},"end":{"line":265,"column":null}},"122":{"start":{"line":269,"column":30},"end":{"line":269,"column":null}},"123":{"start":{"line":270,"column":4},"end":{"line":279,"column":null}},"124":{"start":{"line":271,"column":19},"end":{"line":271,"column":null}},"125":{"start":{"line":272,"column":12},"end":{"line":272,"column":null}},"126":{"start":{"line":273,"column":27},"end":{"line":273,"column":null}},"127":{"start":{"line":275,"column":6},"end":{"line":278,"column":null}},"128":{"start":{"line":276,"column":8},"end":{"line":276,"column":null}},"129":{"start":{"line":276,"column":34},"end":{"line":276,"column":76}},"130":{"start":{"line":277,"column":8},"end":{"line":277,"column":null}},"131":{"start":{"line":281,"column":4},"end":{"line":284,"column":null}},"132":{"start":{"line":282,"column":6},"end":{"line":282,"column":null}},"133":{"start":{"line":283,"column":6},"end":{"line":283,"column":null}},"134":{"start":{"line":286,"column":28},"end":{"line":286,"column":null}},"135":{"start":{"line":288,"column":4},"end":{"line":291,"column":null}},"136":{"start":{"line":289,"column":6},"end":{"line":289,"column":null}},"137":{"start":{"line":290,"column":6},"end":{"line":290,"column":null}},"138":{"start":{"line":293,"column":4},"end":{"line":293,"column":null}},"139":{"start":{"line":295,"column":4},"end":{"line":341,"column":null}},"140":{"start":{"line":296,"column":28},"end":{"line":296,"column":null}},"141":{"start":{"line":297,"column":21},"end":{"line":302,"column":null}},"142":{"start":{"line":303,"column":25},"end":{"line":303,"column":null}},"143":{"start":{"line":305,"column":44},"end":{"line":308,"column":null}},"144":{"start":{"line":310,"column":6},"end":{"line":312,"column":null}},"145":{"start":{"line":311,"column":8},"end":{"line":311,"column":null}},"146":{"start":{"line":313,"column":6},"end":{"line":317,"column":null}},"147":{"start":{"line":314,"column":8},"end":{"line":316,"column":null}},"148":{"start":{"line":319,"column":21},"end":{"line":319,"column":null}},"149":{"start":{"line":321,"column":6},"end":{"line":336,"column":null}},"150":{"start":{"line":322,"column":8},"end":{"line":322,"column":null}},"151":{"start":{"line":323,"column":8},"end":{"line":323,"column":null}},"152":{"start":{"line":326,"column":35},"end":{"line":328,"column":null}},"153":{"start":{"line":329,"column":8},"end":{"line":333,"column":null}},"154":{"start":{"line":330,"column":10},"end":{"line":332,"column":null}},"155":{"start":{"line":335,"column":8},"end":{"line":335,"column":null}},"156":{"start":{"line":338,"column":6},"end":{"line":338,"column":null}},"157":{"start":{"line":340,"column":6},"end":{"line":340,"column":null}},"158":{"start":{"line":353,"column":21},"end":{"line":353,"column":null}},"159":{"start":{"line":356,"column":2},"end":{"line":377,"column":null}},"160":{"start":{"line":357,"column":4},"end":{"line":375,"column":null}},"161":{"start":{"line":361,"column":27},"end":{"line":361,"column":null}},"162":{"start":{"line":380,"column":2},"end":{"line":403,"column":null}},"163":{"start":{"line":381,"column":4},"end":{"line":401,"column":null}},"164":{"start":{"line":385,"column":27},"end":{"line":385,"column":null}},"165":{"start":{"line":406,"column":4},"end":{"line":411,"column":null}},"166":{"start":{"line":410,"column":8},"end":{"line":410,"column":null}},"167":{"start":{"line":414,"column":2},"end":{"line":762,"column":null}},"168":{"start":{"line":419,"column":25},"end":{"line":419,"column":null}},"169":{"start":{"line":443,"column":34},"end":{"line":443,"column":null}},"170":{"start":{"line":444,"column":30},"end":{"line":444,"column":null}},"171":{"start":{"line":465,"column":26},"end":{"line":467,"column":null}},"172":{"start":{"line":470,"column":30},"end":{"line":470,"column":null}},"173":{"start":{"line":471,"column":30},"end":{"line":471,"column":null}},"174":{"start":{"line":472,"column":53},"end":{"line":472,"column":null}},"175":{"start":{"line":474,"column":26},"end":{"line":475,"column":null}},"176":{"start":{"line":478,"column":26},"end":{"line":483,"column":null}},"177":{"start":{"line":485,"column":51},"end":{"line":485,"column":null}},"178":{"start":{"line":486,"column":53},"end":{"line":486,"column":null}},"179":{"start":{"line":488,"column":24},"end":{"line":605,"column":null}},"180":{"start":{"line":525,"column":34},"end":{"line":525,"column":null}},"181":{"start":{"line":545,"column":38},"end":{"line":545,"column":null}},"182":{"start":{"line":546,"column":38},"end":{"line":546,"column":null}},"183":{"start":{"line":547,"column":32},"end":{"line":581,"column":null}},"184":{"start":{"line":589,"column":36},"end":{"line":598,"column":null}},"185":{"start":{"line":615,"column":36},"end":{"line":615,"column":null}},"186":{"start":{"line":616,"column":32},"end":{"line":616,"column":null}},"187":{"start":{"line":670,"column":41},"end":{"line":670,"column":null}}},"fnMap":{"0":{"name":"(anonymous_0)","decl":{"start":{"line":16,"column":24},"end":{"line":16,"column":30}},"loc":{"start":{"line":16,"column":30},"end":{"line":764,"column":null}},"line":16},"1":{"name":"(anonymous_1)","decl":{"start":{"line":33,"column":35},"end":{"line":33,"column":36}},"loc":{"start":{"line":33,"column":48},"end":{"line":41,"column":5}},"line":33},"2":{"name":"(anonymous_2)","decl":{"start":{"line":37,"column":39},"end":{"line":37,"column":45}},"loc":{"start":{"line":37,"column":45},"end":{"line":40,"column":7}},"line":37},"3":{"name":"(anonymous_3)","decl":{"start":{"line":43,"column":18},"end":{"line":43,"column":24}},"loc":{"start":{"line":43,"column":24},"end":{"line":47,"column":5}},"line":43},"4":{"name":"(anonymous_4)","decl":{"start":{"line":44,"column":11},"end":{"line":44,"column":17}},"loc":{"start":{"line":44,"column":17},"end":{"line":46,"column":null}},"line":44},"5":{"name":"(anonymous_5)","decl":{"start":{"line":86,"column":18},"end":{"line":86,"column":24}},"loc":{"start":{"line":86,"column":24},"end":{"line":101,"column":5}},"line":86},"6":{"name":"(anonymous_6)","decl":{"start":{"line":88,"column":26},"end":{"line":88,"column":27}},"loc":{"start":{"line":88,"column":39},"end":{"line":93,"column":5}},"line":88},"7":{"name":"(anonymous_7)","decl":{"start":{"line":99,"column":23},"end":{"line":99,"column":24}},"loc":{"start":{"line":99,"column":34},"end":{"line":99,"column":64}},"line":99},"8":{"name":"(anonymous_8)","decl":{"start":{"line":103,"column":46},"end":{"line":103,"column":47}},"loc":{"start":{"line":103,"column":53},"end":{"line":133,"column":5}},"line":103},"9":{"name":"(anonymous_9)","decl":{"start":{"line":135,"column":47},"end":{"line":135,"column":53}},"loc":{"start":{"line":135,"column":53},"end":{"line":183,"column":5}},"line":135},"10":{"name":"(anonymous_10)","decl":{"start":{"line":186,"column":4},"end":{"line":186,"column":5}},"loc":{"start":{"line":186,"column":30},"end":{"line":229,"column":null}},"line":186},"11":{"name":"(anonymous_11)","decl":{"start":{"line":187,"column":23},"end":{"line":187,"column":24}},"loc":{"start":{"line":187,"column":34},"end":{"line":187,"column":61}},"line":187},"12":{"name":"(anonymous_12)","decl":{"start":{"line":192,"column":23},"end":{"line":192,"column":24}},"loc":{"start":{"line":192,"column":34},"end":{"line":192,"column":58}},"line":192},"13":{"name":"(anonymous_13)","decl":{"start":{"line":193,"column":23},"end":{"line":193,"column":24}},"loc":{"start":{"line":193,"column":34},"end":{"line":196,"column":10}},"line":193},"14":{"name":"(anonymous_14)","decl":{"start":{"line":198,"column":23},"end":{"line":198,"column":24}},"loc":{"start":{"line":198,"column":34},"end":{"line":198,"column":67}},"line":198},"15":{"name":"(anonymous_15)","decl":{"start":{"line":199,"column":23},"end":{"line":199,"column":24}},"loc":{"start":{"line":199,"column":34},"end":{"line":199,"column":59}},"line":199},"16":{"name":"(anonymous_16)","decl":{"start":{"line":201,"column":23},"end":{"line":201,"column":24}},"loc":{"start":{"line":201,"column":34},"end":{"line":201,"column":58}},"line":201},"17":{"name":"(anonymous_17)","decl":{"start":{"line":203,"column":23},"end":{"line":203,"column":24}},"loc":{"start":{"line":203,"column":34},"end":{"line":203,"column":68}},"line":203},"18":{"name":"(anonymous_18)","decl":{"start":{"line":217,"column":25},"end":{"line":217,"column":26}},"loc":{"start":{"line":218,"column":10},"end":{"line":226,"column":null}},"line":218},"19":{"name":"(anonymous_19)","decl":{"start":{"line":218,"column":27},"end":{"line":218,"column":28}},"loc":{"start":{"line":219,"column":12},"end":{"line":225,"column":null}},"line":219},"20":{"name":"(anonymous_20)","decl":{"start":{"line":234,"column":4},"end":{"line":234,"column":5}},"loc":{"start":{"line":234,"column":15},"end":{"line":258,"column":null}},"line":234},"21":{"name":"(anonymous_21)","decl":{"start":{"line":236,"column":23},"end":{"line":236,"column":24}},"loc":{"start":{"line":236,"column":34},"end":{"line":236,"column":57}},"line":236},"22":{"name":"(anonymous_22)","decl":{"start":{"line":240,"column":23},"end":{"line":240,"column":24}},"loc":{"start":{"line":240,"column":34},"end":{"line":243,"column":10}},"line":240},"23":{"name":"(anonymous_23)","decl":{"start":{"line":244,"column":23},"end":{"line":244,"column":24}},"loc":{"start":{"line":244,"column":34},"end":{"line":244,"column":75}},"line":244},"24":{"name":"(anonymous_24)","decl":{"start":{"line":246,"column":23},"end":{"line":246,"column":24}},"loc":{"start":{"line":246,"column":34},"end":{"line":249,"column":10}},"line":246},"25":{"name":"(anonymous_25)","decl":{"start":{"line":250,"column":23},"end":{"line":250,"column":24}},"loc":{"start":{"line":250,"column":34},"end":{"line":250,"column":75}},"line":250},"26":{"name":"(anonymous_26)","decl":{"start":{"line":252,"column":23},"end":{"line":252,"column":24}},"loc":{"start":{"line":252,"column":34},"end":{"line":252,"column":74}},"line":252},"27":{"name":"(anonymous_27)","decl":{"start":{"line":253,"column":23},"end":{"line":253,"column":24}},"loc":{"start":{"line":253,"column":34},"end":{"line":256,"column":10}},"line":253},"28":{"name":"(anonymous_28)","decl":{"start":{"line":262,"column":43},"end":{"line":262,"column":55}},"loc":{"start":{"line":262,"column":55},"end":{"line":342,"column":5}},"line":262},"29":{"name":"(anonymous_29)","decl":{"start":{"line":276,"column":23},"end":{"line":276,"column":24}},"loc":{"start":{"line":276,"column":34},"end":{"line":276,"column":76}},"line":276},"30":{"name":"(anonymous_30)","decl":{"start":{"line":361,"column":21},"end":{"line":361,"column":27}},"loc":{"start":{"line":361,"column":27},"end":{"line":361,"column":null}},"line":361},"31":{"name":"(anonymous_31)","decl":{"start":{"line":385,"column":21},"end":{"line":385,"column":27}},"loc":{"start":{"line":385,"column":27},"end":{"line":385,"column":null}},"line":385},"32":{"name":"(anonymous_32)","decl":{"start":{"line":409,"column":6},"end":{"line":409,"column":7}},"loc":{"start":{"line":410,"column":8},"end":{"line":410,"column":null}},"line":410},"33":{"name":"(anonymous_33)","decl":{"start":{"line":419,"column":19},"end":{"line":419,"column":25}},"loc":{"start":{"line":419,"column":25},"end":{"line":419,"column":null}},"line":419},"34":{"name":"(anonymous_34)","decl":{"start":{"line":443,"column":28},"end":{"line":443,"column":34}},"loc":{"start":{"line":443,"column":34},"end":{"line":443,"column":null}},"line":443},"35":{"name":"(anonymous_35)","decl":{"start":{"line":444,"column":24},"end":{"line":444,"column":30}},"loc":{"start":{"line":444,"column":30},"end":{"line":444,"column":null}},"line":444},"36":{"name":"(anonymous_36)","decl":{"start":{"line":464,"column":24},"end":{"line":464,"column":25}},"loc":{"start":{"line":465,"column":26},"end":{"line":467,"column":null}},"line":465},"37":{"name":"(anonymous_37)","decl":{"start":{"line":469,"column":27},"end":{"line":469,"column":28}},"loc":{"start":{"line":469,"column":47},"end":{"line":607,"column":23}},"line":469},"38":{"name":"(anonymous_38)","decl":{"start":{"line":524,"column":42},"end":{"line":524,"column":43}},"loc":{"start":{"line":525,"column":34},"end":{"line":525,"column":null}},"line":525},"39":{"name":"(anonymous_39)","decl":{"start":{"line":544,"column":32},"end":{"line":544,"column":38}},"loc":{"start":{"line":544,"column":38},"end":{"line":583,"column":33}},"line":544},"40":{"name":"(anonymous_40)","decl":{"start":{"line":588,"column":60},"end":{"line":588,"column":61}},"loc":{"start":{"line":589,"column":36},"end":{"line":598,"column":null}},"line":589},"41":{"name":"(anonymous_41)","decl":{"start":{"line":615,"column":30},"end":{"line":615,"column":36}},"loc":{"start":{"line":615,"column":36},"end":{"line":615,"column":null}},"line":615},"42":{"name":"(anonymous_42)","decl":{"start":{"line":616,"column":26},"end":{"line":616,"column":32}},"loc":{"start":{"line":616,"column":32},"end":{"line":616,"column":null}},"line":616},"43":{"name":"(anonymous_43)","decl":{"start":{"line":670,"column":34},"end":{"line":670,"column":35}},"loc":{"start":{"line":670,"column":41},"end":{"line":670,"column":null}},"line":670}},"branchMap":{"0":{"loc":{"start":{"line":36,"column":4},"end":{"line":36,"column":null}},"type":"if","locations":[{"start":{"line":36,"column":4},"end":{"line":36,"column":null}},{"start":{},"end":{}}],"line":36},"1":{"loc":{"start":{"line":45,"column":6},"end":{"line":45,"column":null}},"type":"if","locations":[{"start":{"line":45,"column":6},"end":{"line":45,"column":null}},{"start":{},"end":{}}],"line":45},"2":{"loc":{"start":{"line":90,"column":6},"end":{"line":92,"column":null}},"type":"if","locations":[{"start":{"line":90,"column":6},"end":{"line":92,"column":null}},{"start":{},"end":{}}],"line":90},"3":{"loc":{"start":{"line":95,"column":4},"end":{"line":97,"column":null}},"type":"if","locations":[{"start":{"line":95,"column":4},"end":{"line":97,"column":null}},{"start":{},"end":{}}],"line":95},"4":{"loc":{"start":{"line":98,"column":4},"end":{"line":100,"column":null}},"type":"if","locations":[{"start":{"line":98,"column":4},"end":{"line":100,"column":null}},{"start":{},"end":{}}],"line":98},"5":{"loc":{"start":{"line":105,"column":4},"end":{"line":116,"column":null}},"type":"if","locations":[{"start":{"line":105,"column":4},"end":{"line":116,"column":null}},{"start":{},"end":{}}],"line":105},"6":{"loc":{"start":{"line":105,"column":8},"end":{"line":105,"column":58}},"type":"binary-expr","locations":[{"start":{"line":105,"column":8},"end":{"line":105,"column":29}},{"start":{"line":105,"column":29},"end":{"line":105,"column":58}}],"line":105},"7":{"loc":{"start":{"line":107,"column":6},"end":{"line":114,"column":null}},"type":"if","locations":[{"start":{"line":107,"column":6},"end":{"line":114,"column":null}},{"start":{},"end":{}}],"line":107},"8":{"loc":{"start":{"line":107,"column":10},"end":{"line":107,"column":76}},"type":"binary-expr","locations":[{"start":{"line":107,"column":10},"end":{"line":107,"column":39}},{"start":{"line":107,"column":39},"end":{"line":107,"column":76}}],"line":107},"9":{"loc":{"start":{"line":110,"column":8},"end":{"line":113,"column":null}},"type":"if","locations":[{"start":{"line":110,"column":8},"end":{"line":113,"column":null}},{"start":{},"end":{}}],"line":110},"10":{"loc":{"start":{"line":110,"column":12},"end":{"line":110,"column":46}},"type":"binary-expr","locations":[{"start":{"line":110,"column":12},"end":{"line":110,"column":28}},{"start":{"line":110,"column":28},"end":{"line":110,"column":46}}],"line":110},"11":{"loc":{"start":{"line":112,"column":23},"end":{"line":112,"column":43}},"type":"cond-expr","locations":[{"start":{"line":112,"column":35},"end":{"line":112,"column":41}},{"start":{"line":112,"column":41},"end":{"line":112,"column":43}}],"line":112},"12":{"loc":{"start":{"line":117,"column":4},"end":{"line":128,"column":null}},"type":"if","locations":[{"start":{"line":117,"column":4},"end":{"line":128,"column":null}},{"start":{},"end":{}}],"line":117},"13":{"loc":{"start":{"line":117,"column":8},"end":{"line":117,"column":74}},"type":"binary-expr","locations":[{"start":{"line":117,"column":8},"end":{"line":117,"column":37}},{"start":{"line":117,"column":37},"end":{"line":117,"column":74}}],"line":117},"14":{"loc":{"start":{"line":119,"column":6},"end":{"line":126,"column":null}},"type":"if","locations":[{"start":{"line":119,"column":6},"end":{"line":126,"column":null}},{"start":{},"end":{}}],"line":119},"15":{"loc":{"start":{"line":119,"column":10},"end":{"line":119,"column":66}},"type":"binary-expr","locations":[{"start":{"line":119,"column":10},"end":{"line":119,"column":34}},{"start":{"line":119,"column":34},"end":{"line":119,"column":66}}],"line":119},"16":{"loc":{"start":{"line":122,"column":8},"end":{"line":125,"column":null}},"type":"if","locations":[{"start":{"line":122,"column":8},"end":{"line":125,"column":null}},{"start":{},"end":{}}],"line":122},"17":{"loc":{"start":{"line":122,"column":12},"end":{"line":122,"column":54}},"type":"binary-expr","locations":[{"start":{"line":122,"column":12},"end":{"line":122,"column":32}},{"start":{"line":122,"column":32},"end":{"line":122,"column":54}}],"line":122},"18":{"loc":{"start":{"line":124,"column":23},"end":{"line":124,"column":43}},"type":"cond-expr","locations":[{"start":{"line":124,"column":35},"end":{"line":124,"column":41}},{"start":{"line":124,"column":41},"end":{"line":124,"column":43}}],"line":124},"19":{"loc":{"start":{"line":129,"column":4},"end":{"line":131,"column":null}},"type":"if","locations":[{"start":{"line":129,"column":4},"end":{"line":131,"column":null}},{"start":{},"end":{}}],"line":129},"20":{"loc":{"start":{"line":129,"column":8},"end":{"line":129,"column":64}},"type":"binary-expr","locations":[{"start":{"line":129,"column":8},"end":{"line":129,"column":32}},{"start":{"line":129,"column":32},"end":{"line":129,"column":64}}],"line":129},"21":{"loc":{"start":{"line":141,"column":27},"end":{"line":141,"column":null}},"type":"binary-expr","locations":[{"start":{"line":141,"column":27},"end":{"line":141,"column":50}},{"start":{"line":141,"column":50},"end":{"line":141,"column":null}}],"line":141},"22":{"loc":{"start":{"line":143,"column":6},"end":{"line":159,"column":null}},"type":"if","locations":[{"start":{"line":143,"column":6},"end":{"line":159,"column":null}},{"start":{},"end":{}}],"line":143},"23":{"loc":{"start":{"line":143,"column":10},"end":{"line":143,"column":88}},"type":"binary-expr","locations":[{"start":{"line":143,"column":10},"end":{"line":143,"column":26}},{"start":{"line":143,"column":26},"end":{"line":143,"column":60}},{"start":{"line":143,"column":60},"end":{"line":143,"column":88}}],"line":143},"24":{"loc":{"start":{"line":145,"column":8},"end":{"line":158,"column":null}},"type":"if","locations":[{"start":{"line":145,"column":8},"end":{"line":158,"column":null}},{"start":{},"end":{}}],"line":145},"25":{"loc":{"start":{"line":145,"column":12},"end":{"line":145,"column":55}},"type":"binary-expr","locations":[{"start":{"line":145,"column":12},"end":{"line":145,"column":36}},{"start":{"line":145,"column":36},"end":{"line":145,"column":55}}],"line":145},"26":{"loc":{"start":{"line":156,"column":25},"end":{"line":156,"column":null}},"type":"binary-expr","locations":[{"start":{"line":156,"column":25},"end":{"line":156,"column":48}},{"start":{"line":156,"column":48},"end":{"line":156,"column":null}}],"line":156},"27":{"loc":{"start":{"line":163,"column":25},"end":{"line":163,"column":null}},"type":"binary-expr","locations":[{"start":{"line":163,"column":25},"end":{"line":163,"column":46}},{"start":{"line":163,"column":46},"end":{"line":163,"column":null}}],"line":163},"28":{"loc":{"start":{"line":164,"column":4},"end":{"line":180,"column":null}},"type":"if","locations":[{"start":{"line":164,"column":4},"end":{"line":180,"column":null}},{"start":{},"end":{}}],"line":164},"29":{"loc":{"start":{"line":164,"column":8},"end":{"line":164,"column":52}},"type":"binary-expr","locations":[{"start":{"line":164,"column":8},"end":{"line":164,"column":24}},{"start":{"line":164,"column":24},"end":{"line":164,"column":52}}],"line":164},"30":{"loc":{"start":{"line":166,"column":6},"end":{"line":179,"column":null}},"type":"if","locations":[{"start":{"line":166,"column":6},"end":{"line":179,"column":null}},{"start":{},"end":{}}],"line":166},"31":{"loc":{"start":{"line":166,"column":10},"end":{"line":166,"column":53}},"type":"binary-expr","locations":[{"start":{"line":166,"column":10},"end":{"line":166,"column":34}},{"start":{"line":166,"column":34},"end":{"line":166,"column":53}}],"line":166},"32":{"loc":{"start":{"line":191,"column":6},"end":{"line":228,"column":null}},"type":"if","locations":[{"start":{"line":191,"column":6},"end":{"line":228,"column":null}},{"start":{"line":197,"column":6},"end":{"line":228,"column":null}}],"line":191},"33":{"loc":{"start":{"line":197,"column":6},"end":{"line":228,"column":null}},"type":"if","locations":[{"start":{"line":197,"column":6},"end":{"line":228,"column":null}},{"start":{"line":200,"column":13},"end":{"line":228,"column":null}}],"line":197},"34":{"loc":{"start":{"line":197,"column":17},"end":{"line":197,"column":58}},"type":"binary-expr","locations":[{"start":{"line":197,"column":17},"end":{"line":197,"column":40}},{"start":{"line":197,"column":40},"end":{"line":197,"column":58}}],"line":197},"35":{"loc":{"start":{"line":206,"column":37},"end":{"line":206,"column":null}},"type":"binary-expr","locations":[{"start":{"line":206,"column":37},"end":{"line":206,"column":76}},{"start":{"line":206,"column":76},"end":{"line":206,"column":null}}],"line":206},"36":{"loc":{"start":{"line":207,"column":45},"end":{"line":207,"column":null}},"type":"binary-expr","locations":[{"start":{"line":207,"column":45},"end":{"line":207,"column":92}},{"start":{"line":207,"column":92},"end":{"line":207,"column":null}}],"line":207},"37":{"loc":{"start":{"line":208,"column":47},"end":{"line":208,"column":null}},"type":"binary-expr","locations":[{"start":{"line":208,"column":47},"end":{"line":208,"column":89}},{"start":{"line":208,"column":89},"end":{"line":208,"column":null}}],"line":208},"38":{"loc":{"start":{"line":219,"column":12},"end":{"line":225,"column":null}},"type":"cond-expr","locations":[{"start":{"line":220,"column":16},"end":{"line":224,"column":null}},{"start":{"line":225,"column":16},"end":{"line":225,"column":null}}],"line":219},"39":{"loc":{"start":{"line":239,"column":6},"end":{"line":257,"column":null}},"type":"if","locations":[{"start":{"line":239,"column":6},"end":{"line":257,"column":null}},{"start":{"line":245,"column":6},"end":{"line":257,"column":null}}],"line":239},"40":{"loc":{"start":{"line":245,"column":6},"end":{"line":257,"column":null}},"type":"if","locations":[{"start":{"line":245,"column":6},"end":{"line":257,"column":null}},{"start":{"line":251,"column":13},"end":{"line":257,"column":null}}],"line":245},"41":{"loc":{"start":{"line":245,"column":17},"end":{"line":245,"column":58}},"type":"binary-expr","locations":[{"start":{"line":245,"column":17},"end":{"line":245,"column":40}},{"start":{"line":245,"column":40},"end":{"line":245,"column":58}}],"line":245},"42":{"loc":{"start":{"line":263,"column":4},"end":{"line":266,"column":null}},"type":"if","locations":[{"start":{"line":263,"column":4},"end":{"line":266,"column":null}},{"start":{},"end":{}}],"line":263},"43":{"loc":{"start":{"line":263,"column":8},"end":{"line":263,"column":32}},"type":"binary-expr","locations":[{"start":{"line":263,"column":8},"end":{"line":263,"column":23}},{"start":{"line":263,"column":23},"end":{"line":263,"column":32}}],"line":263},"44":{"loc":{"start":{"line":273,"column":27},"end":{"line":273,"column":null}},"type":"binary-expr","locations":[{"start":{"line":273,"column":27},"end":{"line":273,"column":50}},{"start":{"line":273,"column":50},"end":{"line":273,"column":null}}],"line":273},"45":{"loc":{"start":{"line":275,"column":6},"end":{"line":278,"column":null}},"type":"if","locations":[{"start":{"line":275,"column":6},"end":{"line":278,"column":null}},{"start":{},"end":{}}],"line":275},"46":{"loc":{"start":{"line":275,"column":10},"end":{"line":275,"column":81}},"type":"binary-expr","locations":[{"start":{"line":275,"column":10},"end":{"line":275,"column":35}},{"start":{"line":275,"column":35},"end":{"line":275,"column":52}},{"start":{"line":275,"column":52},"end":{"line":275,"column":81}}],"line":275},"47":{"loc":{"start":{"line":281,"column":4},"end":{"line":284,"column":null}},"type":"if","locations":[{"start":{"line":281,"column":4},"end":{"line":284,"column":null}},{"start":{},"end":{}}],"line":281},"48":{"loc":{"start":{"line":288,"column":4},"end":{"line":291,"column":null}},"type":"if","locations":[{"start":{"line":288,"column":4},"end":{"line":291,"column":null}},{"start":{},"end":{}}],"line":288},"49":{"loc":{"start":{"line":296,"column":28},"end":{"line":296,"column":null}},"type":"binary-expr","locations":[{"start":{"line":296,"column":28},"end":{"line":296,"column":44}},{"start":{"line":296,"column":44},"end":{"line":296,"column":null}}],"line":296},"50":{"loc":{"start":{"line":310,"column":6},"end":{"line":312,"column":null}},"type":"if","locations":[{"start":{"line":310,"column":6},"end":{"line":312,"column":null}},{"start":{},"end":{}}],"line":310},"51":{"loc":{"start":{"line":313,"column":6},"end":{"line":317,"column":null}},"type":"if","locations":[{"start":{"line":313,"column":6},"end":{"line":317,"column":null}},{"start":{},"end":{}}],"line":313},"52":{"loc":{"start":{"line":321,"column":6},"end":{"line":336,"column":null}},"type":"if","locations":[{"start":{"line":321,"column":6},"end":{"line":336,"column":null}},{"start":{"line":334,"column":13},"end":{"line":336,"column":null}}],"line":321},"53":{"loc":{"start":{"line":329,"column":8},"end":{"line":333,"column":null}},"type":"if","locations":[{"start":{"line":329,"column":8},"end":{"line":333,"column":null}},{"start":{},"end":{}}],"line":329},"54":{"loc":{"start":{"line":335,"column":24},"end":{"line":335,"column":56}},"type":"binary-expr","locations":[{"start":{"line":335,"column":24},"end":{"line":335,"column":40}},{"start":{"line":335,"column":40},"end":{"line":335,"column":56}}],"line":335},"55":{"loc":{"start":{"line":356,"column":2},"end":{"line":377,"column":null}},"type":"if","locations":[{"start":{"line":356,"column":2},"end":{"line":377,"column":null}},{"start":{},"end":{}}],"line":356},"56":{"loc":{"start":{"line":380,"column":2},"end":{"line":403,"column":null}},"type":"if","locations":[{"start":{"line":380,"column":2},"end":{"line":403,"column":null}},{"start":{},"end":{}}],"line":380},"57":{"loc":{"start":{"line":397,"column":50},"end":{"line":397,"column":71}},"type":"binary-expr","locations":[{"start":{"line":397,"column":50},"end":{"line":397,"column":59}},{"start":{"line":397,"column":59},"end":{"line":397,"column":71}}],"line":397},"58":{"loc":{"start":{"line":406,"column":4},"end":{"line":411,"column":null}},"type":"binary-expr","locations":[{"start":{"line":406,"column":4},"end":{"line":406,"column":null}},{"start":{"line":407,"column":4},"end":{"line":407,"column":null}},{"start":{"line":408,"column":4},"end":{"line":411,"column":null}}],"line":406},"59":{"loc":{"start":{"line":410,"column":8},"end":{"line":410,"column":null}},"type":"binary-expr","locations":[{"start":{"line":410,"column":8},"end":{"line":410,"column":35}},{"start":{"line":410,"column":35},"end":{"line":410,"column":69}},{"start":{"line":410,"column":69},"end":{"line":410,"column":null}}],"line":410},"60":{"loc":{"start":{"line":416,"column":7},"end":{"line":416,"column":null}},"type":"binary-expr","locations":[{"start":{"line":416,"column":7},"end":{"line":416,"column":23}},{"start":{"line":416,"column":23},"end":{"line":416,"column":null}}],"line":416},"61":{"loc":{"start":{"line":431,"column":50},"end":{"line":431,"column":74}},"type":"binary-expr","locations":[{"start":{"line":431,"column":50},"end":{"line":431,"column":66}},{"start":{"line":431,"column":66},"end":{"line":431,"column":74}}],"line":431},"62":{"loc":{"start":{"line":432,"column":49},"end":{"line":432,"column":69}},"type":"binary-expr","locations":[{"start":{"line":432,"column":49},"end":{"line":432,"column":61}},{"start":{"line":432,"column":61},"end":{"line":432,"column":69}}],"line":432},"63":{"loc":{"start":{"line":449,"column":13},"end":{"line":722,"column":null}},"type":"cond-expr","locations":[{"start":{"line":450,"column":14},"end":{"line":619,"column":null}},{"start":{"line":621,"column":14},"end":{"line":722,"column":null}}],"line":449},"64":{"loc":{"start":{"line":465,"column":26},"end":{"line":467,"column":null}},"type":"binary-expr","locations":[{"start":{"line":465,"column":26},"end":{"line":465,"column":null}},{"start":{"line":466,"column":26},"end":{"line":466,"column":null}},{"start":{"line":467,"column":26},"end":{"line":467,"column":null}}],"line":465},"65":{"loc":{"start":{"line":474,"column":26},"end":{"line":475,"column":null}},"type":"binary-expr","locations":[{"start":{"line":474,"column":26},"end":{"line":474,"column":null}},{"start":{"line":474,"column":60},"end":{"line":475,"column":null}}],"line":474},"66":{"loc":{"start":{"line":478,"column":26},"end":{"line":483,"column":null}},"type":"cond-expr","locations":[{"start":{"line":479,"column":30},"end":{"line":479,"column":null}},{"start":{"line":479,"column":62},"end":{"line":483,"column":null}}],"line":478},"67":{"loc":{"start":{"line":485,"column":71},"end":{"line":485,"column":104}},"type":"cond-expr","locations":[{"start":{"line":485,"column":96},"end":{"line":485,"column":102}},{"start":{"line":485,"column":102},"end":{"line":485,"column":104}}],"line":485},"68":{"loc":{"start":{"line":494,"column":36},"end":{"line":496,"column":null}},"type":"cond-expr","locations":[{"start":{"line":495,"column":40},"end":{"line":495,"column":null}},{"start":{"line":496,"column":40},"end":{"line":496,"column":null}}],"line":494},"69":{"loc":{"start":{"line":498,"column":36},"end":{"line":498,"column":null}},"type":"cond-expr","locations":[{"start":{"line":498,"column":72},"end":{"line":498,"column":81}},{"start":{"line":498,"column":81},"end":{"line":498,"column":null}}],"line":498},"70":{"loc":{"start":{"line":502,"column":33},"end":{"line":504,"column":null}},"type":"cond-expr","locations":[{"start":{"line":503,"column":36},"end":{"line":503,"column":null}},{"start":{"line":504,"column":36},"end":{"line":504,"column":null}}],"line":502},"71":{"loc":{"start":{"line":518,"column":47},"end":{"line":518,"column":76}},"type":"binary-expr","locations":[{"start":{"line":518,"column":47},"end":{"line":518,"column":64}},{"start":{"line":518,"column":64},"end":{"line":518,"column":76}}],"line":518},"72":{"loc":{"start":{"line":520,"column":34},"end":{"line":522,"column":null}},"type":"cond-expr","locations":[{"start":{"line":521,"column":38},"end":{"line":521,"column":null}},{"start":{"line":522,"column":38},"end":{"line":522,"column":null}}],"line":520},"73":{"loc":{"start":{"line":528,"column":31},"end":{"line":539,"column":null}},"type":"binary-expr","locations":[{"start":{"line":528,"column":31},"end":{"line":528,"column":null}},{"start":{"line":529,"column":32},"end":{"line":539,"column":null}}],"line":528},"74":{"loc":{"start":{"line":555,"column":40},"end":{"line":559,"column":null}},"type":"cond-expr","locations":[{"start":{"line":556,"column":44},"end":{"line":556,"column":null}},{"start":{"line":557,"column":44},"end":{"line":559,"column":null}}],"line":555},"75":{"loc":{"start":{"line":557,"column":44},"end":{"line":559,"column":null}},"type":"cond-expr","locations":[{"start":{"line":558,"column":46},"end":{"line":558,"column":null}},{"start":{"line":559,"column":46},"end":{"line":559,"column":null}}],"line":557},"76":{"loc":{"start":{"line":561,"column":40},"end":{"line":565,"column":null}},"type":"cond-expr","locations":[{"start":{"line":562,"column":44},"end":{"line":562,"column":null}},{"start":{"line":563,"column":44},"end":{"line":565,"column":null}}],"line":561},"77":{"loc":{"start":{"line":563,"column":44},"end":{"line":565,"column":null}},"type":"cond-expr","locations":[{"start":{"line":564,"column":46},"end":{"line":564,"column":null}},{"start":{"line":565,"column":46},"end":{"line":565,"column":null}}],"line":563},"78":{"loc":{"start":{"line":570,"column":37},"end":{"line":579,"column":null}},"type":"binary-expr","locations":[{"start":{"line":570,"column":37},"end":{"line":570,"column":null}},{"start":{"line":571,"column":38},"end":{"line":579,"column":null}}],"line":570},"79":{"loc":{"start":{"line":586,"column":31},"end":{"line":602,"column":null}},"type":"cond-expr","locations":[{"start":{"line":587,"column":32},"end":{"line":600,"column":null}},{"start":{"line":602,"column":32},"end":{"line":602,"column":null}}],"line":586},"80":{"loc":{"start":{"line":586,"column":31},"end":{"line":586,"column":null}},"type":"binary-expr","locations":[{"start":{"line":586,"column":31},"end":{"line":586,"column":55}},{"start":{"line":586,"column":55},"end":{"line":586,"column":null}}],"line":586},"81":{"loc":{"start":{"line":594,"column":42},"end":{"line":594,"column":null}},"type":"cond-expr","locations":[{"start":{"line":594,"column":88},"end":{"line":594,"column":96}},{"start":{"line":594,"column":96},"end":{"line":594,"column":null}}],"line":594},"82":{"loc":{"start":{"line":669,"column":31},"end":{"line":669,"column":null}},"type":"binary-expr","locations":[{"start":{"line":669,"column":31},"end":{"line":669,"column":52}},{"start":{"line":669,"column":52},"end":{"line":669,"column":null}}],"line":669},"83":{"loc":{"start":{"line":672,"column":23},"end":{"line":682,"column":null}},"type":"binary-expr","locations":[{"start":{"line":672,"column":23},"end":{"line":672,"column":null}},{"start":{"line":673,"column":24},"end":{"line":682,"column":null}}],"line":672},"84":{"loc":{"start":{"line":706,"column":25},"end":{"line":708,"column":null}},"type":"cond-expr","locations":[{"start":{"line":707,"column":28},"end":{"line":707,"column":null}},{"start":{"line":708,"column":28},"end":{"line":708,"column":null}}],"line":706},"85":{"loc":{"start":{"line":707,"column":49},"end":{"line":707,"column":83}},"type":"cond-expr","locations":[{"start":{"line":707,"column":75},"end":{"line":707,"column":81}},{"start":{"line":707,"column":81},"end":{"line":707,"column":83}}],"line":707},"86":{"loc":{"start":{"line":727,"column":9},"end":{"line":757,"column":null}},"type":"binary-expr","locations":[{"start":{"line":727,"column":9},"end":{"line":727,"column":21}},{"start":{"line":727,"column":21},"end":{"line":727,"column":null}},{"start":{"line":728,"column":10},"end":{"line":757,"column":null}}],"line":727},"87":{"loc":{"start":{"line":735,"column":24},"end":{"line":735,"column":null}},"type":"binary-expr","locations":[{"start":{"line":735,"column":24},"end":{"line":735,"column":36}},{"start":{"line":735,"column":36},"end":{"line":735,"column":null}}],"line":735},"88":{"loc":{"start":{"line":736,"column":21},"end":{"line":736,"column":null}},"type":"cond-expr","locations":[{"start":{"line":736,"column":47},"end":{"line":736,"column":58}},{"start":{"line":736,"column":58},"end":{"line":736,"column":null}}],"line":736},"89":{"loc":{"start":{"line":748,"column":15},"end":{"line":754,"column":null}},"type":"cond-expr","locations":[{"start":{"line":749,"column":16},"end":{"line":752,"column":null}},{"start":{"line":754,"column":16},"end":{"line":754,"column":null}}],"line":748}},"s":{"0":1,"1":72,"2":72,"3":72,"4":3,"5":3,"6":3,"7":0,"8":3,"9":0,"10":0,"11":72,"12":25,"13":25,"14":3,"15":72,"16":72,"17":72,"18":72,"19":72,"20":72,"21":25,"22":25,"23":44,"24":44,"25":44,"26":25,"27":25,"28":25,"29":25,"30":25,"31":72,"32":104,"33":104,"34":104,"35":104,"36":104,"37":104,"38":104,"39":104,"40":104,"41":104,"42":104,"43":104,"44":104,"45":104,"46":104,"47":104,"48":104,"49":104,"50":104,"51":104,"52":104,"53":104,"54":72,"55":3,"56":3,"57":6,"58":6,"59":6,"60":6,"61":2,"62":2,"63":2,"64":2,"65":3,"66":3,"67":0,"68":0,"69":0,"70":0,"71":3,"72":72,"73":15,"74":15,"75":15,"76":15,"77":15,"78":4,"79":1,"80":4,"81":0,"82":11,"83":2,"84":1,"85":2,"86":1,"87":9,"88":0,"89":9,"90":9,"91":0,"92":9,"93":9,"94":9,"95":9,"96":9,"97":0,"98":0,"99":72,"100":4,"101":4,"102":4,"103":4,"104":4,"105":0,"106":0,"107":0,"108":0,"109":4,"110":1,"111":1,"112":1,"113":0,"114":3,"115":0,"116":3,"117":0,"118":72,"119":3,"120":0,"121":0,"122":3,"123":3,"124":6,"125":6,"126":6,"127":6,"128":0,"129":0,"130":0,"131":3,"132":0,"133":0,"134":3,"135":3,"136":1,"137":1,"138":2,"139":2,"140":2,"141":3,"142":3,"143":3,"144":2,"145":0,"146":2,"147":1,"148":1,"149":1,"150":1,"151":1,"152":1,"153":1,"154":0,"155":0,"156":1,"157":2,"158":72,"159":72,"160":2,"161":0,"162":70,"163":2,"164":0,"165":68,"166":68,"167":72,"168":1,"169":0,"170":0,"171":104,"172":104,"173":104,"174":104,"175":104,"176":104,"177":104,"178":104,"179":104,"180":15,"181":104,"182":104,"183":104,"184":312,"185":0,"186":0,"187":4},"f":{"0":72,"1":3,"2":0,"3":25,"4":25,"5":25,"6":44,"7":25,"8":104,"9":3,"10":15,"11":15,"12":1,"13":0,"14":1,"15":1,"16":0,"17":0,"18":0,"19":0,"20":4,"21":4,"22":0,"23":0,"24":1,"25":0,"26":0,"27":0,"28":3,"29":0,"30":0,"31":0,"32":68,"33":1,"34":0,"35":0,"36":104,"37":104,"38":15,"39":104,"40":312,"41":0,"42":0,"43":4},"b":{"0":[0,3],"1":[3,22],"2":[44,0],"3":[25,0],"4":[25,0],"5":[104,0],"6":[104,104],"7":[104,0],"8":[104,104],"9":[104,0],"10":[104,104],"11":[104,0],"12":[104,0],"13":[104,104],"14":[104,0],"15":[104,104],"16":[104,0],"17":[104,104],"18":[104,0],"19":[104,0],"20":[104,104],"21":[6,0],"22":[2,4],"23":[6,6,2],"24":[2,0],"25":[2,2],"26":[2,0],"27":[3,0],"28":[0,3],"29":[3,0],"30":[0,0],"31":[0,0],"32":[4,11],"33":[2,9],"34":[11,11],"35":[9,0],"36":[9,0],"37":[9,0],"38":[0,0],"39":[0,4],"40":[1,3],"41":[4,4],"42":[0,3],"43":[3,3],"44":[6,0],"45":[0,6],"46":[6,0,0],"47":[0,3],"48":[1,2],"49":[2,0],"50":[0,2],"51":[1,1],"52":[1,0],"53":[0,1],"54":[0,0],"55":[2,70],"56":[2,68],"57":[2,0],"58":[68,68,68],"59":[68,52,52],"60":[72,2],"61":[72,2],"62":[72,2],"63":[52,16],"64":[104,104,104],"65":[104,34],"66":[0,104],"67":[104,0],"68":[0,104],"69":[0,104],"70":[0,104],"71":[104,0],"72":[0,104],"73":[104,0],"74":[52,52],"75":[52,0],"76":[52,52],"77":[52,0],"78":[104,0],"79":[104,0],"80":[104,104],"81":[208,104],"82":[16,6],"83":[16,2],"84":[2,14],"85":[2,0],"86":[72,68,68],"87":[68,66],"88":[52,16],"89":[2,66]},"meta":{"lastBranch":90,"lastFunction":44,"lastStatement":188,"seen":{"s:16:24:764:Infinity":0,"f:16:24:16:30":0,"s:29:2:29:Infinity":1,"s:31:24:31:Infinity":2,"s:33:8:41:Infinity":3,"f:33:35:33:36":1,"s:34:4:34:Infinity":4,"s:35:4:35:Infinity":5,"b:36:4:36:Infinity:undefined:undefined:undefined:undefined":0,"s:36:4:36:Infinity":6,"s:36:31:36:Infinity":7,"s:37:4:40:Infinity":8,"f:37:39:37:45":2,"s:38:6:38:Infinity":9,"s:39:6:39:Infinity":10,"s:43:2:47:Infinity":11,"f:43:18:43:24":3,"s:44:4:46:Infinity":12,"f:44:11:44:17":4,"b:45:6:45:Infinity:undefined:undefined:undefined:undefined":1,"s:45:6:45:Infinity":13,"s:45:33:45:Infinity":14,"s:49:38:49:Infinity":15,"s:50:32:50:Infinity":16,"s:63:2:70:Infinity":17,"s:72:67:80:Infinity":18,"s:83:40:83:Infinity":19,"s:86:2:101:Infinity":20,"f:86:18:86:24":5,"s:87:26:87:Infinity":21,"s:88:4:93:Infinity":22,"f:88:26:88:27":6,"s:89:19:89:Infinity":23,"b:90:6:92:Infinity:undefined:undefined:undefined:undefined":2,"s:90:6:92:Infinity":24,"s:91:8:91:Infinity":25,"b:95:4:97:Infinity:undefined:undefined:undefined:undefined":3,"s:95:4:97:Infinity":26,"s:96:6:96:Infinity":27,"b:98:4:100:Infinity:undefined:undefined:undefined:undefined":4,"s:98:4:100:Infinity":28,"s:99:6:99:Infinity":29,"f:99:23:99:24":7,"s:99:34:99:64":30,"s:103:8:133:Infinity":31,"f:103:46:103:47":8,"s:104:16:104:Infinity":32,"b:105:4:116:Infinity:undefined:undefined:undefined:undefined":5,"s:105:4:116:Infinity":33,"b:105:8:105:29:105:29:105:58":6,"s:106:17:106:Infinity":34,"b:107:6:114:Infinity:undefined:undefined:undefined:undefined":7,"s:107:6:114:Infinity":35,"b:107:10:107:39:107:39:107:76":8,"s:108:21:108:Infinity":36,"s:109:25:109:Infinity":37,"b:110:8:113:Infinity:undefined:undefined:undefined:undefined":9,"s:110:8:113:Infinity":38,"b:110:12:110:28:110:28:110:46":10,"s:111:23:111:Infinity":39,"s:112:10:112:Infinity":40,"b:112:35:112:41:112:41:112:43":11,"s:115:6:115:Infinity":41,"b:117:4:128:Infinity:undefined:undefined:undefined:undefined":12,"s:117:4:128:Infinity":42,"b:117:8:117:37:117:37:117:74":13,"s:118:17:118:Infinity":43,"b:119:6:126:Infinity:undefined:undefined:undefined:undefined":14,"s:119:6:126:Infinity":44,"b:119:10:119:34:119:34:119:66":15,"s:120:25:120:Infinity":45,"s:121:29:121:Infinity":46,"b:122:8:125:Infinity:undefined:undefined:undefined:undefined":16,"s:122:8:125:Infinity":47,"b:122:12:122:32:122:32:122:54":17,"s:123:23:123:Infinity":48,"s:124:10:124:Infinity":49,"b:124:35:124:41:124:41:124:43":18,"s:127:6:127:Infinity":50,"b:129:4:131:Infinity:undefined:undefined:undefined:undefined":19,"s:129:4:131:Infinity":51,"b:129:8:129:32:129:32:129:64":20,"s:130:6:130:Infinity":52,"s:132:4:132:Infinity":53,"s:135:8:183:Infinity":54,"f:135:47:135:53":9,"s:136:21:136:Infinity":55,"s:138:4:160:Infinity":56,"s:139:19:139:Infinity":57,"s:140:12:140:Infinity":58,"s:141:27:141:Infinity":59,"b:141:27:141:50:141:50:141:Infinity":21,"b:143:6:159:Infinity:undefined:undefined:undefined:undefined":22,"s:143:6:159:Infinity":60,"b:143:10:143:26:143:26:143:60:143:60:143:88":23,"s:144:29:144:Infinity":61,"b:145:8:158:Infinity:undefined:undefined:undefined:undefined":24,"s:145:8:158:Infinity":62,"b:145:12:145:36:145:36:145:55":25,"s:146:33:151:Infinity":63,"s:153:10:157:Infinity":64,"b:156:25:156:48:156:48:156:Infinity":26,"s:163:25:163:Infinity":65,"b:163:25:163:46:163:46:163:Infinity":27,"b:164:4:180:Infinity:undefined:undefined:undefined:undefined":28,"s:164:4:180:Infinity":66,"b:164:8:164:24:164:24:164:52":29,"s:165:27:165:Infinity":67,"b:166:6:179:Infinity:undefined:undefined:undefined:undefined":30,"s:166:6:179:Infinity":68,"b:166:10:166:34:166:34:166:53":31,"s:167:31:172:Infinity":69,"s:174:8:178:Infinity":70,"s:182:4:182:Infinity":71,"s:185:8:231:Infinity":72,"f:186:4:186:5":10,"s:187:6:187:Infinity":73,"f:187:23:187:24":11,"s:187:34:187:61":74,"s:188:12:188:Infinity":75,"s:189:27:189:Infinity":76,"b:191:6:228:Infinity:197:6:228:Infinity":32,"s:191:6:228:Infinity":77,"s:192:8:192:Infinity":78,"f:192:23:192:24":12,"s:192:34:192:58":79,"s:193:8:196:Infinity":80,"f:193:23:193:24":13,"s:193:34:196:10":81,"b:197:6:228:Infinity:200:13:228:Infinity":33,"s:197:6:228:Infinity":82,"b:197:17:197:40:197:40:197:58":34,"s:198:8:198:Infinity":83,"f:198:23:198:24":14,"s:198:34:198:67":84,"s:199:8:199:Infinity":85,"f:199:23:199:24":15,"s:199:34:199:59":86,"s:201:8:201:Infinity":87,"f:201:23:201:24":16,"s:201:34:201:58":88,"s:202:14:202:Infinity":89,"s:203:8:203:Infinity":90,"f:203:23:203:24":17,"s:203:34:203:68":91,"s:206:37:206:Infinity":92,"b:206:37:206:76:206:76:206:Infinity":35,"s:207:45:207:Infinity":93,"b:207:45:207:92:207:92:207:Infinity":36,"s:208:47:208:Infinity":94,"b:208:47:208:89:208:89:208:Infinity":37,"s:210:14:215:Infinity":95,"s:217:8:227:Infinity":96,"f:217:25:217:26":18,"s:218:10:226:Infinity":97,"f:218:27:218:28":19,"s:219:12:225:Infinity":98,"b:220:16:224:Infinity:225:16:225:Infinity":38,"s:233:8:260:Infinity":99,"f:234:4:234:5":20,"s:235:35:235:Infinity":100,"s:236:6:236:Infinity":101,"f:236:23:236:24":21,"s:236:34:236:57":102,"s:237:27:237:Infinity":103,"b:239:6:257:Infinity:245:6:257:Infinity":39,"s:239:6:257:Infinity":104,"s:240:8:243:Infinity":105,"f:240:23:240:24":22,"s:240:34:243:10":106,"s:244:8:244:Infinity":107,"f:244:23:244:24":23,"s:244:34:244:75":108,"b:245:6:257:Infinity:251:13:257:Infinity":40,"s:245:6:257:Infinity":109,"b:245:17:245:40:245:40:245:58":41,"s:246:8:249:Infinity":110,"f:246:23:246:24":24,"s:246:34:249:10":111,"s:250:8:250:Infinity":112,"f:250:23:250:24":25,"s:250:34:250:75":113,"s:252:8:252:Infinity":114,"f:252:23:252:24":26,"s:252:34:252:74":115,"s:253:8:256:Infinity":116,"f:253:23:253:24":27,"s:253:34:256:10":117,"s:262:8:351:Infinity":118,"f:262:43:262:55":28,"b:263:4:266:Infinity:undefined:undefined:undefined:undefined":42,"s:263:4:266:Infinity":119,"b:263:8:263:23:263:23:263:32":43,"s:264:6:264:Infinity":120,"s:265:6:265:Infinity":121,"s:269:30:269:Infinity":122,"s:270:4:279:Infinity":123,"s:271:19:271:Infinity":124,"s:272:12:272:Infinity":125,"s:273:27:273:Infinity":126,"b:273:27:273:50:273:50:273:Infinity":44,"b:275:6:278:Infinity:undefined:undefined:undefined:undefined":45,"s:275:6:278:Infinity":127,"b:275:10:275:35:275:35:275:52:275:52:275:81":46,"s:276:8:276:Infinity":128,"f:276:23:276:24":29,"s:276:34:276:76":129,"s:277:8:277:Infinity":130,"b:281:4:284:Infinity:undefined:undefined:undefined:undefined":47,"s:281:4:284:Infinity":131,"s:282:6:282:Infinity":132,"s:283:6:283:Infinity":133,"s:286:28:286:Infinity":134,"b:288:4:291:Infinity:undefined:undefined:undefined:undefined":48,"s:288:4:291:Infinity":135,"s:289:6:289:Infinity":136,"s:290:6:290:Infinity":137,"s:293:4:293:Infinity":138,"s:295:4:341:Infinity":139,"s:296:28:296:Infinity":140,"b:296:28:296:44:296:44:296:Infinity":49,"s:297:21:302:Infinity":141,"s:303:25:303:Infinity":142,"s:305:44:308:Infinity":143,"b:310:6:312:Infinity:undefined:undefined:undefined:undefined":50,"s:310:6:312:Infinity":144,"s:311:8:311:Infinity":145,"b:313:6:317:Infinity:undefined:undefined:undefined:undefined":51,"s:313:6:317:Infinity":146,"s:314:8:316:Infinity":147,"s:319:21:319:Infinity":148,"b:321:6:336:Infinity:334:13:336:Infinity":52,"s:321:6:336:Infinity":149,"s:322:8:322:Infinity":150,"s:323:8:323:Infinity":151,"s:326:35:328:Infinity":152,"b:329:8:333:Infinity:undefined:undefined:undefined:undefined":53,"s:329:8:333:Infinity":153,"s:330:10:332:Infinity":154,"s:335:8:335:Infinity":155,"b:335:24:335:40:335:40:335:56":54,"s:338:6:338:Infinity":156,"s:340:6:340:Infinity":157,"s:353:21:353:Infinity":158,"b:356:2:377:Infinity:undefined:undefined:undefined:undefined":55,"s:356:2:377:Infinity":159,"s:357:4:375:Infinity":160,"f:361:21:361:27":30,"s:361:27:361:Infinity":161,"b:380:2:403:Infinity:undefined:undefined:undefined:undefined":56,"s:380:2:403:Infinity":162,"s:381:4:401:Infinity":163,"f:385:21:385:27":31,"s:385:27:385:Infinity":164,"b:397:50:397:59:397:59:397:71":57,"s:406:4:411:Infinity":165,"b:406:4:406:Infinity:407:4:407:Infinity:408:4:411:Infinity":58,"f:409:6:409:7":32,"s:410:8:410:Infinity":166,"b:410:8:410:35:410:35:410:69:410:69:410:Infinity":59,"s:414:2:762:Infinity":167,"b:416:7:416:23:416:23:416:Infinity":60,"f:419:19:419:25":33,"s:419:25:419:Infinity":168,"b:431:50:431:66:431:66:431:74":61,"b:432:49:432:61:432:61:432:69":62,"f:443:28:443:34":34,"s:443:34:443:Infinity":169,"f:444:24:444:30":35,"s:444:30:444:Infinity":170,"b:450:14:619:Infinity:621:14:722:Infinity":63,"f:464:24:464:25":36,"s:465:26:467:Infinity":171,"b:465:26:465:Infinity:466:26:466:Infinity:467:26:467:Infinity":64,"f:469:27:469:28":37,"s:470:30:470:Infinity":172,"s:471:30:471:Infinity":173,"s:472:53:472:Infinity":174,"s:474:26:475:Infinity":175,"b:474:26:474:Infinity:474:60:475:Infinity":65,"s:478:26:483:Infinity":176,"b:479:30:479:Infinity:479:62:483:Infinity":66,"s:485:51:485:Infinity":177,"b:485:96:485:102:485:102:485:104":67,"s:486:53:486:Infinity":178,"s:488:24:605:Infinity":179,"b:495:40:495:Infinity:496:40:496:Infinity":68,"b:498:72:498:81:498:81:498:Infinity":69,"b:503:36:503:Infinity:504:36:504:Infinity":70,"b:518:47:518:64:518:64:518:76":71,"b:521:38:521:Infinity:522:38:522:Infinity":72,"f:524:42:524:43":38,"s:525:34:525:Infinity":180,"b:528:31:528:Infinity:529:32:539:Infinity":73,"f:544:32:544:38":39,"s:545:38:545:Infinity":181,"s:546:38:546:Infinity":182,"s:547:32:581:Infinity":183,"b:556:44:556:Infinity:557:44:559:Infinity":74,"b:558:46:558:Infinity:559:46:559:Infinity":75,"b:562:44:562:Infinity:563:44:565:Infinity":76,"b:564:46:564:Infinity:565:46:565:Infinity":77,"b:570:37:570:Infinity:571:38:579:Infinity":78,"b:587:32:600:Infinity:602:32:602:Infinity":79,"b:586:31:586:55:586:55:586:Infinity":80,"f:588:60:588:61":40,"s:589:36:598:Infinity":184,"b:594:88:594:96:594:96:594:Infinity":81,"f:615:30:615:36":41,"s:615:36:615:Infinity":185,"f:616:26:616:32":42,"s:616:32:616:Infinity":186,"b:669:31:669:52:669:52:669:Infinity":82,"f:670:34:670:35":43,"s:670:41:670:Infinity":187,"b:672:23:672:Infinity:673:24:682:Infinity":83,"b:707:28:707:Infinity:708:28:708:Infinity":84,"b:707:75:707:81:707:81:707:83":85,"b:727:9:727:21:727:21:727:Infinity:728:10:757:Infinity":86,"b:735:24:735:36:735:36:735:Infinity":87,"b:736:47:736:58:736:58:736:Infinity":88,"b:749:16:752:Infinity:754:16:754:Infinity":89}}}
,"/Users/miya/Documents/GitHub/daishin_kaihatu_project/src/components/MeterReading/components/LoadingOverlay.jsx": {"path":"/Users/miya/Documents/GitHub/daishin_kaihatu_project/src/components/MeterReading/components/LoadingOverlay.jsx","statementMap":{"0":{"start":{"line":3,"column":23},"end":{"line":39,"column":null}},"1":{"start":{"line":4,"column":2},"end":{"line":39,"column":null}}},"fnMap":{"0":{"name":"(anonymous_0)","decl":{"start":{"line":3,"column":23},"end":{"line":3,"column":24}},"loc":{"start":{"line":4,"column":2},"end":{"line":39,"column":null}},"line":4}},"branchMap":{"0":{"loc":{"start":{"line":3,"column":26},"end":{"line":3,"column":47}},"type":"default-arg","locations":[{"start":{"line":3,"column":36},"end":{"line":3,"column":47}}],"line":3}},"s":{"0":2,"1":6},"f":{"0":6},"b":{"0":[6]},"meta":{"lastBranch":1,"lastFunction":1,"lastStatement":2,"seen":{"s:3:23:39:Infinity":0,"f:3:23:3:24":0,"s:4:2:39:Infinity":1,"b:3:36:3:47":0}}}
,"/Users/miya/Documents/GitHub/daishin_kaihatu_project/src/components/MeterReading/components/NavigationButtons.jsx": {"path":"/Users/miya/Documents/GitHub/daishin_kaihatu_project/src/components/MeterReading/components/NavigationButtons.jsx","statementMap":{"0":{"start":{"line":3,"column":26},"end":{"line":97,"column":null}},"1":{"start":{"line":12,"column":4},"end":{"line":14,"column":null}},"2":{"start":{"line":17,"column":4},"end":{"line":19,"column":null}},"3":{"start":{"line":22,"column":4},"end":{"line":24,"column":null}},"4":{"start":{"line":26,"column":2},"end":{"line":55,"column":null}},"5":{"start":{"line":27,"column":4},"end":{"line":53,"column":null}},"6":{"start":{"line":57,"column":2},"end":{"line":95,"column":null}}},"fnMap":{"0":{"name":"(anonymous_0)","decl":{"start":{"line":3,"column":26},"end":{"line":3,"column":27}},"loc":{"start":{"line":10,"column":6},"end":{"line":97,"column":null}},"line":10}},"branchMap":{"0":{"loc":{"start":{"line":9,"column":2},"end":{"line":9,"column":null}},"type":"default-arg","locations":[{"start":{"line":9,"column":12},"end":{"line":9,"column":null}}],"line":9},"1":{"loc":{"start":{"line":12,"column":4},"end":{"line":14,"column":null}},"type":"cond-expr","locations":[{"start":{"line":13,"column":8},"end":{"line":13,"column":null}},{"start":{"line":14,"column":8},"end":{"line":14,"column":null}}],"line":12},"2":{"loc":{"start":{"line":13,"column":40},"end":{"line":13,"column":82}},"type":"cond-expr","locations":[{"start":{"line":13,"column":67},"end":{"line":13,"column":80}},{"start":{"line":13,"column":80},"end":{"line":13,"column":82}}],"line":13},"3":{"loc":{"start":{"line":13,"column":40},"end":{"line":13,"column":67}},"type":"binary-expr","locations":[{"start":{"line":13,"column":40},"end":{"line":13,"column":56}},{"start":{"line":13,"column":56},"end":{"line":13,"column":67}}],"line":13},"4":{"loc":{"start":{"line":14,"column":39},"end":{"line":14,"column":81}},"type":"cond-expr","locations":[{"start":{"line":14,"column":66},"end":{"line":14,"column":79}},{"start":{"line":14,"column":79},"end":{"line":14,"column":81}}],"line":14},"5":{"loc":{"start":{"line":14,"column":39},"end":{"line":14,"column":66}},"type":"binary-expr","locations":[{"start":{"line":14,"column":39},"end":{"line":14,"column":55}},{"start":{"line":14,"column":55},"end":{"line":14,"column":66}}],"line":14},"6":{"loc":{"start":{"line":17,"column":4},"end":{"line":19,"column":null}},"type":"cond-expr","locations":[{"start":{"line":18,"column":8},"end":{"line":18,"column":null}},{"start":{"line":19,"column":8},"end":{"line":19,"column":null}}],"line":17},"7":{"loc":{"start":{"line":18,"column":54},"end":{"line":18,"column":84}},"type":"cond-expr","locations":[{"start":{"line":18,"column":69},"end":{"line":18,"column":82}},{"start":{"line":18,"column":82},"end":{"line":18,"column":84}}],"line":18},"8":{"loc":{"start":{"line":19,"column":53},"end":{"line":19,"column":83}},"type":"cond-expr","locations":[{"start":{"line":19,"column":68},"end":{"line":19,"column":81}},{"start":{"line":19,"column":81},"end":{"line":19,"column":83}}],"line":19},"9":{"loc":{"start":{"line":22,"column":4},"end":{"line":24,"column":null}},"type":"cond-expr","locations":[{"start":{"line":23,"column":8},"end":{"line":23,"column":null}},{"start":{"line":24,"column":8},"end":{"line":24,"column":null}}],"line":22},"10":{"loc":{"start":{"line":23,"column":54},"end":{"line":23,"column":80}},"type":"cond-expr","locations":[{"start":{"line":23,"column":65},"end":{"line":23,"column":78}},{"start":{"line":23,"column":78},"end":{"line":23,"column":80}}],"line":23},"11":{"loc":{"start":{"line":24,"column":53},"end":{"line":24,"column":79}},"type":"cond-expr","locations":[{"start":{"line":24,"column":64},"end":{"line":24,"column":77}},{"start":{"line":24,"column":77},"end":{"line":24,"column":79}}],"line":24},"12":{"loc":{"start":{"line":26,"column":2},"end":{"line":55,"column":null}},"type":"if","locations":[{"start":{"line":26,"column":2},"end":{"line":55,"column":null}},{"start":{},"end":{}}],"line":26},"13":{"loc":{"start":{"line":31,"column":20},"end":{"line":31,"column":null}},"type":"binary-expr","locations":[{"start":{"line":31,"column":20},"end":{"line":31,"column":36}},{"start":{"line":31,"column":36},"end":{"line":31,"column":null}}],"line":31},"14":{"loc":{"start":{"line":35,"column":12},"end":{"line":37,"column":null}},"type":"cond-expr","locations":[{"start":{"line":36,"column":16},"end":{"line":36,"column":null}},{"start":{"line":37,"column":16},"end":{"line":37,"column":null}}],"line":35},"15":{"loc":{"start":{"line":44,"column":20},"end":{"line":44,"column":null}},"type":"binary-expr","locations":[{"start":{"line":44,"column":20},"end":{"line":44,"column":32}},{"start":{"line":44,"column":32},"end":{"line":44,"column":null}}],"line":44},"16":{"loc":{"start":{"line":48,"column":12},"end":{"line":48,"column":null}},"type":"cond-expr","locations":[{"start":{"line":48,"column":22},"end":{"line":48,"column":51}},{"start":{"line":48,"column":51},"end":{"line":48,"column":null}}],"line":48},"17":{"loc":{"start":{"line":61,"column":18},"end":{"line":61,"column":null}},"type":"binary-expr","locations":[{"start":{"line":61,"column":18},"end":{"line":61,"column":34}},{"start":{"line":61,"column":34},"end":{"line":61,"column":null}}],"line":61},"18":{"loc":{"start":{"line":65,"column":10},"end":{"line":65,"column":null}},"type":"cond-expr","locations":[{"start":{"line":65,"column":24},"end":{"line":65,"column":53}},{"start":{"line":65,"column":53},"end":{"line":65,"column":null}}],"line":65},"19":{"loc":{"start":{"line":86,"column":18},"end":{"line":86,"column":null}},"type":"binary-expr","locations":[{"start":{"line":86,"column":18},"end":{"line":86,"column":30}},{"start":{"line":86,"column":30},"end":{"line":86,"column":null}}],"line":86},"20":{"loc":{"start":{"line":90,"column":10},"end":{"line":90,"column":null}},"type":"cond-expr","locations":[{"start":{"line":90,"column":20},"end":{"line":90,"column":49}},{"start":{"line":90,"column":49},"end":{"line":90,"column":null}}],"line":90}},"s":{"0":2,"1":128,"2":128,"3":128,"4":128,"5":53,"6":75},"f":{"0":128},"b":{"0":[128],"1":[53,75],"2":[0,53],"3":[53,0],"4":[0,75],"5":[75,2],"6":[53,75],"7":[0,53],"8":[2,73],"9":[53,75],"10":[0,53],"11":[1,74],"12":[53,75],"13":[53,53],"14":[53,0],"15":[53,53],"16":[53,0],"17":[75,73],"18":[73,2],"19":[128,74],"20":[74,1]},"meta":{"lastBranch":21,"lastFunction":1,"lastStatement":7,"seen":{"s:3:26:97:Infinity":0,"f:3:26:3:27":0,"b:9:12:9:Infinity":0,"s:12:4:14:Infinity":1,"b:13:8:13:Infinity:14:8:14:Infinity":1,"b:13:67:13:80:13:80:13:82":2,"b:13:40:13:56:13:56:13:67":3,"b:14:66:14:79:14:79:14:81":4,"b:14:39:14:55:14:55:14:66":5,"s:17:4:19:Infinity":2,"b:18:8:18:Infinity:19:8:19:Infinity":6,"b:18:69:18:82:18:82:18:84":7,"b:19:68:19:81:19:81:19:83":8,"s:22:4:24:Infinity":3,"b:23:8:23:Infinity:24:8:24:Infinity":9,"b:23:65:23:78:23:78:23:80":10,"b:24:64:24:77:24:77:24:79":11,"b:26:2:55:Infinity:undefined:undefined:undefined:undefined":12,"s:26:2:55:Infinity":4,"s:27:4:53:Infinity":5,"b:31:20:31:36:31:36:31:Infinity":13,"b:36:16:36:Infinity:37:16:37:Infinity":14,"b:44:20:44:32:44:32:44:Infinity":15,"b:48:22:48:51:48:51:48:Infinity":16,"s:57:2:95:Infinity":6,"b:61:18:61:34:61:34:61:Infinity":17,"b:65:24:65:53:65:53:65:Infinity":18,"b:86:18:86:30:86:30:86:Infinity":19,"b:90:20:90:49:90:49:90:Infinity":20}}}
,"/Users/miya/Documents/GitHub/daishin_kaihatu_project/src/components/MeterReading/components/ToastOverlay.jsx": {"path":"/Users/miya/Documents/GitHub/daishin_kaihatu_project/src/components/MeterReading/components/ToastOverlay.jsx","statementMap":{"0":{"start":{"line":3,"column":21},"end":{"line":39,"column":null}},"1":{"start":{"line":4,"column":2},"end":{"line":4,"column":null}},"2":{"start":{"line":4,"column":13},"end":{"line":4,"column":null}},"3":{"start":{"line":6,"column":2},"end":{"line":37,"column":null}}},"fnMap":{"0":{"name":"(anonymous_0)","decl":{"start":{"line":3,"column":21},"end":{"line":3,"column":22}},"loc":{"start":{"line":3,"column":44},"end":{"line":39,"column":null}},"line":3}},"branchMap":{"0":{"loc":{"start":{"line":4,"column":2},"end":{"line":4,"column":null}},"type":"if","locations":[{"start":{"line":4,"column":2},"end":{"line":4,"column":null}},{"start":{},"end":{}}],"line":4}},"s":{"0":2,"1":72,"2":66,"3":6},"f":{"0":72},"b":{"0":[66,6]},"meta":{"lastBranch":1,"lastFunction":1,"lastStatement":4,"seen":{"s:3:21:39:Infinity":0,"f:3:21:3:22":0,"b:4:2:4:Infinity:undefined:undefined:undefined:undefined":0,"s:4:2:4:Infinity":1,"s:4:13:4:Infinity":2,"s:6:2:37:Infinity":3}}}
,"/Users/miya/Documents/GitHub/daishin_kaihatu_project/src/components/MeterReading/hooks/useMeterReadings.js": {"path":"/Users/miya/Documents/GitHub/daishin_kaihatu_project/src/components/MeterReading/hooks/useMeterReadings.js","statementMap":{"0":{"start":{"line":4,"column":32},"end":{"line":276,"column":1}},"1":{"start":{"line":5,"column":31},"end":{"line":5,"column":46}},"2":{"start":{"line":6,"column":27},"end":{"line":6,"column":42}},"3":{"start":{"line":7,"column":37},"end":{"line":7,"column":50}},"4":{"start":{"line":8,"column":41},"end":{"line":8,"column":54}},"5":{"start":{"line":9,"column":29},"end":{"line":9,"column":42}},"6":{"start":{"line":10,"column":33},"end":{"line":10,"column":46}},"7":{"start":{"line":11,"column":43},"end":{"line":11,"column":56}},"8":{"start":{"line":12,"column":41},"end":{"line":12,"column":54}},"9":{"start":{"line":14,"column":1},"end":{"line":16,"column":null}},"10":{"start":{"line":15,"column":4},"end":{"line":15,"column":null}},"11":{"start":{"line":18,"column":1},"end":{"line":26,"column":null}},"12":{"start":{"line":19,"column":27},"end":{"line":19,"column":65}},"13":{"start":{"line":20,"column":4},"end":{"line":24,"column":null}},"14":{"start":{"line":21,"column":6},"end":{"line":21,"column":null}},"15":{"start":{"line":22,"column":6},"end":{"line":22,"column":null}},"16":{"start":{"line":23,"column":6},"end":{"line":23,"column":null}},"17":{"start":{"line":25,"column":4},"end":{"line":25,"column":null}},"18":{"start":{"line":28,"column":35},"end":{"line":41,"column":8}},"19":{"start":{"line":29,"column":4},"end":{"line":40,"column":null}},"20":{"start":{"line":29,"column":45},"end":{"line":40,"column":5}},"21":{"start":{"line":43,"column":27},"end":{"line":198,"column":3}},"22":{"start":{"line":45,"column":28},"end":{"line":45,"column":82}},"23":{"start":{"line":46,"column":6},"end":{"line":50,"column":null}},"24":{"start":{"line":47,"column":8},"end":{"line":47,"column":null}},"25":{"start":{"line":48,"column":8},"end":{"line":48,"column":null}},"26":{"start":{"line":49,"column":8},"end":{"line":49,"column":null}},"27":{"start":{"line":52,"column":24},"end":{"line":52,"column":29}},"28":{"start":{"line":53,"column":29},"end":{"line":56,"column":13}},"29":{"start":{"line":54,"column":8},"end":{"line":54,"column":null}},"30":{"start":{"line":55,"column":8},"end":{"line":55,"column":null}},"31":{"start":{"line":58,"column":6},"end":{"line":195,"column":null}},"32":{"start":{"line":58,"column":25},"end":{"line":58,"column":26}},"33":{"start":{"line":59,"column":8},"end":{"line":194,"column":null}},"34":{"start":{"line":60,"column":27},"end":{"line":60,"column":104}},"35":{"start":{"line":61,"column":27},"end":{"line":61,"column":48}},"36":{"start":{"line":63,"column":10},"end":{"line":72,"column":null}},"37":{"start":{"line":64,"column":12},"end":{"line":68,"column":null}},"38":{"start":{"line":65,"column":30},"end":{"line":65,"column":61}},"39":{"start":{"line":66,"column":14},"end":{"line":66,"column":null}},"40":{"start":{"line":66,"column":45},"end":{"line":66,"column":73}},"41":{"start":{"line":67,"column":14},"end":{"line":67,"column":null}},"42":{"start":{"line":69,"column":12},"end":{"line":71,"column":null}},"43":{"start":{"line":74,"column":33},"end":{"line":74,"column":54}},"44":{"start":{"line":75,"column":10},"end":{"line":77,"column":null}},"45":{"start":{"line":76,"column":12},"end":{"line":76,"column":null}},"46":{"start":{"line":79,"column":23},"end":{"line":79,"column":42}},"47":{"start":{"line":80,"column":10},"end":{"line":80,"column":null}},"48":{"start":{"line":80,"column":21},"end":{"line":80,"column":null}},"49":{"start":{"line":83,"column":10},"end":{"line":102,"column":null}},"50":{"start":{"line":88,"column":12},"end":{"line":88,"column":null}},"51":{"start":{"line":89,"column":12},"end":{"line":89,"column":null}},"52":{"start":{"line":90,"column":12},"end":{"line":90,"column":null}},"53":{"start":{"line":91,"column":17},"end":{"line":102,"column":null}},"54":{"start":{"line":92,"column":12},"end":{"line":98,"column":null}},"55":{"start":{"line":93,"column":14},"end":{"line":93,"column":null}},"56":{"start":{"line":94,"column":14},"end":{"line":94,"column":null}},"57":{"start":{"line":96,"column":14},"end":{"line":96,"column":null}},"58":{"start":{"line":97,"column":14},"end":{"line":97,"column":null}},"59":{"start":{"line":99,"column":12},"end":{"line":99,"column":null}},"60":{"start":{"line":101,"column":12},"end":{"line":101,"column":null}},"61":{"start":{"line":104,"column":10},"end":{"line":104,"column":null}},"62":{"start":{"line":105,"column":10},"end":{"line":105,"column":null}},"63":{"start":{"line":106,"column":10},"end":{"line":106,"column":null}},"64":{"start":{"line":107,"column":10},"end":{"line":107,"column":null}},"65":{"start":{"line":109,"column":10},"end":{"line":174,"column":null}},"66":{"start":{"line":110,"column":35},"end":{"line":170,"column":14}},"67":{"start":{"line":111,"column":29},"end":{"line":147,"column":15}},"68":{"start":{"line":149,"column":14},"end":{"line":167,"column":null}},"69":{"start":{"line":150,"column":37},"end":{"line":155,"column":17}},"70":{"start":{"line":156,"column":16},"end":{"line":156,"column":null}},"71":{"start":{"line":157,"column":16},"end":{"line":157,"column":null}},"72":{"start":{"line":158,"column":21},"end":{"line":167,"column":null}},"73":{"start":{"line":159,"column":39},"end":{"line":164,"column":17}},"74":{"start":{"line":165,"column":16},"end":{"line":165,"column":null}},"75":{"start":{"line":166,"column":16},"end":{"line":166,"column":null}},"76":{"start":{"line":169,"column":14},"end":{"line":169,"column":null}},"77":{"start":{"line":171,"column":12},"end":{"line":171,"column":null}},"78":{"start":{"line":173,"column":12},"end":{"line":173,"column":null}},"79":{"start":{"line":176,"column":10},"end":{"line":176,"column":null}},"80":{"start":{"line":177,"column":10},"end":{"line":177,"column":null}},"81":{"start":{"line":177,"column":27},"end":{"line":177,"column":null}},"82":{"start":{"line":178,"column":10},"end":{"line":178,"column":null}},"83":{"start":{"line":180,"column":10},"end":{"line":193,"column":null}},"84":{"start":{"line":181,"column":30},"end":{"line":181,"column":50}},"85":{"start":{"line":182,"column":12},"end":{"line":188,"column":null}},"86":{"start":{"line":183,"column":14},"end":{"line":184,"column":null}},"87":{"start":{"line":185,"column":19},"end":{"line":188,"column":null}},"88":{"start":{"line":186,"column":14},"end":{"line":187,"column":null}},"89":{"start":{"line":189,"column":12},"end":{"line":189,"column":null}},"90":{"start":{"line":190,"column":12},"end":{"line":190,"column":null}},"91":{"start":{"line":191,"column":12},"end":{"line":191,"column":null}},"92":{"start":{"line":191,"column":29},"end":{"line":191,"column":null}},"93":{"start":{"line":192,"column":12},"end":{"line":192,"column":null}},"94":{"start":{"line":200,"column":28},"end":{"line":228,"column":3}},"95":{"start":{"line":202,"column":6},"end":{"line":225,"column":null}},"96":{"start":{"line":203,"column":30},"end":{"line":203,"column":84}},"97":{"start":{"line":204,"column":25},"end":{"line":204,"column":102}},"98":{"start":{"line":205,"column":25},"end":{"line":205,"column":46}},"99":{"start":{"line":206,"column":8},"end":{"line":206,"column":null}},"100":{"start":{"line":206,"column":26},"end":{"line":206,"column":null}},"101":{"start":{"line":208,"column":23},"end":{"line":208,"column":44}},"102":{"start":{"line":209,"column":8},"end":{"line":222,"column":null}},"103":{"start":{"line":210,"column":10},"end":{"line":210,"column":null}},"104":{"start":{"line":211,"column":10},"end":{"line":211,"column":null}},"105":{"start":{"line":212,"column":10},"end":{"line":212,"column":null}},"106":{"start":{"line":213,"column":10},"end":{"line":213,"column":null}},"107":{"start":{"line":215,"column":10},"end":{"line":219,"column":null}},"108":{"start":{"line":216,"column":12},"end":{"line":216,"column":null}},"109":{"start":{"line":218,"column":12},"end":{"line":218,"column":null}},"110":{"start":{"line":221,"column":10},"end":{"line":221,"column":null}},"111":{"start":{"line":224,"column":8},"end":{"line":224,"column":null}},"112":{"start":{"line":231,"column":1},"end":{"line":241,"column":null}},"113":{"start":{"line":232,"column":27},"end":{"line":238,"column":5}},"114":{"start":{"line":233,"column":6},"end":{"line":237,"column":null}},"115":{"start":{"line":234,"column":8},"end":{"line":234,"column":null}},"116":{"start":{"line":236,"column":8},"end":{"line":236,"column":null}},"117":{"start":{"line":239,"column":4},"end":{"line":239,"column":null}},"118":{"start":{"line":240,"column":4},"end":{"line":240,"column":null}},"119":{"start":{"line":240,"column":17},"end":{"line":240,"column":71}},"120":{"start":{"line":244,"column":1},"end":{"line":258,"column":null}},"121":{"start":{"line":245,"column":4},"end":{"line":245,"column":null}},"122":{"start":{"line":245,"column":23},"end":{"line":245,"column":null}},"123":{"start":{"line":247,"column":22},"end":{"line":247,"column":65}},"124":{"start":{"line":248,"column":19},"end":{"line":248,"column":46}},"125":{"start":{"line":249,"column":16},"end":{"line":249,"column":39}},"126":{"start":{"line":251,"column":4},"end":{"line":255,"column":null}},"127":{"start":{"line":252,"column":6},"end":{"line":252,"column":null}},"128":{"start":{"line":253,"column":6},"end":{"line":253,"column":null}},"129":{"start":{"line":254,"column":6},"end":{"line":254,"column":null}},"130":{"start":{"line":257,"column":4},"end":{"line":257,"column":null}},"131":{"start":{"line":260,"column":2},"end":{"line":275,"column":null}}},"fnMap":{"0":{"name":"(anonymous_0)","decl":{"start":{"line":4,"column":32},"end":{"line":4,"column":33}},"loc":{"start":{"line":4,"column":38},"end":{"line":276,"column":1}},"line":4},"1":{"name":"(anonymous_1)","decl":{"start":{"line":14,"column":12},"end":{"line":14,"column":13}},"loc":{"start":{"line":14,"column":18},"end":{"line":16,"column":3}},"line":14},"2":{"name":"(anonymous_2)","decl":{"start":{"line":18,"column":12},"end":{"line":18,"column":13}},"loc":{"start":{"line":18,"column":18},"end":{"line":26,"column":3}},"line":18},"3":{"name":"(anonymous_3)","decl":{"start":{"line":28,"column":48},"end":{"line":28,"column":49}},"loc":{"start":{"line":28,"column":76},"end":{"line":41,"column":3}},"line":28},"4":{"name":"(anonymous_4)","decl":{"start":{"line":29,"column":24},"end":{"line":29,"column":25}},"loc":{"start":{"line":29,"column":45},"end":{"line":40,"column":5}},"line":29},"5":{"name":"(anonymous_5)","decl":{"start":{"line":44,"column":4},"end":{"line":44,"column":9}},"loc":{"start":{"line":44,"column":43},"end":{"line":196,"column":5}},"line":44},"6":{"name":"(anonymous_6)","decl":{"start":{"line":53,"column":40},"end":{"line":53,"column":41}},"loc":{"start":{"line":53,"column":46},"end":{"line":56,"column":7}},"line":53},"7":{"name":"(anonymous_7)","decl":{"start":{"line":66,"column":32},"end":{"line":66,"column":33}},"loc":{"start":{"line":66,"column":45},"end":{"line":66,"column":73}},"line":66},"8":{"name":"(anonymous_8)","decl":{"start":{"line":110,"column":48},"end":{"line":110,"column":49}},"loc":{"start":{"line":110,"column":71},"end":{"line":170,"column":13}},"line":110},"9":{"name":"(anonymous_9)","decl":{"start":{"line":201,"column":4},"end":{"line":201,"column":9}},"loc":{"start":{"line":201,"column":27},"end":{"line":226,"column":5}},"line":201},"10":{"name":"(anonymous_10)","decl":{"start":{"line":231,"column":12},"end":{"line":231,"column":13}},"loc":{"start":{"line":231,"column":18},"end":{"line":241,"column":3}},"line":231},"11":{"name":"(anonymous_11)","decl":{"start":{"line":232,"column":27},"end":{"line":232,"column":28}},"loc":{"start":{"line":232,"column":38},"end":{"line":238,"column":5}},"line":232},"12":{"name":"(anonymous_12)","decl":{"start":{"line":240,"column":11},"end":{"line":240,"column":12}},"loc":{"start":{"line":240,"column":17},"end":{"line":240,"column":71}},"line":240},"13":{"name":"(anonymous_13)","decl":{"start":{"line":244,"column":12},"end":{"line":244,"column":13}},"loc":{"start":{"line":244,"column":18},"end":{"line":258,"column":3}},"line":244}},"branchMap":{"0":{"loc":{"start":{"line":20,"column":4},"end":{"line":24,"column":null}},"type":"if","locations":[{"start":{"line":20,"column":4},"end":{"line":24,"column":null}},{"start":{},"end":{}}],"line":20},"1":{"loc":{"start":{"line":30,"column":29},"end":{"line":30,"column":69}},"type":"binary-expr","locations":[{"start":{"line":30,"column":29},"end":{"line":30,"column":41}},{"start":{"line":30,"column":45},"end":{"line":30,"column":60}},{"start":{"line":30,"column":64},"end":{"line":30,"column":69}}],"line":30},"2":{"loc":{"start":{"line":31,"column":12},"end":{"line":31,"column":49}},"type":
[...]
"type":"binary-expr","locations":[{"start":{"line":396,"column":30},"end":{"line":396,"column":43}},{"start":{"line":396,"column":43},"end":{"line":396,"column":58}},{"start":{"line":396,"column":58},"end":{"line":396,"column":69}},{"start":{"line":396,"column":69},"end":{"line":396,"column":73}}],"line":396},"55":{"loc":{"start":{"line":409,"column":9},"end":{"line":421,"column":null}},"type":"binary-expr","locations":[{"start":{"line":409,"column":9},"end":{"line":409,"column":null}},{"start":{"line":410,"column":10},"end":{"line":421,"column":null}}],"line":409},"56":{"loc":{"start":{"line":425,"column":7},"end":{"line":446,"column":null}},"type":"binary-expr","locations":[{"start":{"line":425,"column":7},"end":{"line":425,"column":null}},{"start":{"line":426,"column":8},"end":{"line":446,"column":null}}],"line":425}},"s":{"0":1,"1":80,"2":80,"3":80,"4":80,"5":80,"6":80,"7":80,"8":80,"9":80,"10":7,"11":7,"12":7,"13":0,"14":7,"15":1,"16":1,"17":80,"18":30,"19":30,"20":30,"21":30,"22":1,"23":1,"24":1,"25":29,"26":29,"27":80,"28":29,"29":29,"30":2,"31":2,"32":1,"33":29,"34":2,"35":2,"36":2,"37":27,"38":27,"39":27,"40":2,"41":2,"42":2,"43":27,"44":25,"45":25,"46":25,"47":25,"48":15,"49":15,"50":15,"51":14,"52":14,"53":14,"54":14,"55":1,"56":14,"57":13,"58":13,"59":13,"60":10,"61":1,"62":9,"63":9,"64":1,"65":8,"66":29,"67":29,"68":0,"69":8,"70":8,"71":8,"72":8,"73":8,"74":4,"75":4,"76":3,"77":0,"78":3,"79":3,"80":0,"81":3,"82":3,"83":3,"84":3,"85":4,"86":0,"87":3,"88":3,"89":3,"90":3,"91":3,"92":1,"93":26,"94":80,"95":1,"96":1,"97":1,"98":1,"99":0,"100":1,"101":1,"102":1,"103":1,"104":0,"105":0,"106":80,"107":4,"108":3,"109":3,"110":1,"111":4,"112":4,"113":1,"114":1,"115":80,"116":1,"117":80,"118":4,"119":0,"120":0,"121":4,"122":4,"123":1,"124":1,"125":3,"126":3,"127":3,"128":3,"129":3,"130":1,"131":2,"132":2,"133":1,"134":1,"135":0,"136":1,"137":2,"138":80,"139":30,"140":30,"141":7,"142":80,"143":43,"144":37,"145":4,"146":33,"147":76,"148":76,"149":76,"150":22,"151":22,"152":22,"153":54,"154":30,"155":30,"156":30,"157":24,"158":24,"159":24,"160":76,"161":76,"162":22,"163":54,"164":30,"165":24,"166":76,"167":4},"f":{"0":80,"1":7,"2":1,"3":30,"4":29,"5":1,"6":1,"7":4,"8":1,"9":4,"10":0,"11":30,"12":30,"13":76,"14":4},"b":{"0":[0,7],"1":[1,29],"2":[2,27],"3":[1,1],"4":[2,27],"5":[29,28],"6":[2,25],"7":[25,2],"8":[15,10],"9":[25,16,15],"10":[14,1],"11":[1,9],"12":[1,8],"13":[1,0],"14":[8,1,0],"15":[29,1,1],"16":[0,29],"17":[0,3],"18":[0,3],"19":[0,0],"20":[3,0],"21":[3,1,1,0,0,0,0],"22":[3,0],"23":[3,3],"24":[0,4],"25":[0,1],"26":[1,0],"27":[1,0,0],"28":[0,1],"29":[1,1],"30":[3,1],"31":[1,0,0],"32":[1,3],"33":[0,4],"34":[1,3],"35":[1,2],"36":[1,1],"37":[1,0],"38":[7,23],"39":[43,37],"40":[4,33],"41":[2,31],"42":[76,61],"43":[22,54],"44":[30,24],"45":[15,15],"46":[22,54],"47":[30,24],"48":[76,0],"49":[22,54],"50":[22,54],"51":[76,1,1,0],"52":[22,54],"53":[30,24],"54":[76,1,1,0],"55":[80,31],"56":[80,7]},"meta":{"lastBranch":57,"lastFunction":15,"lastStatement":168,"seen":{"s:4:22:450:Infinity":0,"f:4:22:4:28":0,"s:5:24:5:Infinity":1,"s:6:38:6:Infinity":2,"s:7:28:7:Infinity":3,"s:8:24:8:Infinity":4,"s:9:34:9:Infinity":5,"s:10:38:10:Infinity":6,"s:11:32:11:Infinity":7,"s:12:24:12:Infinity":8,"s:14:8:22:Infinity":9,"f:14:35:14:36":1,"s:15:4:15:Infinity":10,"s:16:4:16:Infinity":11,"b:17:4:17:Infinity:undefined:undefined:undefined:undefined":0,"s:17:4:17:Infinity":12,"s:17:31:17:Infinity":13,"s:18:4:21:Infinity":14,"f:18:39:18:45":2,"s:19:6:19:Infinity":15,"s:20:6:20:Infinity":16,"s:24:2:38:Infinity":17,"f:24:12:24:18":3,"s:25:4:25:Infinity":18,"s:27:22:27:Infinity":19,"s:28:19:28:Infinity":20,"b:30:4:34:Infinity:undefined:undefined:undefined:undefined":1,"s:30:4:34:Infinity":21,"s:31:6:31:Infinity":22,"s:32:6:32:Infinity":23,"s:33:6:33:Infinity":24,"s:36:4:36:Infinity":25,"s:37:4:37:Infinity":26,"s:40:23:154:Infinity":27,"f:40:23:40:30":4,"s:41:23:41:Infinity":28,"b:42:4:47:Infinity:undefined:undefined:undefined:undefined":2,"s:42:4:47:Infinity":29,"s:43:6:43:Infinity":30,"b:44:6:46:Infinity:undefined:undefined:undefined:undefined":3,"s:44:6:46:Infinity":31,"s:45:8:45:Infinity":32,"b:49:4:53:Infinity:undefined:undefined:undefined:undefined":4,"s:49:4:53:Infinity":33,"b:49:8:49:25:49:25:49:70":5,"s:50:6:50:Infinity":34,"s:51:6:51:Infinity":35,"s:52:6:52:Infinity":36,"s:55:4:153:Infinity":37,"s:57:27:57:Infinity":38,"b:58:6:62:Infinity:undefined:undefined:undefined:undefined":6,"s:58:6:62:Infinity":39,"s:59:8:59:Infinity":40,"s:60:8:60:Infinity":41,"s:61:8:61:Infinity":42,"b:64:6:84:Infinity:undefined:undefined:undefined:undefined":7,"s:64:6:84:Infinity":43,"s:65:29:65:Infinity":44,"s:66:36:66:Infinity":45,"s:67:34:67:Infinity":46,"b:69:8:83:Infinity:undefined:undefined:undefined:undefined":8,"s:69:8:83:Infinity":47,"b:69:12:69:28:69:28:69:60:69:60:69:81":9,"s:70:10:82:Infinity":48,"s:71:32:71:Infinity":49,"b:72:12:79:Infinity:undefined:undefined:undefined:undefined":10,"s:72:12:79:Infinity":50,"s:73:14:73:Infinity":51,"s:74:14:74:Infinity":52,"s:75:14:75:Infinity":53,"s:77:14:77:Infinity":54,"f:77:25:77:31":5,"s:77:31:77:91":55,"s:78:14:78:Infinity":56,"s:87:6:148:Infinity":57,"s:88:25:88:Infinity":58,"s:89:25:89:Infinity":59,"b:91:8:93:Infinity:undefined:undefined:undefined:undefined":11,"s:91:8:93:Infinity":60,"s:92:10:92:Infinity":61,"s:95:21:95:Infinity":62,"b:96:8:98:Infinity:undefined:undefined:undefined:undefined":12,"s:96:8:98:Infinity":63,"s:97:10:97:Infinity":64,"b:97:26:97:40:97:40:97:51":13,"s:100:29:100:Infinity":65,"b:100:29:100:49:100:49:100:62:100:62:100:Infinity":14,"s:102:10:102:Infinity":66,"b:102:10:102:37:102:37:102:87:102:87:102:Infinity":15,"b:104:8:106:Infinity:undefined:undefined:undefined:undefined":16,"s:104:8:106:Infinity":67,"s:105:10:105:Infinity":68,"s:108:8:108:Infinity":69,"s:109:8:109:Infinity":70,"s:110:8:110:Infinity":71,"s:111:8:111:Infinity":72,"s:112:8:112:Infinity":73,"s:115:25:115:Infinity":74,"s:116:25:116:Infinity":75,"b:118:8:120:Infinity:undefined:undefined:undefined:undefined":17,"s:118:8:120:Infinity":76,"s:119:10:119:Infinity":77,"s:122:21:122:Infinity":78,"b:123:8:125:Infinity:undefined:undefined:undefined:undefined":18,"s:123:8:125:Infinity":79,"s:124:10:124:Infinity":80,"b:124:26:124:40:124:40:124:55":19,"s:127:34:127:Infinity":81,"b:128:8:136:Infinity:undefined:undefined:undefined:undefined":20,"s:128:8:136:Infinity":82,"s:129:10:135:Infinity":83,"b:130:12:130:Infinity:131:13:131:35:131:35:131:Infinity:132:12:132:Infinity:133:12:133:Infinity:134:12:134:Infinity:135:12:135:Infinity":21,"s:138:29:138:Infinity":84,"b:138:75:138:93:138:93:138:Infinity":22,"b:138:29:138:42:138:42:138:75":23,"b:139:8:141:Infinity:undefined:undefined:undefined:undefined":24,"s:139:8:141:Infinity":85,"s:140:10:140:Infinity":86,"s:143:8:143:Infinity":87,"s:144:8:144:Infinity":88,"s:145:8:145:Infinity":89,"s:146:8:146:Infinity":90,"s:147:8:147:Infinity":91,"s:150:6:150:Infinity":92,"s:152:6:152:Infinity":93,"s:156:34:173:Infinity":94,"f:156:34:156:41":6,"s:157:4:172:Infinity":95,"s:158:23:158:Infinity":96,"s:159:23:159:Infinity":97,"b:160:6:160:Infinity:undefined:undefined:undefined:undefined":25,"s:160:6:160:Infinity":98,"s:160:24:160:Infinity":99,"s:162:19:162:Infinity":100,"b:163:6:169:Infinity:undefined:undefined:undefined:undefined":26,"s:163:6:169:Infinity":101,"s:164:29:164:Infinity":102,"b:164:29:164:49:164:49:164:62:164:62:164:Infinity":27,"b:165:8:168:Infinity:undefined:undefined:undefined:undefined":28,"s:165:8:168:Infinity":103,"b:165:12:165:43:165:43:165:68":29,"s:166:10:166:Infinity":104,"s:167:10:167:Infinity":105,"s:175:8:190:Infinity":106,"f:176:4:176:5":7,"b:177:6:180:Infinity:undefined:undefined:undefined:undefined":30,"s:177:6:180:Infinity":107,"s:178:8:178:Infinity":108,"s:179:8:179:Infinity":109,"s:182:21:182:Infinity":110,"b:182:28:182:39:182:39:182:54:182:54:182:56":31,"s:183:12:183:Infinity":111,"b:184:6:186:Infinity:undefined:undefined:undefined:undefined":32,"s:184:6:186:Infinity":112,"s:185:8:185:Infinity":113,"s:187:6:187:Infinity":114,"s:192:8:194:Infinity":115,"f:192:39:192:45":8,"s:193:4:193:Infinity":116,"s:196:8:238:Infinity":117,"f:196:47:196:59":9,"b:197:4:200:Infinity:undefined:undefined:undefined:undefined":33,"s:197:4:200:Infinity":118,"s:198:6:198:Infinity":119,"s:199:6:199:Infinity":120,"s:202:19:202:Infinity":121,"b:203:4:206:Infinity:undefined:undefined:undefined:undefined":34,"s:203:4:206:Infinity":122,"s:204:6:204:Infinity":123,"s:205:6:205:Infinity":124,"s:208:4:237:Infinity":125,"s:209:20:209:Infinity":126,"s:211:8:215:Infinity":127,"s:217:23:223:Infinity":128,"b:225:6:225:Infinity:undefined:undefined:undefined:undefined":35,"s:225:6:225:Infinity":129,"s:225:24:225:Infinity":130,"s:227:21:227:Infinity":131,"b:229:6:234:Infinity:232:13:234:Infinity":36,"s:229:6:234:Infinity":132,"s:230:8:230:Infinity":133,"s:231:8:231:Infinity":134,"f:231:19:231:25":10,"s:231:25:231:51":135,"s:233:8:233:Infinity":136,"b:233:24:233:40:233:40:233:55":37,"s:236:6:236:Infinity":137,"s:241:2:245:Infinity":138,"f:241:12:241:18":11,"s:242:4:244:Infinity":139,"f:242:11:242:17":12,"b:243:6:243:Infinity:undefined:undefined:undefined:undefined":38,"s:243:6:243:Infinity":140,"s:243:33:243:Infinity":141,"b:248:2:276:Infinity:undefined:undefined:undefined:undefined":39,"s:248:2:276:Infinity":142,"s:249:4:274:Infinity":143,"b:279:2:304:Infinity:undefined:undefined:undefined:undefined":40,"s:279:2:304:Infinity":144,"s:280:4:302:Infinity":145,"s:307:2:448:Infinity":146,"b:342:12:342:Infinity:344:12:404:Infinity":41,"f:344:22:344:23":13,"s:345:39:345:Infinity":147,"s:346:34:346:Infinity":148,"b:346:34:346:72:346:72:346:Infinity":42,"b:349:14:363:Infinity:353:14:363:Infinity":43,"s:349:14:363:Infinity":149,"s:350:16:350:Infinity":150,"s:351:16:351:Infinity":151,"s:352:16:352:Infinity":152,"b:353:14:363:Infinity:359:21:363:Infinity":44,"s:353:14:363:Infinity":153,"s:354:16:354:Infinity":154,"s:355:16:355:Infinity":155,"s:356:16:358:Infinity":156,"b:357:20:357:Infinity:358:20:358:Infinity":45,"s:360:16:360:Infinity":157,"s:361:16:361:Infinity":158,"s:362:16:362:Infinity":159,"s:366:16:366:Infinity":160,"b:367:14:373:Infinity:369:14:373:Infinity":46,"s:367:14:373:Infinity":161,"s:368:16:368:Infinity":162,"b:369:14:373:Infinity:371:21:373:Infinity":47,"s:369:14:373:Infinity":163,"s:370:16:370:Infinity":164,"s:372:16:372:Infinity":165,"s:375:14:402:Infinity":166,"b:377:23:377:34:377:34:377:Infinity":48,"b:379:47:379:52:379:52:379:Infinity":49,"b:380:43:380:60:380:60:380:Infinity":50,"b:382:27:382:40:382:40:382:55:382:55:382:66:382:66:382:70":51,"b:383:40:383:50:383:50:383:Infinity":52,"b:383:64:383:74:383:74:383:Infinity":53,"f:385:27:385:33":14,"s:385:33:385:Infinity":167,"b:396:30:396:43:396:43:396:58:396:58:396:69:396:69:396:73":54,"b:409:9:409:Infinity:410:10:421:Infinity":55,"b:425:7:425:Infinity:426:8:446:Infinity":56}}}
,"/Users/miya/Documents/GitHub/daishin_kaihatu_project/src/utils/gasClient.js": {"path":"/Users/miya/Documents/GitHub/daishin_kaihatu_project/src/utils/gasClient.js","statementMap":{"0":{"start":{"line":8,"column":24},"end":{"line":8,"column":66}},"1":{"start":{"line":17,"column":25},"end":{"line":27,"column":1}},"2":{"start":{"line":18,"column":2},"end":{"line":26,"column":null}},"3":{"start":{"line":19,"column":4},"end":{"line":23,"column":null}},"4":{"start":{"line":25,"column":4},"end":{"line":25,"column":null}},"5":{"start":{"line":36,"column":31},"end":{"line":46,"column":1}},"6":{"start":{"line":37,"column":14},"end":{"line":37,"column":35}},"7":{"start":{"line":38,"column":21},"end":{"line":38,"column":70}},"8":{"start":{"line":39,"column":19},"end":{"line":39,"column":42}},"9":{"start":{"line":41,"column":2},"end":{"line":43,"column":null}},"10":{"start":{"line":42,"column":4},"end":{"line":42,"column":null}},"11":{"start":{"line":45,"column":2},"end":{"line":45,"column":null}},"12":{"start":{"line":56,"column":26},"end":{"line":66,"column":1}},"13":{"start":{"line":57,"column":14},"end":{"line":57,"column":35}},"14":{"start":{"line":58,"column":21},"end":{"line":58,"column":110}},"15":{"start":{"line":59,"column":19},"end":{"line":59,"column":42}},"16":{"start":{"line":61,"column":2},"end":{"line":63,"column":null}},"17":{"start":{"line":62,"column":4},"end":{"line":62,"column":null}},"18":{"start":{"line":65,"column":2},"end":{"line":65,"column":null}},"19":{"start":{"line":77,"column":34},"end":{"line":87,"column":1}},"20":{"start":{"line":78,"column":14},"end":{"line":78,"column":35}},"21":{"start":{"line":79,"column":21},"end":{"line":79,"column":135}},"22":{"start":{"line":80,"column":19},"end":{"line":80,"column":42}},"23":{"start":{"line":82,"column":2},"end":{"line":84,"column":null}},"24":{"start":{"line":83,"column":4},"end":{"line":83,"column":null}},"25":{"start":{"line":86,"column":2},"end":{"line":86,"column":null}},"26":{"start":{"line":100,"column":35},"end":{"line":117,"column":1}},"27":{"start":{"line":101,"column":14},"end":{"line":101,"column":35}},"28":{"start":{"line":102,"column":17},"end":{"line":107,"column":4}},"29":{"start":{"line":109,"column":21},"end":{"line":109,"column":39}},"30":{"start":{"line":110,"column":19},"end":{"line":110,"column":61}},"31":{"start":{"line":112,"column":2},"end":{"line":114,"column":null}},"32":{"start":{"line":113,"column":4},"end":{"line":113,"column":null}},"33":{"start":{"line":116,"column":2},"end":{"line":116,"column":null}},"34":{"start":{"line":129,"column":34},"end":{"line":145,"column":1}},"35":{"start":{"line":130,"column":14},"end":{"line":130,"column":35}},"36":{"start":{"line":131,"column":17},"end":{"line":135,"column":4}},"37":{"start":{"line":137,"column":21},"end":{"line":137,"column":39}},"38":{"start":{"line":138,"column":19},"end":{"line":138,"column":61}},"39":{"start":{"line":140,"column":2},"end":{"line":142,"column":null}},"40":{"start":{"line":141,"column":4},"end":{"line":141,"column":null}},"41":{"start":{"line":144,"column":2},"end":{"line":144,"column":null}}},"fnMap":{"0":{"name":"(anonymous_0)","decl":{"start":{"line":17,"column":25},"end":{"line":17,"column":26}},"loc":{"start":{"line":17,"column":31},"end":{"line":27,"column":1}},"line":17},"1":{"name":"(anonymous_1)","decl":{"start":{"line":36,"column":31},"end":{"line":36,"column":36}},"loc":{"start":{"line":36,"column":49},"end":{"line":46,"column":1}},"line":36},"2":{"name":"(anonymous_2)","decl":{"start":{"line":56,"column":26},"end":{"line":56,"column":31}},"loc":{"start":{"line":56,"column":56},"end":{"line":66,"column":1}},"line":56},"3":{"name":"(anonymous_3)","decl":{"start":{"line":77,"column":34},"end":{"line":77,"column":39}},"loc":{"start":{"line":77,"column":72},"end":{"line":87,"column":1}},"line":77},"4":{"name":"(anonymous_4)","decl":{"start":{"line":100,"column":35},"end":{"line":100,"column":40}},"loc":{"start":{"line":100,"column":83},"end":{"line":117,"column":1}},"line":100},"5":{"name":"(anonymous_5)","decl":{"start":{"line":129,"column":34},"end":{"line":129,"column":39}},"loc":{"start":{"line":129,"column":80},"end":{"line":145,"column":1}},"line":129}},"branchMap":{"0":{"loc":{"start":{"line":8,"column":24},"end":{"line":8,"column":66}},"type":"binary-expr","locations":[{"start":{"line":8,"column":24},"end":{"line":8,"column":60}},{"start":{"line":8,"column":64},"end":{"line":8,"column":66}}],"line":8},"1":{"loc":{"start":{"line":20,"column":6},"end":{"line":22,"column":null}},"type":"binary-expr","locations":[{"start":{"line":20,"column":6},"end":{"line":20,"column":44}},{"start":{"line":21,"column":6},"end":{"line":21,"column":42}},{"start":{"line":22,"column":6},"end":{"line":22,"column":null}}],"line":20},"2":{"loc":{"start":{"line":37,"column":14},"end":{"line":37,"column":35}},"type":"binary-expr","locations":[{"start":{"line":37,"column":14},"end":{"line":37,"column":20}},{"start":{"line":37,"column":24},"end":{"line":37,"column":35}}],"line":37},"3":{"loc":{"start":{"line":41,"column":2},"end":{"line":43,"column":null}},"type":"if","locations":[{"start":{"line":41,"column":2},"end":{"line":43,"column":null}},{"start":{},"end":{}}],"line":41},"4":{"loc":{"start":{"line":57,"column":14},"end":{"line":57,"column":35}},"type":"binary-expr","locations":[{"start":{"line":57,"column":14},"end":{"line":57,"column":20}},{"start":{"line":57,"column":24},"end":{"line":57,"column":35}}],"line":57},"5":{"loc":{"start":{"line":61,"column":2},"end":{"line":63,"column":null}},"type":"if","locations":[{"start":{"line":61,"column":2},"end":{"line":63,"column":null}},{"start":{},"end":{}}],"line":61},"6":{"loc":{"start":{"line":78,"column":14},"end":{"line":78,"column":35}},"type":"binary-expr","locations":[{"start":{"line":78,"column":14},"end":{"line":78,"column":20}},{"start":{"line":78,"column":24},"end":{"line":78,"column":35}}],"line":78},"7":{"loc":{"start":{"line":82,"column":2},"end":{"line":84,"column":null}},"type":"if","locations":[{"start":{"line":82,"column":2},"end":{"line":84,"column":null}},{"start":{},"end":{}}],"line":82},"8":{"loc":{"start":{"line":101,"column":14},"end":{"line":101,"column":35}},"type":"binary-expr","locations":[{"start":{"line":101,"column":14},"end":{"line":101,"column":20}},{"start":{"line":101,"column":24},"end":{"line":101,"column":35}}],"line":101},"9":{"loc":{"start":{"line":112,"column":2},"end":{"line":114,"column":null}},"type":"if","locations":[{"start":{"line":112,"column":2},"end":{"line":114,"column":null}},{"start":{},"end":{}}],"line":112},"10":{"loc":{"start":{"line":130,"column":14},"end":{"line":130,"column":35}},"type":"binary-expr","locations":[{"start":{"line":130,"column":14},"end":{"line":130,"column":20}},{"start":{"line":130,"column":24},"end":{"line":130,"column":35}}],"line":130},"11":{"loc":{"start":{"line":140,"column":2},"end":{"line":142,"column":null}},"type":"if","locations":[{"start":{"line":140,"column":2},"end":{"line":142,"column":null}},{"start":{},"end":{}}],"line":140}},"s":{"0":1,"1":1,"2":5,"3":5,"4":1,"5":1,"6":2,"7":2,"8":2,"9":2,"10":1,"11":1,"12":1,"13":1,"14":1,"15":1,"16":1,"17":0,"18":1,"19":1,"20":1,"21":1,"22":1,"23":1,"24":0,"25":1,"26":1,"27":1,"28":1,"29":1,"30":1,"31":1,"32":0,"33":1,"34":1,"35":1,"36":1,"37":1,"38":1,"39":1,"40":0,"41":1},"f":{"0":5,"1":2,"2":1,"3":1,"4":1,"5":1},"b":{"0":[1,0],"1":[5,3,2],"2":[2,0],"3":[1,1],"4":[1,0],"5":[0,1],"6":[1,0],"7":[0,1],"8":[1,0],"9":[0,1],"10":[1,0],"11":[0,1]},"meta":{"lastBranch":12,"lastFunction":6,"lastStatement":42,"seen":{"s:8:24:8:66":0,"b:8:24:8:60:8:64:8:66":0,"s:17:25:27:1":1,"f:17:25:17:26":0,"s:18:2:26:Infinity":2,"s:19:4:23:Infinity":3,"b:20:6:20:44:21:6:21:42:22:6:22:Infinity":1,"s:25:4:25:Infinity":4,"s:36:31:46:1":5,"f:36:31:36:36":1,"s:37:14:37:35":6,"b:37:14:37:20:37:24:37:35":2,"s:38:21:38:70":7,"s:39:19:39:42":8,"b:41:2:43:Infinity:undefined:undefined:undefined:undefined":3,"s:41:2:43:Infinity":9,"s:42:4:42:Infinity":10,"s:45:2:45:Infinity":11,"s:56:26:66:1":12,"f:56:26:56:31":2,"s:57:14:57:35":13,"b:57:14:57:20:57:24:57:35":4,"s:58:21:58:110":14,"s:59:19:59:42":15,"b:61:2:63:Infinity:undefined:undefined:undefined:undefined":5,"s:61:2:63:Infinity":16,"s:62:4:62:Infinity":17,"s:65:2:65:Infinity":18,"s:77:34:87:1":19,"f:77:34:77:39":3,"s:78:14:78:35":20,"b:78:14:78:20:78:24:78:35":6,"s:79:21:79:135":21,"s:80:19:80:42":22,"b:82:2:84:Infinity:undefined:undefined:undefined:undefined":7,"s:82:2:84:Infinity":23,"s:83:4:83:Infinity":24,"s:86:2:86:Infinity":25,"s:100:35:117:1":26,"f:100:35:100:40":4,"s:101:14:101:35":27,"b:101:14:101:20:101:24:101:35":8,"s:102:17:107:4":28,"s:109:21:109:39":29,"s:110:19:110:61":30,"b:112:2:114:Infinity:undefined:undefined:undefined:undefined":9,"s:112:2:114:Infinity":31,"s:113:4:113:Infinity":32,"s:116:2:116:Infinity":33,"s:129:34:145:1":34,"f:129:34:129:39":5,"s:130:14:130:35":35,"b:130:14:130:20:130:24:130:35":10,"s:131:17:135:4":36,"s:137:21:137:39":37,"s:138:19:138:61":38,"b:140:2:142:Infinity:undefined:undefined:undefined:undefined":11,"s:140:2:142:Infinity":39,"s:141:4:141:Infinity":40,"s:144:2:144:Infinity":41}}}
}
