{"/Users/miya/Documents/GitHub/daishin_kaihatu_project/src/components/NetworkStatusBar.tsx": {"path":"/Users/miya/Documents/GitHub/daishin_kaihatu_project/src/components/NetworkStatusBar.tsx","statementMap":{"0":{"start":{"line":4,"column":25},"end":{"line":50,"column":null}},"1":{"start":{"line":5,"column":19},"end":{"line":5,"column":null}},"2":{"start":{"line":6,"column":34},"end":{"line":6,"column":null}},"3":{"start":{"line":7,"column":42},"end":{"line":7,"column":null}},"4":{"start":{"line":9,"column":2},"end":{"line":21,"column":null}},"5":{"start":{"line":10,"column":4},"end":{"line":20,"column":null}},"6":{"start":{"line":11,"column":6},"end":{"line":11,"column":null}},"7":{"start":{"line":12,"column":6},"end":{"line":12,"column":null}},"8":{"start":{"line":13,"column":4},"end":{"line":20,"column":null}},"9":{"start":{"line":14,"column":6},"end":{"line":14,"column":null}},"10":{"start":{"line":15,"column":20},"end":{"line":18,"column":null}},"11":{"start":{"line":16,"column":8},"end":{"line":16,"column":null}},"12":{"start":{"line":17,"column":8},"end":{"line":17,"column":null}},"13":{"start":{"line":19,"column":6},"end":{"line":19,"column":null}},"14":{"start":{"line":19,"column":19},"end":{"line":19,"column":null}},"15":{"start":{"line":24,"column":2},"end":{"line":34,"column":null}},"16":{"start":{"line":25,"column":4},"end":{"line":32,"column":null}},"17":{"start":{"line":37,"column":2},"end":{"line":47,"column":null}},"18":{"start":{"line":38,"column":4},"end":{"line":45,"column":null}},"19":{"start":{"line":49,"column":2},"end":{"line":49,"column":null}}},"fnMap":{"0":{"name":"(anonymous_0)","decl":{"start":{"line":4,"column":25},"end":{"line":4,"column":31}},"loc":{"start":{"line":4,"column":31},"end":{"line":50,"column":null}},"line":4},"1":{"name":"(anonymous_1)","decl":{"start":{"line":9,"column":12},"end":{"line":9,"column":18}},"loc":{"start":{"line":9,"column":18},"end":{"line":21,"column":5}},"line":9},"2":{"name":"(anonymous_2)","decl":{"start":{"line":15,"column":31},"end":{"line":15,"column":37}},"loc":{"start":{"line":15,"column":37},"end":{"line":18,"column":9}},"line":15},"3":{"name":"(anonymous_3)","decl":{"start":{"line":19,"column":13},"end":{"line":19,"column":19}},"loc":{"start":{"line":19,"column":19},"end":{"line":19,"column":null}},"line":19}},"branchMap":{"0":{"loc":{"start":{"line":10,"column":4},"end":{"line":20,"column":null}},"type":"if","locations":[{"start":{"line":10,"column":4},"end":{"line":20,"column":null}},{"start":{"line":13,"column":4},"end":{"line":20,"column":null}}],"line":10},"1":{"loc":{"start":{"line":13,"column":4},"end":{"line":20,"column":null}},"type":"if","locations":[{"start":{"line":13,"column":4},"end":{"line":20,"column":null}},{"start":{},"end":{}}],"line":13},"2":{"loc":{"start":{"line":24,"column":2},"end":{"line":34,"column":null}},"type":"if","locations":[{"start":{"line":24,"column":2},"end":{"line":34,"column":null}},{"start":{},"end":{}}],"line":24},"3":{"loc":{"start":{"line":24,"column":6},"end":{"line":24,"column":34}},"type":"binary-expr","locations":[{"start":{"line":24,"column":6},"end":{"line":24,"column":24}},{"start":{"line":24,"column":24},"end":{"line":24,"column":34}}],"line":24},"4":{"loc":{"start":{"line":37,"column":2},"end":{"line":47,"column":null}},"type":"if","locations":[{"start":{"line":37,"column":2},"end":{"line":47,"column":null}},{"start":{},"end":{}}],"line":37}},"s":{"0":3,"1":249,"2":249,"3":249,"4":249,"5":104,"6":0,"7":0,"8":104,"9":0,"10":0,"11":0,"12":0,"13":0,"14":0,"15":249,"16":0,"17":249,"18":0,"19":249},"f":{"0":249,"1":104,"2":0,"3":0},"b":{"0":[0,104],"1":[0,104],"2":[0,249],"3":[249,0],"4":[0,249]},"meta":{"lastBranch":5,"lastFunction":4,"lastStatement":20,"seen":{"s:4:25:50:Infinity":0,"f:4:25:4:31":0,"s:5:19:5:Infinity":1,"s:6:34:6:Infinity":2,"s:7:42:7:Infinity":3,"s:9:2:21:Infinity":4,"f:9:12:9:18":1,"b:10:4:20:Infinity:13:4:20:Infinity":0,"s:10:4:20:Infinity":5,"s:11:6:11:Infinity":6,"s:12:6:12:Infinity":7,"b:13:4:20:Infinity:undefined:undefined:undefined:undefined":1,"s:13:4:20:Infinity":8,"s:14:6:14:Infinity":9,"s:15:20:18:Infinity":10,"f:15:31:15:37":2,"s:16:8:16:Infinity":11,"s:17:8:17:Infinity":12,"s:19:6:19:Infinity":13,"f:19:13:19:19":3,"s:19:19:19:Infinity":14,"b:24:2:34:Infinity:undefined:undefined:undefined:undefined":2,"s:24:2:34:Infinity":15,"b:24:6:24:24:24:24:24:34":3,"s:25:4:32:Infinity":16,"b:37:2:47:Infinity:undefined:undefined:undefined:undefined":4,"s:37:2:47:Infinity":17,"s:38:4:45:Infinity":18,"s:49:2:49:Infinity":19}}}
,"/Users/miya/Documents/GitHub/daishin_kaihatu_project/src/components/MeterReading/MeterReadingApp.tsx": {"path":"/Users/miya/Documents/GitHub/daishin_kaihatu_project/src/components/MeterReading/MeterReadingApp.tsx","statementMap":{"0":{"start":{"line":19,"column":24},"end":{"line":467,"column":null}},"1":{"start":{"line":20,"column":19},"end":{"line":20,"column":null}},"2":{"start":{"line":32,"column":2},"end":{"line":32,"column":null}},"3":{"start":{"line":34,"column":48},"end":{"line":34,"column":null}},"4":{"start":{"line":46,"column":2},"end":{"line":51,"column":null}},"5":{"start":{"line":53,"column":67},"end":{"line":60,"column":null}},"6":{"start":{"line":63,"column":40},"end":{"line":63,"column":null}},"7":{"start":{"line":66,"column":2},"end":{"line":77,"column":null}},"8":{"start":{"line":67,"column":4},"end":{"line":76,"column":null}},"9":{"start":{"line":68,"column":22},"end":{"line":68,"column":null}},"10":{"start":{"line":69,"column":6},"end":{"line":73,"column":null}},"11":{"start":{"line":70,"column":8},"end":{"line":72,"column":null}},"12":{"start":{"line":71,"column":10},"end":{"line":71,"column":null}},"13":{"start":{"line":74,"column":6},"end":{"line":74,"column":null}},"14":{"start":{"line":74,"column":28},"end":{"line":74,"column":null}},"15":{"start":{"line":75,"column":6},"end":{"line":75,"column":null}},"16":{"start":{"line":79,"column":8},"end":{"line":127,"column":null}},"17":{"start":{"line":80,"column":48},"end":{"line":80,"column":null}},"18":{"start":{"line":82,"column":4},"end":{"line":104,"column":null}},"19":{"start":{"line":83,"column":19},"end":{"line":83,"column":null}},"20":{"start":{"line":84,"column":12},"end":{"line":84,"column":null}},"21":{"start":{"line":85,"column":27},"end":{"line":85,"column":null}},"22":{"start":{"line":87,"column":6},"end":{"line":103,"column":null}},"23":{"start":{"line":88,"column":29},"end":{"line":88,"column":null}},"24":{"start":{"line":89,"column":8},"end":{"line":102,"column":null}},"25":{"start":{"line":90,"column":33},"end":{"line":95,"column":null}},"26":{"start":{"line":97,"column":10},"end":{"line":101,"column":null}},"27":{"start":{"line":107,"column":25},"end":{"line":107,"column":null}},"28":{"start":{"line":108,"column":4},"end":{"line":124,"column":null}},"29":{"start":{"line":109,"column":27},"end":{"line":109,"column":null}},"30":{"start":{"line":110,"column":6},"end":{"line":123,"column":null}},"31":{"start":{"line":111,"column":31},"end":{"line":116,"column":null}},"32":{"start":{"line":118,"column":8},"end":{"line":122,"column":null}},"33":{"start":{"line":126,"column":4},"end":{"line":126,"column":null}},"34":{"start":{"line":129,"column":8},"end":{"line":175,"column":null}},"35":{"start":{"line":131,"column":6},"end":{"line":131,"column":null}},"36":{"start":{"line":131,"column":34},"end":{"line":131,"column":61}},"37":{"start":{"line":132,"column":12},"end":{"line":132,"column":null}},"38":{"start":{"line":133,"column":27},"end":{"line":133,"column":null}},"39":{"start":{"line":135,"column":6},"end":{"line":172,"column":null}},"40":{"start":{"line":136,"column":8},"end":{"line":136,"column":null}},"41":{"start":{"line":136,"column":34},"end":{"line":136,"column":58}},"42":{"start":{"line":137,"column":8},"end":{"line":140,"column":null}},"43":{"start":{"line":137,"column":34},"end":{"line":140,"column":10}},"44":{"start":{"line":141,"column":6},"end":{"line":172,"column":null}},"45":{"start":{"line":142,"column":8},"end":{"line":142,"column":null}},"46":{"start":{"line":142,"column":34},"end":{"line":142,"column":67}},"47":{"start":{"line":143,"column":8},"end":{"line":143,"column":null}},"48":{"start":{"line":143,"column":34},"end":{"line":143,"column":59}},"49":{"start":{"line":145,"column":8},"end":{"line":145,"column":null}},"50":{"start":{"line":145,"column":34},"end":{"line":145,"column":58}},"51":{"start":{"line":146,"column":14},"end":{"line":146,"column":null}},"52":{"start":{"line":147,"column":8},"end":{"line":147,"column":null}},"53":{"start":{"line":147,"column":34},"end":{"line":147,"column":68}},"54":{"start":{"line":150,"column":37},"end":{"line":150,"column":null}},"55":{"start":{"line":151,"column":45},"end":{"line":151,"column":null}},"56":{"start":{"line":152,"column":47},"end":{"line":152,"column":null}},"57":{"start":{"line":154,"column":14},"end":{"line":159,"column":null}},"58":{"start":{"line":161,"column":8},"end":{"line":171,"column":null}},"59":{"start":{"line":162,"column":10},"end":{"line":170,"column":null}},"60":{"start":{"line":163,"column":12},"end":{"line":169,"column":null}},"61":{"start":{"line":177,"column":8},"end":{"line":204,"column":null}},"62":{"start":{"line":179,"column":35},"end":{"line":179,"column":null}},"63":{"start":{"line":180,"column":6},"end":{"line":180,"column":null}},"64":{"start":{"line":180,"column":34},"end":{"line":180,"column":57}},"65":{"start":{"line":181,"column":27},"end":{"line":181,"column":null}},"66":{"start":{"line":183,"column":6},"end":{"line":201,"column":null}},"67":{"start":{"line":184,"column":8},"end":{"line":187,"column":null}},"68":{"start":{"line":184,"column":34},"end":{"line":187,"column":10}},"69":{"start":{"line":188,"column":8},"end":{"line":188,"column":null}},"70":{"start":{"line":188,"column":34},"end":{"line":188,"column":75}},"71":{"start":{"line":189,"column":6},"end":{"line":201,"column":null}},"72":{"start":{"line":190,"column":8},"end":{"line":193,"column":null}},"73":{"start":{"line":190,"column":34},"end":{"line":193,"column":10}},"74":{"start":{"line":194,"column":8},"end":{"line":194,"column":null}},"75":{"start":{"line":194,"column":34},"end":{"line":194,"column":75}},"76":{"start":{"line":196,"column":8},"end":{"line":196,"column":null}},"77":{"start":{"line":196,"column":34},"end":{"line":196,"column":74}},"78":{"start":{"line":197,"column":8},"end":{"line":200,"column":null}},"79":{"start":{"line":197,"column":34},"end":{"line":200,"column":10}},"80":{"start":{"line":206,"column":8},"end":{"line":299,"column":null}},"81":{"start":{"line":207,"column":4},"end":{"line":210,"column":null}},"82":{"start":{"line":208,"column":6},"end":{"line":208,"column":null}},"83":{"start":{"line":209,"column":6},"end":{"line":209,"column":null}},"84":{"start":{"line":213,"column":30},"end":{"line":213,"column":null}},"85":{"start":{"line":214,"column":4},"end":{"line":223,"column":null}},"86":{"start":{"line":215,"column":19},"end":{"line":215,"column":null}},"87":{"start":{"line":216,"column":12},"end":{"line":216,"column":null}},"88":{"start":{"line":217,"column":27},"end":{"line":217,"column":null}},"89":{"start":{"line":219,"column":6},"end":{"line":222,"column":null}},"90":{"start":{"line":220,"column":8},"end":{"line":220,"column":null}},"91":{"start":{"line":220,"column":34},"end":{"line":220,"column":76}},"92":{"start":{"line":221,"column":8},"end":{"line":221,"column":null}},"93":{"start":{"line":225,"column":4},"end":{"line":228,"column":null}},"94":{"start":{"line":226,"column":6},"end":{"line":226,"column":null}},"95":{"start":{"line":227,"column":6},"end":{"line":227,"column":null}},"96":{"start":{"line":230,"column":28},"end":{"line":230,"column":null}},"97":{"start":{"line":232,"column":4},"end":{"line":235,"column":null}},"98":{"start":{"line":233,"column":6},"end":{"line":233,"column":null}},"99":{"start":{"line":234,"column":6},"end":{"line":234,"column":null}},"100":{"start":{"line":237,"column":4},"end":{"line":237,"column":null}},"101":{"start":{"line":239,"column":4},"end":{"line":286,"column":null}},"102":{"start":{"line":240,"column":28},"end":{"line":240,"column":null}},"103":{"start":{"line":241,"column":21},"end":{"line":246,"column":null}},"104":{"start":{"line":247,"column":25},"end":{"line":247,"column":null}},"105":{"start":{"line":249,"column":45},"end":{"line":252,"column":null}},"106":{"start":{"line":254,"column":6},"end":{"line":256,"column":null}},"107":{"start":{"line":255,"column":8},"end":{"line":255,"column":null}},"108":{"start":{"line":257,"column":6},"end":{"line":261,"column":null}},"109":{"start":{"line":258,"column":8},"end":{"line":260,"column":null}},"110":{"start":{"line":263,"column":21},"end":{"line":263,"column":null}},"111":{"start":{"line":265,"column":6},"end":{"line":280,"column":null}},"112":{"start":{"line":266,"column":8},"end":{"line":266,"column":null}},"113":{"start":{"line":267,"column":8},"end":{"line":267,"column":null}},"114":{"start":{"line":270,"column":35},"end":{"line":272,"column":null}},"115":{"start":{"line":273,"column":8},"end":{"line":277,"column":null}},"116":{"start":{"line":274,"column":10},"end":{"line":276,"column":null}},"117":{"start":{"line":279,"column":8},"end":{"line":279,"column":null}},"118":{"start":{"line":282,"column":22},"end":{"line":282,"column":null}},"119":{"start":{"line":283,"column":6},"end":{"line":283,"column":null}},"120":{"start":{"line":285,"column":6},"end":{"line":285,"column":null}},"121":{"start":{"line":301,"column":21},"end":{"line":301,"column":null}},"122":{"start":{"line":304,"column":2},"end":{"line":327,"column":null}},"123":{"start":{"line":305,"column":4},"end":{"line":325,"column":null}},"124":{"start":{"line":311,"column":27},"end":{"line":311,"column":null}},"125":{"start":{"line":330,"column":2},"end":{"line":355,"column":null}},"126":{"start":{"line":331,"column":4},"end":{"line":353,"column":null}},"127":{"start":{"line":337,"column":27},"end":{"line":337,"column":null}},"128":{"start":{"line":358,"column":4},"end":{"line":363,"column":null}},"129":{"start":{"line":362,"column":8},"end":{"line":362,"column":null}},"130":{"start":{"line":366,"column":2},"end":{"line":465,"column":null}},"131":{"start":{"line":373,"column":25},"end":{"line":373,"column":null}},"132":{"start":{"line":394,"column":34},"end":{"line":394,"column":null}},"133":{"start":{"line":395,"column":30},"end":{"line":395,"column":null}},"134":{"start":{"line":414,"column":36},"end":{"line":414,"column":null}},"135":{"start":{"line":415,"column":32},"end":{"line":415,"column":null}}},"fnMap":{"0":{"name":"(anonymous_0)","decl":{"start":{"line":19,"column":24},"end":{"line":19,"column":30}},"loc":{"start":{"line":19,"column":30},"end":{"line":467,"column":null}},"line":19},"1":{"name":"(anonymous_1)","decl":{"start":{"line":66,"column":12},"end":{"line":66,"column":18}},"loc":{"start":{"line":66,"column":18},"end":{"line":77,"column":5}},"line":66},"2":{"name":"(anonymous_2)","decl":{"start":{"line":67,"column":21},"end":{"line":67,"column":22}},"loc":{"start":{"line":67,"column":31},"end":{"line":76,"column":5}},"line":67},"3":{"name":"(anonymous_3)","decl":{"start":{"line":69,"column":28},"end":{"line":69,"column":29}},"loc":{"start":{"line":69,"column":41},"end":{"line":73,"column":7}},"line":69},"4":{"name":"(anonymous_4)","decl":{"start":{"line":79,"column":47},"end":{"line":79,"column":53}},"loc":{"start":{"line":79,"column":53},"end":{"line":127,"column":5}},"line":79},"5":{"name":"(anonymous_5)","decl":{"start":{"line":130,"column":4},"end":{"line":130,"column":5}},"loc":{"start":{"line":130,"column":60},"end":{"line":173,"column":null}},"line":130},"6":{"name":"(anonymous_6)","decl":{"start":{"line":131,"column":23},"end":{"line":131,"column":24}},"loc":{"start":{"line":131,"column":34},"end":{"line":131,"column":61}},"line":131},"7":{"name":"(anonymous_7)","decl":{"start":{"line":136,"column":23},"end":{"line":136,"column":24}},"loc":{"start":{"line":136,"column":34},"end":{"line":136,"column":58}},"line":136},"8":{"name":"(anonymous_8)","decl":{"start":{"line":137,"column":23},"end":{"line":137,"column":24}},"loc":{"start":{"line":137,"column":34},"end":{"line":140,"column":10}},"line":137},"9":{"name":"(anonymous_9)","decl":{"start":{"line":142,"column":23},"end":{"line":142,"column":24}},"loc":{"start":{"line":142,"column":34},"end":{"line":142,"column":67}},"line":142},"10":{"name":"(anonymous_10)","decl":{"start":{"line":143,"column":23},"end":{"line":143,"column":24}},"loc":{"start":{"line":143,"column":34},"end":{"line":143,"column":59}},"line":143},"11":{"name":"(anonymous_11)","decl":{"start":{"line":145,"column":23},"end":{"line":145,"column":24}},"loc":{"start":{"line":145,"column":34},"end":{"line":145,"column":58}},"line":145},"12":{"name":"(anonymous_12)","decl":{"start":{"line":147,"column":23},"end":{"line":147,"column":24}},"loc":{"start":{"line":147,"column":34},"end":{"line":147,"column":68}},"line":147},"13":{"name":"(anonymous_13)","decl":{"start":{"line":161,"column":25},"end":{"line":161,"column":26}},"loc":{"start":{"line":162,"column":10},"end":{"line":170,"column":null}},"line":162},"14":{"name":"(anonymous_14)","decl":{"start":{"line":162,"column":27},"end":{"line":162,"column":28}},"loc":{"start":{"line":163,"column":12},"end":{"line":169,"column":null}},"line":163},"15":{"name":"(anonymous_15)","decl":{"start":{"line":178,"column":4},"end":{"line":178,"column":5}},"loc":{"start":{"line":178,"column":23},"end":{"line":202,"column":null}},"line":178},"16":{"name":"(anonymous_16)","decl":{"start":{"line":180,"column":23},"end":{"line":180,"column":24}},"loc":{"start":{"line":180,"column":34},"end":{"line":180,"column":57}},"line":180},"17":{"name":"(anonymous_17)","decl":{"start":{"line":184,"column":23},"end":{"line":184,"column":24}},"loc":{"start":{"line":184,"column":34},"end":{"line":187,"column":10}},"line":184},"18":{"name":"(anonymous_18)","decl":{"start":{"line":188,"column":23},"end":{"line":188,"column":24}},"loc":{"start":{"line":188,"column":34},"end":{"line":188,"column":75}},"line":188},"19":{"name":"(anonymous_19)","decl":{"start":{"line":190,"column":23},"end":{"line":190,"column":24}},"loc":{"start":{"line":190,"column":34},"end":{"line":193,"column":10}},"line":190},"20":{"name":"(anonymous_20)","decl":{"start":{"line":194,"column":23},"end":{"line":194,"column":24}},"loc":{"start":{"line":194,"column":34},"end":{"line":194,"column":75}},"line":194},"21":{"name":"(anonymous_21)","decl":{"start":{"line":196,"column":23},"end":{"line":196,"column":24}},"loc":{"start":{"line":196,"column":34},"end":{"line":196,"column":74}},"line":196},"22":{"name":"(anonymous_22)","decl":{"start":{"line":197,"column":23},"end":{"line":197,"column":24}},"loc":{"start":{"line":197,"column":34},"end":{"line":200,"column":10}},"line":197},"23":{"name":"(anonymous_23)","decl":{"start":{"line":206,"column":43},"end":{"line":206,"column":55}},"loc":{"start":{"line":206,"column":55},"end":{"line":287,"column":5}},"line":206},"24":{"name":"(anonymous_24)","decl":{"start":{"line":220,"column":23},"end":{"line":220,"column":24}},"loc":{"start":{"line":220,"column":34},"end":{"line":220,"column":76}},"line":220},"25":{"name":"(anonymous_25)","decl":{"start":{"line":311,"column":21},"end":{"line":311,"column":27}},"loc":{"start":{"line":311,"column":27},"end":{"line":311,"column":null}},"line":311},"26":{"name":"(anonymous_26)","decl":{"start":{"line":337,"column":21},"end":{"line":337,"column":27}},"loc":{"start":{"line":337,"column":27},"end":{"line":337,"column":null}},"line":337},"27":{"name":"(anonymous_27)","decl":{"start":{"line":361,"column":6},"end":{"line":361,"column":7}},"loc":{"start":{"line":362,"column":8},"end":{"line":362,"column":null}},"line":362},"28":{"name":"(anonymous_28)","decl":{"start":{"line":373,"column":19},"end":{"line":373,"column":25}},"loc":{"start":{"line":373,"column":25},"end":{"line":373,"column":null}},"line":373},"29":{"name":"(anonymous_29)","decl":{"start":{"line":394,"column":28},"end":{"line":394,"column":34}},"loc":{"start":{"line":394,"column":34},"end":{"line":394,"column":null}},"line":394},"30":{"name":"(anonymous_30)","decl":{"start":{"line":395,"column":24},"end":{"line":395,"column":30}},"loc":{"start":{"line":395,"column":30},"end":{"line":395,"column":null}},"line":395},"31":{"name":"(anonymous_31)","decl":{"start":{"line":414,"column":30},"end":{"line":414,"column":36}},"loc":{"start":{"line":414,"column":36},"end":{"line":414,"column":null}},"line":414},"32":{"name":"(anonymous_32)","decl":{"start":{"line":415,"column":26},"end":{"line":415,"column":32}},"loc":{"start":{"line":415,"column":32},"end":{"line":415,"column":null}},"line":415}},"branchMap":{"0":{"loc":{"start":{"line":70,"column":8},"end":{"line":72,"column":null}},"type":"if","locations":[{"start":{"line":70,"column":8},"end":{"line":72,"column":null}},{"start":{},"end":{}}],"line":70},"1":{"loc":{"start":{"line":74,"column":6},"end":{"line":74,"column":null}},"type":"if","locations":[{"start":{"line":74,"column":6},"end":{"line":74,"column":null}},{"start":{},"end":{}}],"line":74},"2":{"loc":{"start":{"line":85,"column":27},"end":{"line":85,"column":null}},"type":"binary-expr","locations":[{"start":{"line":85,"column":27},"end":{"line":85,"column":50}},{"start":{"line":85,"column":50},"end":{"line":85,"column":null}}],"line":85},"3":{"loc":{"start":{"line":87,"column":6},"end":{"line":103,"column":null}},"type":"if","locations":[{"start":{"line":87,"column":6},"end":{"line":103,"column":null}},{"start":{},"end":{}}],"line":87},"4":{"loc":{"start":{"line":87,"column":10},"end":{"line":87,"column":88}},"type":"binary-expr","locations":[{"start":{"line":87,"column":10},"end":{"line":87,"column":26}},{"start":{"line":87,"column":26},"end":{"line":87,"column":60}},{"start":{"line":87,"column":60},"end":{"line":87,"column":88}}],"line":87},"5":{"loc":{"start":{"line":89,"column":8},"end":{"line":102,"column":null}},"type":"if","locations":[{"start":{"line":89,"column":8},"end":{"line":102,"column":null}},{"start":{},"end":{}}],"line":89},"6":{"loc":{"start":{"line":89,"column":12},"end":{"line":89,"column":55}},"type":"binary-expr","locations":[{"start":{"line":89,"column":12},"end":{"line":89,"column":36}},{"start":{"line":89,"column":36},"end":{"line":89,"column":55}}],"line":89},"7":{"loc":{"start":{"line":100,"column":25},"end":{"line":100,"column":null}},"type":"binary-expr","locations":[{"start":{"line":100,"column":25},"end":{"line":100,"column":48}},{"start":{"line":100,"column":48},"end":{"line":100,"column":null}}],"line":100},"8":{"loc":{"start":{"line":107,"column":25},"end":{"line":107,"column":null}},"type":"binary-expr","locations":[{"start":{"line":107,"column":25},"end":{"line":107,"column":46}},{"start":{"line":107,"column":46},"end":{"line":107,"column":null}}],"line":107},"9":{"loc":{"start":{"line":108,"column":4},"end":{"line":124,"column":null}},"type":"if","locations":[{"start":{"line":108,"column":4},"end":{"line":124,"column":null}},{"start":{},"end":{}}],"line":108},"10":{"loc":{"start":{"line":108,"column":8},"end":{"line":108,"column":52}},"type":"binary-expr","locations":[{"start":{"line":108,"column":8},"end":{"line":108,"column":24}},{"start":{"line":108,"column":24},"end":{"line":108,"column":52}}],"line":108},"11":{"loc":{"start":{"line":110,"column":6},"end":{"line":123,"column":null}},"type":"if","locations":[{"start":{"line":110,"column":6},"end":{"line":123,"column":null}},{"start":{},"end":{}}],"line":110},"12":{"loc":{"start":{"line":110,"column":10},"end":{"line":110,"column":53}},"type":"binary-expr","locations":[{"start":{"line":110,"column":10},"end":{"line":110,"column":34}},{"start":{"line":110,"column":34},"end":{"line":110,"column":53}}],"line":110},"13":{"loc":{"start":{"line":135,"column":6},"end":{"line":172,"column":null}},"type":"if","locations":[{"start":{"line":135,"column":6},"end":{"line":172,"column":null}},{"start":{"line":141,"column":6},"end":{"line":172,"column":null}}],"line":135},"14":{"loc":{"start":{"line":141,"column":6},"end":{"line":172,"column":null}},"type":"if","locations":[{"start":{"line":141,"column":6},"end":{"line":172,"column":null}},{"start":{"line":144,"column":13},"end":{"line":172,"column":null}}],"line":141},"15":{"loc":{"start":{"line":141,"column":17},"end":{"line":141,"column":58}},"type":"binary-expr","locations":[{"start":{"line":141,"column":17},"end":{"line":141,"column":40}},{"start":{"line":141,"column":40},"end":{"line":141,"column":58}}],"line":141},"16":{"loc":{"start":{"line":150,"column":37},"end":{"line":150,"column":null}},"type":"binary-expr","locations":[{"start":{"line":150,"column":37},"end":{"line":150,"column":84}},{"start":{"line":150,"column":84},"end":{"line":150,"column":null}}],"line":150},"17":{"loc":{"start":{"line":151,"column":45},"end":{"line":151,"column":null}},"type":"binary-expr","locations":[{"start":{"line":151,"column":45},"end":{"line":151,"column":100}},{"start":{"line":151,"column":100},"end":{"line":151,"column":null}}],"line":151},"18":{"loc":{"start":{"line":152,"column":47},"end":{"line":152,"column":null}},"type":"binary-expr","locations":[{"start":{"line":152,"column":47},"end":{"line":152,"column":97}},{"start":{"line":152,"column":97},"end":{"line":152,"column":null}}],"line":152},"19":{"loc":{"start":{"line":163,"column":12},"end":{"line":169,"column":null}},"type":"cond-expr","locations":[{"start":{"line":164,"column":16},"end":{"line":168,"column":null}},{"start":{"line":169,"column":16},"end":{"line":169,"column":null}}],"line":163},"20":{"loc":{"start":{"line":183,"column":6},"end":{"line":201,"column":null}},"type":"if","locations":[{"start":{"line":183,"column":6},"end":{"line":201,"column":null}},{"start":{"line":189,"column":6},"end":{"line":201,"column":null}}],"line":183},"21":{"loc":{"start":{"line":189,"column":6},"end":{"line":201,"column":null}},"type":"if","locations":[{"start":{"line":189,"column":6},"end":{"line":201,"column":null}},{"start":{"line":195,"column":13},"end":{"line":201,"column":null}}],"line":189},"22":{"loc":{"start":{"line":189,"column":17},"end":{"line":189,"column":58}},"type":"binary-expr","locations":[{"start":{"line":189,"column":17},"end":{"line":189,"column":40}},{"start":{"line":189,"column":40},"end":{"line":189,"column":58}}],"line":189},"23":{"loc":{"start":{"line":207,"column":4},"end":{"line":210,"column":null}},"type":"if","locations":[{"start":{"line":207,"column":4},"end":{"line":210,"column":null}},{"start":{},"end":{}}],"line":207},"24":{"loc":{"start":{"line":207,"column":8},"end":{"line":207,"column":32}},"type":"binary-expr","locations":[{"start":{"line":207,"column":8},"end":{"line":207,"column":23}},{"start":{"line":207,"column":23},"end":{"line":207,"column":32}}],"line":207},"25":{"loc":{"start":{"line":217,"column":27},"end":{"line":217,"column":null}},"type":"binary-expr","locations":[{"start":{"line":217,"column":27},"end":{"line":217,"column":50}},{"start":{"line":217,"column":50},"end":{"line":217,"column":null}}],"line":217},"26":{"loc":{"start":{"line":219,"column":6},"end":{"line":222,"column":null}},"type":"if","locations":[{"start":{"line":219,"column":6},"end":{"line":222,"column":null}},{"start":{},"end":{}}],"line":219},"27":{"loc":{"start":{"line":219,"column":10},"end":{"line":219,"column":81}},"type":"binary-expr","locations":[{"start":{"line":219,"column":10},"end":{"line":219,"column":35}},{"start":{"line":219,"column":35},"end":{"line":219,"column":52}},{"start":{"line":219,"column":52},"end":{"line":219,"column":81}}],"line":219},"28":{"loc":{"start":{"line":225,"column":4},"end":{"line":228,"column":null}},"type":"if","locations":[{"start":{"line":225,"column":4},"end":{"line":228,"column":null}},{"start":{},"end":{}}],"line":225},"29":{"loc":{"start":{"line":232,"column":4},"end":{"line":235,"column":null}},"type":"if","locations":[{"start":{"line":232,"column":4},"end":{"line":235,"column":null}},{"start":{},"end":{}}],"line":232},"30":{"loc":{"start":{"line":240,"column":28},"end":{"line":240,"column":null}},"type":"binary-expr","locations":[{"start":{"line":240,"column":28},"end":{"line":240,"column":44}},{"start":{"line":240,"column":44},"end":{"line":240,"column":null}}],"line":240},"31":{"loc":{"start":{"line":254,"column":6},"end":{"line":256,"column":null}},"type":"if","locations":[{"start":{"line":254,"column":6},"end":{"line":256,"column":null}},{"start":{},"end":{}}],"line":254},"32":{"loc":{"start":{"line":255,"column":41},"end":{"line":255,"column":126}},"type":"cond-expr","locations":[{"start":{"line":255,"column":76},"end":{"line":255,"column":102}},{"start":{"line":255,"column":102},"end":{"line":255,"column":126}}],"line":255},"33":{"loc":{"start":{"line":257,"column":6},"end":{"line":261,"column":null}},"type":"if","locations":[{"start":{"line":257,"column":6},"end":{"line":261,"column":null}},{"start":{},"end":{}}],"line":257},"34":{"loc":{"start":{"line":265,"column":6},"end":{"line":280,"column":null}},"type":"if","locations":[{"start":{"line":265,"column":6},"end":{"line":280,"column":null}},{"start":{"line":278,"column":13},"end":{"line":280,"column":null}}],"line":265},"35":{"loc":{"start":{"line":273,"column":8},"end":{"line":277,"column":null}},"type":"if","locations":[{"start":{"line":273,"column":8},"end":{"line":277,"column":null}},{"start":{},"end":{}}],"line":273},"36":{"loc":{"start":{"line":279,"column":24},"end":{"line":279,"column":56}},"type":"binary-expr","locations":[{"start":{"line":279,"column":24},"end":{"line":279,"column":40}},{"start":{"line":279,"column":40},"end":{"line":279,"column":56}}],"line":279},"37":{"loc":{"start":{"line":282,"column":22},"end":{"line":282,"column":null}},"type":"cond-expr","locations":[{"start":{"line":282,"column":45},"end":{"line":282,"column":59}},{"start":{"line":282,"column":59},"end":{"line":282,"column":null}}],"line":282},"38":{"loc":{"start":{"line":304,"column":2},"end":{"line":327,"column":null}},"type":"if","locations":[{"start":{"line":304,"column":2},"end":{"line":327,"column":null}},{"start":{},"end":{}}],"line":304},"39":{"loc":{"start":{"line":330,"column":2},"end":{"line":355,"column":null}},"type":"if","locations":[{"start":{"line":330,"column":2},"end":{"line":355,"column":null}},{"start":{},"end":{}}],"line":330},"40":{"loc":{"start":{"line":349,"column":50},"end":{"line":349,"column":71}},"type":"binary-expr","locations":[{"start":{"line":349,"column":50},"end":{"line":349,"column":59}},{"start":{"line":349,"column":59},"end":{"line":349,"column":71}}],"line":349},"41":{"loc":{"start":{"line":358,"column":4},"end":{"line":363,"column":null}},"type":"binary-expr","locations":[{"start":{"line":358,"column":4},"end":{"line":358,"column":null}},{"start":{"line":359,"column":4},"end":{"line":359,"column":null}},{"start":{"line":360,"column":4},"end":{"line":363,"column":null}}],"line":358},"42":{"loc":{"start":{"line":362,"column":8},"end":{"line":362,"column":null}},"type":"binary-expr","locations":[{"start":{"line":362,"column":8},"end":{"line":362,"column":35}},{"start":{"line":362,"column":35},"end":{"line":362,"column":69}},{"start":{"line":362,"column":69},"end":{"line":362,"column":null}}],"line":362},"43":{"loc":{"start":{"line":368,"column":7},"end":{"line":368,"column":null}},"type":"binary-expr","locations":[{"start":{"line":368,"column":7},"end":{"line":368,"column":23}},{"start":{"line":368,"column":23},"end":{"line":368,"column":null}}],"line":368},"44":{"loc":{"start":{"line":400,"column":13},"end":{"line":425,"column":null}},"type":"cond-expr","locations":[{"start":{"line":401,"column":14},"end":{"line":418,"column":null}},{"start":{"line":420,"column":14},"end":{"line":425,"column":null}}],"line":400},"45":{"loc":{"start":{"line":421,"column":30},"end":{"line":421,"column":null}},"type":"binary-expr","locations":[{"start":{"line":421,"column":30},"end":{"line":421,"column":51}},{"start":{"line":421,"column":51},"end":{"line":421,"column":null}}],"line":421},"46":{"loc":{"start":{"line":422,"column":28},"end":{"line":422,"column":null}},"type":"binary-expr","locations":[{"start":{"line":422,"column":28},"end":{"line":422,"column":47}},{"start":{"line":422,"column":47},"end":{"line":422,"column":null}}],"line":422},"47":{"loc":{"start":{"line":423,"column":28},"end":{"line":423,"column":null}},"type":"binary-expr","locations":[{"start":{"line":423,"column":28},"end":{"line":423,"column":47}},{"start":{"line":423,"column":47},"end":{"line":423,"column":null}}],"line":423},"48":{"loc":{"start":{"line":430,"column":9},"end":{"line":460,"column":null}},"type":"binary-expr","locations":[{"start":{"line":430,"column":9},"end":{"line":430,"column":21}},{"start":{"line":430,"column":21},"end":{"line":430,"column":null}},{"start":{"line":431,"column":10},"end":{"line":460,"column":null}}],"line":430},"49":{"loc":{"start":{"line":438,"column":24},"end":{"line":438,"column":null}},"type":"binary-expr","locations":[{"start":{"line":438,"column":24},"end":{"line":438,"column":36}},{"start":{"line":438,"column":36},"end":{"line":438,"column":52}},{"start":{"line":438,"column":52},"end":{"line":438,"column":null}}],"line":438},"50":{"loc":{"start":{"line":439,"column":21},"end":{"line":439,"column":null}},"type":"cond-expr","locations":[{"start":{"line":439,"column":47},"end":{"line":439,"column":58}},{"start":{"line":439,"column":58},"end":{"line":439,"column":null}}],"line":439},"51":{"loc":{"start":{"line":451,"column":15},"end":{"line":457,"column":null}},"type":"cond-expr","locations":[{"start":{"line":452,"column":16},"end":{"line":455,"column":null}},{"start":{"line":457,"column":16},"end":{"line":457,"column":null}}],"line":451}},"s":{"0":1,"1":134,"2":134,"3":134,"4":134,"5":134,"6":134,"7":134,"8":43,"9":43,"10":43,"11":72,"12":72,"13":43,"14":43,"15":43,"16":134,"17":8,"18":8,"19":12,"20":12,"21":12,"22":12,"23":5,"24":5,"25":5,"26":5,"27":8,"28":8,"29":2,"30":2,"31":2,"32":2,"33":8,"34":134,"35":27,"36":27,"37":27,"38":27,"39":27,"40":7,"41":1,"42":7,"43":0,"44":20,"45":2,"46":1,"47":2,"48":1,"49":18,"50":0,"51":18,"52":18,"53":0,"54":18,"55":18,"56":18,"57":18,"58":18,"59":0,"60":0,"61":134,"62":10,"63":10,"64":10,"65":10,"66":10,"67":0,"68":0,"69":0,"70":0,"71":10,"72":1,"73":1,"74":1,"75":0,"76":9,"77":0,"78":9,"79":0,"80":134,"81":10,"82":1,"83":1,"84":9,"85":9,"86":13,"87":13,"88":13,"89":13,"90":1,"91":0,"92":1,"93":9,"94":1,"95":1,"96":8,"97":8,"98":1,"99":1,"100":7,"101":7,"102":7,"103":10,"104":10,"105":10,"106":7,"107":1,"108":6,"109":1,"110":5,"111":5,"112":4,"113":4,"114":4,"115":4,"116":1,"117":1,"118":3,"119":3,"120":7,"121":134,"122":134,"123":4,"124":1,"125":130,"126":4,"127":1,"128":126,"129":114,"130":134,"131":1,"132":1,"133":1,"134":1,"135":1},"f":{"0":134,"1":43,"2":43,"3":72,"4":8,"5":27,"6":27,"7":1,"8":0,"9":1,"10":1,"11":0,"12":0,"13":0,"14":0,"15":10,"16":10,"17":0,"18":0,"19":1,"20":0,"21":0,"22":0,"23":10,"24":0,"25":1,"26":1,"27":114,"28":1,"29":1,"30":1,"31":1,"32":1},"b":{"0":[72,0],"1":[43,0],"2":[12,0],"3":[5,7],"4":[12,12,5],"5":[5,0],"6":[5,5],"7":[5,0],"8":[8,0],"9":[2,6],"10":[8,2],"11":[2,0],"12":[2,2],"13":[7,20],"14":[2,18],"15":[20,20],"16":[18,0],"17":[18,0],"18":[18,0],"19":[0,0],"20":[0,10],"21":[1,9],"22":[10,10],"23":[1,9],"24":[10,9],"25":[13,0],"26":[1,12],"27":[13,1,0],"28":[1,8],"29":[1,7],"30":[7,0],"31":[1,6],"32":[1,0],"33":[1,5],"34":[4,1],"35":[1,3],"36":[1,0],"37":[3,0],"38":[4,130],"39":[4,126],"40":[4,0],"41":[126,126,114],"42":[114,98,98],"43":[134,2],"44":[98,28],"45":[28,8],"46":[28,26],"47":[28,26],"48":[134,126,126],"49":[126,124,122],"50":[98,28],"51":[2,124]},"meta":{"lastBranch":52,"lastFunction":33,"lastStatement":136,"seen":{"s:19:24:467:Infinity":0,"f:19:24:19:30":0,"s:20:19:20:Infinity":1,"s:32:2:32:Infinity":2,"s:34:48:34:Infinity":3,"s:46:2:51:Infinity":4,"s:53:67:60:Infinity":5,"s:63:40:63:Infinity":6,"s:66:2:77:Infinity":7,"f:66:12:66:18":1,"s:67:4:76:Infinity":8,"f:67:21:67:22":2,"s:68:22:68:Infinity":9,"s:69:6:73:Infinity":10,"f:69:28:69:29":3,"b:70:8:72:Infinity:undefined:undefined:undefined:undefined":0,"s:70:8:72:Infinity":11,"s:71:10:71:Infinity":12,"b:74:6:74:Infinity:undefined:undefined:undefined:undefined":1,"s:74:6:74:Infinity":13,"s:74:28:74:Infinity":14,"s:75:6:75:Infinity":15,"s:79:8:127:Infinity":16,"f:79:47:79:53":4,"s:80:48:80:Infinity":17,"s:82:4:104:Infinity":18,"s:83:19:83:Infinity":19,"s:84:12:84:Infinity":20,"s:85:27:85:Infinity":21,"b:85:27:85:50:85:50:85:Infinity":2,"b:87:6:103:Infinity:undefined:undefined:undefined:undefined":3,"s:87:6:103:Infinity":22,"b:87:10:87:26:87:26:87:60:87:60:87:88":4,"s:88:29:88:Infinity":23,"b:89:8:102:Infinity:undefined:undefined:undefined:undefined":5,"s:89:8:102:Infinity":24,"b:89:12:89:36:89:36:89:55":6,"s:90:33:95:Infinity":25,"s:97:10:101:Infinity":26,"b:100:25:100:48:100:48:100:Infinity":7,"s:107:25:107:Infinity":27,"b:107:25:107:46:107:46:107:Infinity":8,"b:108:4:124:Infinity:undefined:undefined:undefined:undefined":9,"s:108:4:124:Infinity":28,"b:108:8:108:24:108:24:108:52":10,"s:109:27:109:Infinity":29,"b:110:6:123:Infinity:undefined:undefined:undefined:undefined":11,"s:110:6:123:Infinity":30,"b:110:10:110:34:110:34:110:53":12,"s:111:31:116:Infinity":31,"s:118:8:122:Infinity":32,"s:126:4:126:Infinity":33,"s:129:8:175:Infinity":34,"f:130:4:130:5":5,"s:131:6:131:Infinity":35,"f:131:23:131:24":6,"s:131:34:131:61":36,"s:132:12:132:Infinity":37,"s:133:27:133:Infinity":38,"b:135:6:172:Infinity:141:6:172:Infinity":13,"s:135:6:172:Infinity":39,"s:136:8:136:Infinity":40,"f:136:23:136:24":7,"s:136:34:136:58":41,"s:137:8:140:Infinity":42,"f:137:23:137:24":8,"s:137:34:140:10":43,"b:141:6:172:Infinity:144:13:172:Infinity":14,"s:141:6:172:Infinity":44,"b:141:17:141:40:141:40:141:58":15,"s:142:8:142:Infinity":45,"f:142:23:142:24":9,"s:142:34:142:67":46,"s:143:8:143:Infinity":47,"f:143:23:143:24":10,"s:143:34:143:59":48,"s:145:8:145:Infinity":49,"f:145:23:145:24":11,"s:145:34:145:58":50,"s:146:14:146:Infinity":51,"s:147:8:147:Infinity":52,"f:147:23:147:24":12,"s:147:34:147:68":53,"s:150:37:150:Infinity":54,"b:150:37:150:84:150:84:150:Infinity":16,"s:151:45:151:Infinity":55,"b:151:45:151:100:151:100:151:Infinity":17,"s:152:47:152:Infinity":56,"b:152:47:152:97:152:97:152:Infinity":18,"s:154:14:159:Infinity":57,"s:161:8:171:Infinity":58,"f:161:25:161:26":13,"s:162:10:170:Infinity":59,"f:162:27:162:28":14,"s:163:12:169:Infinity":60,"b:164:16:168:Infinity:169:16:169:Infinity":19,"s:177:8:204:Infinity":61,"f:178:4:178:5":15,"s:179:35:179:Infinity":62,"s:180:6:180:Infinity":63,"f:180:23:180:24":16,"s:180:34:180:57":64,"s:181:27:181:Infinity":65,"b:183:6:201:Infinity:189:6:201:Infinity":20,"s:183:6:201:Infinity":66,"s:184:8:187:Infinity":67,"f:184:23:184:24":17,"s:184:34:187:10":68,"s:188:8:188:Infinity":69,"f:188:23:188:24":18,"s:188:34:188:75":70,"b:189:6:201:Infinity:195:13:201:Infinity":21,"s:189:6:201:Infinity":71,"b:189:17:189:40:189:40:189:58":22,"s:190:8:193:Infinity":72,"f:190:23:190:24":19,"s:190:34:193:10":73,"s:194:8:194:Infinity":74,"f:194:23:194:24":20,"s:194:34:194:75":75,"s:196:8:196:Infinity":76,"f:196:23:196:24":21,"s:196:34:196:74":77,"s:197:8:200:Infinity":78,"f:197:23:197:24":22,"s:197:34:200:10":79,"s:206:8:299:Infinity":80,"f:206:43:206:55":23,"b:207:4:210:Infinity:undefined:undefined:undefined:undefined":23,"s:207:4:210:Infinity":81,"b:207:8:207:23:207:23:207:32":24,"s:208:6:208:Infinity":82,"s:209:6:209:Infinity":83,"s:213:30:213:Infinity":84,"s:214:4:223:Infinity":85,"s:215:19:215:Infinity":86,"s:216:12:216:Infinity":87,"s:217:27:217:Infinity":88,"b:217:27:217:50:217:50:217:Infinity":25,"b:219:6:222:Infinity:undefined:undefined:undefined:undefined":26,"s:219:6:222:Infinity":89,"b:219:10:219:35:219:35:219:52:219:52:219:81":27,"s:220:8:220:Infinity":90,"f:220:23:220:24":24,"s:220:34:220:76":91,"s:221:8:221:Infinity":92,"b:225:4:228:Infinity:undefined:undefined:undefined:undefined":28,"s:225:4:228:Infinity":93,"s:226:6:226:Infinity":94,"s:227:6:227:Infinity":95,"s:230:28:230:Infinity":96,"b:232:4:235:Infinity:undefined:undefined:undefined:undefined":29,"s:232:4:235:Infinity":97,"s:233:6:233:Infinity":98,"s:234:6:234:Infinity":99,"s:237:4:237:Infinity":100,"s:239:4:286:Infinity":101,"s:240:28:240:Infinity":102,"b:240:28:240:44:240:44:240:Infinity":30,"s:241:21:246:Infinity":103,"s:247:25:247:Infinity":104,"s:249:45:252:Infinity":105,"b:254:6:256:Infinity:undefined:undefined:undefined:undefined":31,"s:254:6:256:Infinity":106,"s:255:8:255:Infinity":107,"b:255:76:255:102:255:102:255:126":32,"b:257:6:261:Infinity:undefined:undefined:undefined:undefined":33,"s:257:6:261:Infinity":108,"s:258:8:260:Infinity":109,"s:263:21:263:Infinity":110,"b:265:6:280:Infinity:278:13:280:Infinity":34,"s:265:6:280:Infinity":111,"s:266:8:266:Infinity":112,"s:267:8:267:Infinity":113,"s:270:35:272:Infinity":114,"b:273:8:277:Infinity:undefined:undefined:undefined:undefined":35,"s:273:8:277:Infinity":115,"s:274:10:276:Infinity":116,"s:279:8:279:Infinity":117,"b:279:24:279:40:279:40:279:56":36,"s:282:22:282:Infinity":118,"b:282:45:282:59:282:59:282:Infinity":37,"s:283:6:283:Infinity":119,"s:285:6:285:Infinity":120,"s:301:21:301:Infinity":121,"b:304:2:327:Infinity:undefined:undefined:undefined:undefined":38,"s:304:2:327:Infinity":122,"s:305:4:325:Infinity":123,"f:311:21:311:27":25,"s:311:27:311:Infinity":124,"b:330:2:355:Infinity:undefined:undefined:undefined:undefined":39,"s:330:2:355:Infinity":125,"s:331:4:353:Infinity":126,"f:337:21:337:27":26,"s:337:27:337:Infinity":127,"b:349:50:349:59:349:59:349:71":40,"s:358:4:363:Infinity":128,"b:358:4:358:Infinity:359:4:359:Infinity:360:4:363:Infinity":41,"f:361:6:361:7":27,"s:362:8:362:Infinity":129,"b:362:8:362:35:362:35:362:69:362:69:362:Infinity":42,"s:366:2:465:Infinity":130,"b:368:7:368:23:368:23:368:Infinity":43,"f:373:19:373:25":28,"s:373:25:373:Infinity":131,"f:394:28:394:34":29,"s:394:34:394:Infinity":132,"f:395:24:395:30":30,"s:395:30:395:Infinity":133,"b:401:14:418:Infinity:420:14:425:Infinity":44,"f:414:30:414:36":31,"s:414:36:414:Infinity":134,"f:415:26:415:32":32,"s:415:32:415:Infinity":135,"b:421:30:421:51:421:51:421:Infinity":45,"b:422:28:422:47:422:47:422:Infinity":46,"b:423:28:423:47:423:47:423:Infinity":47,"b:430:9:430:21:430:21:430:Infinity:431:10:460:Infinity":48,"b:438:24:438:36:438:36:438:52:438:52:438:Infinity":49,"b:439:47:439:58:439:58:439:Infinity":50,"b:452:16:455:Infinity:457:16:457:Infinity":51}}}
,"/Users/miya/Documents/GitHub/daishin_kaihatu_project/src/components/MeterReading/components/InitialReadingForm.tsx": {"path":"/Users/miya/Documents/GitHub/daishin_kaihatu_project/src/components/MeterReading/components/InitialReadingForm.tsx","statementMap":{"0":{"start":{"line":8,"column":27},"end":{"line":109,"column":null}},"1":{"start":{"line":9,"column":2},"end":{"line":109,"column":null}},"2":{"start":{"line":58,"column":29},"end":{"line":58,"column":null}}},"fnMap":{"0":{"name":"(anonymous_0)","decl":{"start":{"line":8,"column":27},"end":{"line":8,"column":28}},"loc":{"start":{"line":9,"column":2},"end":{"line":109,"column":null}},"line":9},"1":{"name":"(anonymous_1)","decl":{"start":{"line":58,"column":22},"end":{"line":58,"column":23}},"loc":{"start":{"line":58,"column":29},"end":{"line":58,"column":null}},"line":58}},"branchMap":{"0":{"loc":{"start":{"line":54,"column":19},"end":{"line":54,"column":null}},"type":"binary-expr","locations":[{"start":{"line":54,"column":19},"end":{"line":54,"column":35}},{"start":{"line":54,"column":35},"end":{"line":54,"column":null}}],"line":54},"1":{"loc":{"start":{"line":57,"column":30},"end":{"line":57,"column":null}},"type":"cond-expr","locations":[{"start":{"line":57,"column":43},"end":{"line":57,"column":69}},{"start":{"line":57,"column":69},"end":{"line":57,"column":null}}],"line":57},"2":{"loc":{"start":{"line":60,"column":11},"end":{"line":71,"column":null}},"type":"binary-expr","locations":[{"start":{"line":60,"column":11},"end":{"line":60,"column":null}},{"start":{"line":61,"column":12},"end":{"line":71,"column":null}}],"line":60},"3":{"loc":{"start":{"line":95,"column":13},"end":{"line":95,"column":null}},"type":"cond-expr","locations":[{"start":{"line":95,"column":40},"end":{"line":95,"column":90}},{"start":{"line":95,"column":90},"end":{"line":95,"column":null}}],"line":95},"4":{"loc":{"start":{"line":95,"column":56},"end":{"line":95,"column":85}},"type":"cond-expr","locations":[{"start":{"line":95,"column":77},"end":{"line":95,"column":83}},{"start":{"line":95,"column":83},"end":{"line":95,"column":85}}],"line":95}},"s":{"0":1,"1":28,"2":10},"f":{"0":28,"1":10},"b":{"0":[28,0],"1":[2,26],"2":[28,2],"3":[28,0],"4":[28,0]},"meta":{"lastBranch":5,"lastFunction":2,"lastStatement":3,"seen":{"s:8:27:109:Infinity":0,"f:8:27:8:28":0,"s:9:2:109:Infinity":1,"b:54:19:54:35:54:35:54:Infinity":0,"b:57:43:57:69:57:69:57:Infinity":1,"f:58:22:58:23":1,"s:58:29:58:Infinity":2,"b:60:11:60:Infinity:61:12:71:Infinity":2,"b:95:40:95:90:95:90:95:Infinity":3,"b:95:77:95:83:95:83:95:85":4}}}
,"/Users/miya/Documents/GitHub/daishin_kaihatu_project/src/components/MeterReading/components/LoadingOverlay.tsx": {"path":"/Users/miya/Documents/GitHub/daishin_kaihatu_project/src/components/MeterReading/components/LoadingOverlay.tsx","statementMap":{"0":{"start":{"line":5,"column":23},"end":{"line":43,"column":null}},"1":{"start":{"line":6,"column":2},"end":{"line":43,"column":null}}},"fnMap":{"0":{"name":"(anonymous_0)","decl":{"start":{"line":5,"column":23},"end":{"line":5,"column":24}},"loc":{"start":{"line":6,"column":2},"end":{"line":43,"column":null}},"line":6}},"branchMap":{"0":{"loc":{"start":{"line":5,"column":26},"end":{"line":5,"column":47}},"type":"default-arg","locations":[{"start":{"line":5,"column":36},"end":{"line":5,"column":47}}],"line":5}},"s":{"0":2,"1":6},"f":{"0":6},"b":{"0":[6]},"meta":{"lastBranch":1,"lastFunction":1,"lastStatement":2,"seen":{"s:5:23:43:Infinity":0,"f:5:23:5:24":0,"s:6:2:43:Infinity":1,"b:5:36:5:47":0}}}
,"/Users/miya/Documents/GitHub/daishin_kaihatu_project/src/components/MeterReading/components/NavigationButtons.tsx": {"path":"/Users/miya/Documents/GitHub/daishin_kaihatu_project/src/components/MeterReading/components/NavigationButtons.tsx","statementMap":{"0":{"start":{"line":10,"column":26},"end":{"line":99,"column":null}},"1":{"start":{"line":19,"column":4},"end":{"line":21,"column":null}},"2":{"start":{"line":24,"column":4},"end":{"line":26,"column":null}},"3":{"start":{"line":28,"column":2},"end":{"line":57,"column":null}},"4":{"start":{"line":29,"column":4},"end":{"line":55,"column":null}},"5":{"start":{"line":59,"column":2},"end":{"line":97,"column":null}}},"fnMap":{"0":{"name":"(anonymous_0)","decl":{"start":{"line":10,"column":26},"end":{"line":10,"column":27}},"loc":{"start":{"line":17,"column":30},"end":{"line":99,"column":null}},"line":17}},"branchMap":{"0":{"loc":{"start":{"line":16,"column":2},"end":{"line":16,"column":null}},"type":"default-arg","locations":[{"start":{"line":16,"column":12},"end":{"line":16,"column":null}}],"line":16},"1":{"loc":{"start":{"line":19,"column":4},"end":{"line":21,"column":null}},"type":"cond-expr","locations":[{"start":{"line":20,"column":8},"end":{"line":20,"column":null}},{"start":{"line":21,"column":8},"end":{"line":21,"column":null}}],"line":19},"2":{"loc":{"start":{"line":20,"column":54},"end":{"line":20,"column":84}},"type":"cond-expr","locations":[{"start":{"line":20,"column":69},"end":{"line":20,"column":82}},{"start":{"line":20,"column":82},"end":{"line":20,"column":84}}],"line":20},"3":{"loc":{"start":{"line":21,"column":53},"end":{"line":21,"column":83}},"type":"cond-expr","locations":[{"start":{"line":21,"column":68},"end":{"line":21,"column":81}},{"start":{"line":21,"column":81},"end":{"line":21,"column":83}}],"line":21},"4":{"loc":{"start":{"line":24,"column":4},"end":{"line":26,"column":null}},"type":"cond-expr","locations":[{"start":{"line":25,"column":8},"end":{"line":25,"column":null}},{"start":{"line":26,"column":8},"end":{"line":26,"column":null}}],"line":24},"5":{"loc":{"start":{"line":25,"column":54},"end":{"line":25,"column":80}},"type":"cond-expr","locations":[{"start":{"line":25,"column":65},"end":{"line":25,"column":78}},{"start":{"line":25,"column":78},"end":{"line":25,"column":80}}],"line":25},"6":{"loc":{"start":{"line":26,"column":53},"end":{"line":26,"column":79}},"type":"cond-expr","locations":[{"start":{"line":26,"column":64},"end":{"line":26,"column":77}},{"start":{"line":26,"column":77},"end":{"line":26,"column":79}}],"line":26},"7":{"loc":{"start":{"line":28,"column":2},"end":{"line":57,"column":null}},"type":"if","locations":[{"start":{"line":28,"column":2},"end":{"line":57,"column":null}},{"start":{},"end":{}}],"line":28},"8":{"loc":{"start":{"line":33,"column":20},"end":{"line":33,"column":null}},"type":"binary-expr","locations":[{"start":{"line":33,"column":20},"end":{"line":33,"column":36}},{"start":{"line":33,"column":36},"end":{"line":33,"column":null}}],"line":33},"9":{"loc":{"start":{"line":37,"column":12},"end":{"line":39,"column":null}},"type":"cond-expr","locations":[{"start":{"line":38,"column":16},"end":{"line":38,"column":null}},{"start":{"line":39,"column":16},"end":{"line":39,"column":null}}],"line":37},"10":{"loc":{"start":{"line":46,"column":20},"end":{"line":46,"column":null}},"type":"binary-expr","locations":[{"start":{"line":46,"column":20},"end":{"line":46,"column":32}},{"start":{"line":46,"column":32},"end":{"line":46,"column":null}}],"line":46},"11":{"loc":{"start":{"line":50,"column":12},"end":{"line":50,"column":null}},"type":"cond-expr","locations":[{"start":{"line":50,"column":22},"end":{"line":50,"column":51}},{"start":{"line":50,"column":51},"end":{"line":50,"column":null}}],"line":50},"12":{"loc":{"start":{"line":63,"column":18},"end":{"line":63,"column":null}},"type":"binary-expr","locations":[{"start":{"line":63,"column":18},"end":{"line":63,"column":34}},{"start":{"line":63,"column":34},"end":{"line":63,"column":null}}],"line":63},"13":{"loc":{"start":{"line":67,"column":10},"end":{"line":67,"column":null}},"type":"cond-expr","locations":[{"start":{"line":67,"column":24},"end":{"line":67,"column":53}},{"start":{"line":67,"column":53},"end":{"line":67,"column":null}}],"line":67},"14":{"loc":{"start":{"line":88,"column":18},"end":{"line":88,"column":null}},"type":"binary-expr","locations":[{"start":{"line":88,"column":18},"end":{"line":88,"column":30}},{"start":{"line":88,"column":30},"end":{"line":88,"column":null}}],"line":88},"15":{"loc":{"start":{"line":92,"column":10},"end":{"line":92,"column":null}},"type":"cond-expr","locations":[{"start":{"line":92,"column":20},"end":{"line":92,"column":49}},{"start":{"line":92,"column":49},"end":{"line":92,"column":null}}],"line":92}},"s":{"0":2,"1":232,"2":232,"3":232,"4":99,"5":133},"f":{"0":232},"b":{"0":[232],"1":[99,133],"2":[0,99],"3":[2,131],"4":[99,133],"5":[0,99],"6":[1,132],"7":[99,133],"8":[99,99],"9":[99,0],"10":[99,99],"11":[99,0],"12":[133,131],"13":[131,2],"14":[232,132],"15":[132,1]},"meta":{"lastBranch":16,"lastFunction":1,"lastStatement":6,"seen":{"s:10:26:99:Infinity":0,"f:10:26:10:27":0,"b:16:12:16:Infinity":0,"s:19:4:21:Infinity":1,"b:20:8:20:Infinity:21:8:21:Infinity":1,"b:20:69:20:82:20:82:20:84":2,"b:21:68:21:81:21:81:21:83":3,"s:24:4:26:Infinity":2,"b:25:8:25:Infinity:26:8:26:Infinity":4,"b:25:65:25:78:25:78:25:80":5,"b:26:64:26:77:26:77:26:79":6,"b:28:2:57:Infinity:undefined:undefined:undefined:undefined":7,"s:28:2:57:Infinity":3,"s:29:4:55:Infinity":4,"b:33:20:33:36:33:36:33:Infinity":8,"b:38:16:38:Infinity:39:16:39:Infinity":9,"b:46:20:46:32:46:32:46:Infinity":10,"b:50:22:50:51:50:51:50:Infinity":11,"s:59:2:97:Infinity":5,"b:63:18:63:34:63:34:63:Infinity":12,"b:67:24:67:53:67:53:67:Infinity":13,"b:88:18:88:30:88:30:88:Infinity":14,"b:92:20:92:49:92:49:92:Infinity":15}}}
,"/Users/miya/Documents/GitHub/daishin_kaihatu_project/src/components/MeterReading/components/PropertyInfoHeader.tsx": {"path":"/Users/miya/Documents/GitHub/daishin_kaihatu_project/src/components/MeterReading/components/PropertyInfoHeader.tsx","statementMap":{"0":{"start":{"line":6,"column":27},"end":{"line":10,"column":null}},"1":{"start":{"line":7,"column":2},"end":{"line":10,"column":null}}},"fnMap":{"0":{"name":"(anonymous_0)","decl":{"start":{"line":6,"column":27},"end":{"line":6,"column":28}},"loc":{"start":{"line":7,"column":2},"end":{"line":10,"column":null}},"line":7}},"branchMap":{"0":{"loc":{"start":{"line":8,"column":42},"end":{"line":8,"column":66}},"type":"binary-expr","locations":[{"start":{"line":8,"column":42},"end":{"line":8,"column":58}},{"start":{"line":8,"column":58},"end":{"line":8,"column":66}}],"line":8},"1":{"loc":{"start":{"line":9,"column":41},"end":{"line":9,"column":61}},"type":"binary-expr","locations":[{"start":{"line":9,"column":41},"end":{"line":9,"column":53}},{"start":{"line":9,"column":53},"end":{"line":9,"column":61}}],"line":9}},"s":{"0":1,"1":126},"f":{"0":126},"b":{"0":[126,2],"1":[126,2]},"meta":{"lastBranch":2,"lastFunction":1,"lastStatement":2,"seen":{"s:6:27:10:Infinity":0,"f:6:27:6:28":0,"s:7:2:10:Infinity":1,"b:8:42:8:58:8:58:8:66":0,"b:9:41:9:53:9:53:9:61":1}}}
,"/Users/miya/Documents/GitHub/daishin_kaihatu_project/src/components/MeterReading/components/ReadingHistoryTable.tsx": {"path":"/Users/miya/Documents/GitHub/daishin_kaihatu_project/src/components/MeterReading/components/ReadingHistoryTable.tsx","statementMap":{"0":{"start":{"line":16,"column":28},"end":{"line":196,"column":null}},"1":{"start":{"line":23,"column":8},"end":{"line":53,"column":null}},"2":{"start":{"line":24,"column":28},"end":{"line":24,"column":null}},"3":{"start":{"line":25,"column":4},"end":{"line":36,"column":null}},"4":{"start":{"line":26,"column":17},"end":{"line":26,"column":null}},"5":{"start":{"line":27,"column":6},"end":{"line":34,"column":null}},"6":{"start":{"line":28,"column":21},"end":{"line":28,"column":null}},"7":{"start":{"line":29,"column":25},"end":{"line":29,"column":null}},"8":{"start":{"line":30,"column":8},"end":{"line":33,"column":null}},"9":{"start":{"line":31,"column":23},"end":{"line":31,"column":null}},"10":{"start":{"line":32,"column":10},"end":{"line":32,"column":null}},"11":{"start":{"line":35,"column":6},"end":{"line":35,"column":null}},"12":{"start":{"line":37,"column":4},"end":{"line":48,"column":null}},"13":{"start":{"line":38,"column":17},"end":{"line":38,"column":null}},"14":{"start":{"line":39,"column":6},"end":{"line":46,"column":null}},"15":{"start":{"line":40,"column":25},"end":{"line":40,"column":null}},"16":{"start":{"line":41,"column":29},"end":{"line":41,"column":null}},"17":{"start":{"line":42,"column":8},"end":{"line":45,"column":null}},"18":{"start":{"line":43,"column":23},"end":{"line":43,"column":null}},"19":{"start":{"line":44,"column":10},"end":{"line":44,"column":null}},"20":{"start":{"line":47,"column":6},"end":{"line":47,"column":null}},"21":{"start":{"line":49,"column":4},"end":{"line":51,"column":null}},"22":{"start":{"line":50,"column":6},"end":{"line":50,"column":null}},"23":{"start":{"line":52,"column":4},"end":{"line":52,"column":null}},"24":{"start":{"line":55,"column":27},"end":{"line":58,"column":null}},"25":{"start":{"line":57,"column":6},"end":{"line":57,"column":null}},"26":{"start":{"line":60,"column":2},"end":{"line":194,"column":null}},"27":{"start":{"line":73,"column":16},"end":{"line":73,"column":null}},"28":{"start":{"line":74,"column":16},"end":{"line":74,"column":null}},"29":{"start":{"line":75,"column":39},"end":{"line":75,"column":null}},"30":{"start":{"line":77,"column":12},"end":{"line":77,"column":null}},"31":{"start":{"line":80,"column":12},"end":{"line":82,"column":null}},"32":{"start":{"line":84,"column":37},"end":{"line":84,"column":null}},"33":{"start":{"line":85,"column":39},"end":{"line":85,"column":null}},"34":{"start":{"line":87,"column":10},"end":{"line":190,"column":null}},"35":{"start":{"line":118,"column":35},"end":{"line":118,"column":null}},"36":{"start":{"line":137,"column":24},"end":{"line":137,"column":null}},"37":{"start":{"line":138,"column":24},"end":{"line":138,"column":null}},"38":{"start":{"line":139,"column":18},"end":{"line":167,"column":null}},"39":{"start":{"line":175,"column":22},"end":{"line":183,"column":null}}},"fnMap":{"0":{"name":"(anonymous_0)","decl":{"start":{"line":16,"column":28},"end":{"line":16,"column":29}},"loc":{"start":{"line":22,"column":32},"end":{"line":196,"column":null}},"line":22},"1":{"name":"(anonymous_1)","decl":{"start":{"line":23,"column":46},"end":{"line":23,"column":47}},"loc":{"start":{"line":23,"column":77},"end":{"line":53,"column":5}},"line":23},"2":{"name":"(anonymous_2)","decl":{"start":{"line":56,"column":4},"end":{"line":56,"column":5}},"loc":{"start":{"line":57,"column":6},"end":{"line":57,"column":null}},"line":57},"3":{"name":"(anonymous_3)","decl":{"start":{"line":72,"column":30},"end":{"line":72,"column":31}},"loc":{"start":{"line":72,"column":50},"end":{"line":192,"column":9}},"line":72},"4":{"name":"(anonymous_4)","decl":{"start":{"line":118,"column":28},"end":{"line":118,"column":29}},"loc":{"start":{"line":118,"column":35},"end":{"line":118,"column":null}},"line":118},"5":{"name":"(anonymous_5)","decl":{"start":{"line":136,"column":18},"end":{"line":136,"column":24}},"loc":{"start":{"line":136,"column":24},"end":{"line":169,"column":19}},"line":136},"6":{"name":"(anonymous_6)","decl":{"start":{"line":174,"column":46},"end":{"line":174,"column":47}},"loc":{"start":{"line":175,"column":22},"end":{"line":183,"column":null}},"line":175}},"branchMap":{"0":{"loc":{"start":{"line":25,"column":4},"end":{"line":36,"column":null}},"type":"if","locations":[{"start":{"line":25,"column":4},"end":{"line":36,"column":null}},{"start":{},"end":{}}],"line":25},"1":{"loc":{"start":{"line":25,"column":8},"end":{"line":25,"column":58}},"type":"binary-expr","locations":[{"start":{"line":25,"column":8},"end":{"line":25,"column":29}},{"start":{"line":25,"column":29},"end":{"line":25,"column":58}}],"line":25},"2":{"loc":{"start":{"line":27,"column":6},"end":{"line":34,"column":null}},"type":"if","locations":[{"start":{"line":27,"column":6},"end":{"line":34,"column":null}},{"start":{},"end":{}}],"line":27},"3":{"loc":{"start":{"line":27,"column":10},"end":{"line":27,"column":76}},"type":"binary-expr","locations":[{"start":{"line":27,"column":10},"end":{"line":27,"column":39}},{"start":{"line":27,"column":39},"end":{"line":27,"column":76}}],"line":27},"4":{"loc":{"start":{"line":30,"column":8},"end":{"line":33,"column":null}},"type":"if","locations":[{"start":{"line":30,"column":8},"end":{"line":33,"column":null}},{"start":{},"end":{}}],"line":30},"5":{"loc":{"start":{"line":30,"column":12},"end":{"line":30,"column":46}},"type":"binary-expr","locations":[{"start":{"line":30,"column":12},"end":{"line":30,"column":28}},{"start":{"line":30,"column":28},"end":{"line":30,"column":46}}],"line":30},"6":{"loc":{"start":{"line":32,"column":23},"end":{"line":32,"column":43}},"type":"cond-expr","locations":[{"start":{"line":32,"column":35},"end":{"line":32,"column":41}},{"start":{"line":32,"column":41},"end":{"line":32,"column":43}}],"line":32},"7":{"loc":{"start":{"line":37,"column":4},"end":{"line":48,"column":null}},"type":"if","locations":[{"start":{"line":37,"column":4},"end":{"line":48,"column":null}},{"start":{},"end":{}}],"line":37},"8":{"loc":{"start":{"line":37,"column":8},"end":{"line":37,"column":74}},"type":"binary-expr","locations":[{"start":{"line":37,"column":8},"end":{"line":37,"column":37}},{"start":{"line":37,"column":37},"end":{"line":37,"column":74}}],"line":37},"9":{"loc":{"start":{"line":39,"column":6},"end":{"line":46,"column":null}},"type":"if","locations":[{"start":{"line":39,"column":6},"end":{"line":46,"column":null}},{"start":{},"end":{}}],"line":39},"10":{"loc":{"start":{"line":39,"column":10},"end":{"line":39,"column":66}},"type":"binary-expr","locations":[{"start":{"line":39,"column":10},"end":{"line":39,"column":34}},{"start":{"line":39,"column":34},"end":{"line":39,"column":66}}],"line":39},"11":{"loc":{"start":{"line":42,"column":8},"end":{"line":45,"column":null}},"type":"if","locations":[{"start":{"line":42,"column":8},"end":{"line":45,"column":null}},{"start":{},"end":{}}],"line":42},"12":{"loc":{"start":{"line":42,"column":12},"end":{"line":42,"column":54}},"type":"binary-expr","locations":[{"start":{"line":42,"column":12},"end":{"line":42,"column":32}},{"start":{"line":42,"column":32},"end":{"line":42,"column":54}}],"line":42},"13":{"loc":{"start":{"line":44,"column":23},"end":{"line":44,"column":43}},"type":"cond-expr","locations":[{"start":{"line":44,"column":35},"end":{"line":44,"column":41}},{"start":{"line":44,"column":41},"end":{"line":44,"column":43}}],"line":44},"14":{"loc":{"start":{"line":49,"column":4},"end":{"line":51,"column":null}},"type":"if","locations":[{"start":{"line":49,"column":4},"end":{"line":51,"column":null}},{"start":{},"end":{}}],"line":49},"15":{"loc":{"start":{"line":49,"column":8},"end":{"line":49,"column":64}},"type":"binary-expr","locations":[{"start":{"line":49,"column":8},"end":{"line":49,"column":32}},{"start":{"line":49,"column":32},"end":{"line":49,"column":64}}],"line":49},"16":{"loc":{"start":{"line":57,"column":6},"end":{"line":57,"column":null}},"type":"binary-expr","locations":[{"start":{"line":57,"column":6},"end":{"line":57,"column":33}},{"start":{"line":57,"column":33},"end":{"line":57,"column":67}},{"start":{"line":57,"column":67},"end":{"line":57,"column":null}}],"line":57},"17":{"loc":{"start":{"line":77,"column":12},"end":{"line":77,"column":null}},"type":"binary-expr","locations":[{"start":{"line":77,"column":12},"end":{"line":77,"column":51}},{"start":{"line":77,"column":46},"end":{"line":77,"column":null}}],"line":77},"18":{"loc":{"start":{"line":80,"column":12},"end":{"line":82,"column":null}},"type":"cond-expr","locations":[{"start":{"line":81,"column":16},"end":{"line":81,"column":null}},{"start":{"line":81,"column":48},"end":{"line":82,"column":null}}],"line":80},"19":{"loc":{"start":{"line":84,"column":57},"end":{"line":84,"column":90}},"type":"cond-expr","locations":[{"start":{"line":84,"column":82},"end":{"line":84,"column":88}},{"start":{"line":84,"column":88},"end":{"line":84,"column":90}}],"line":84},"20":{"loc":{"start":{"line":93,"column":22},"end":{"line":93,"column":null}},"type":"cond-expr","locations":[{"start":{"line":93,"column":58},"end":{"line":93,"column":87}},{"start":{"line":93,"column":87},"end":{"line":93,"column":null}}],"line":93},"21":{"loc":{"start":{"line":94,"column":32},"end":{"line":94,"column":null}},"type":"cond-expr","locations":[{"start":{"line":94,"column":68},"end":{"line":94,"column":77}},{"start":{"line":94,"column":77},"end":{"line":94,"column":null}}],"line":94},"22":{"loc":{"start":{"line":98,"column":19},"end":{"line":98,"column":null}},"type":"cond-expr","locations":[{"start":{"line":98,"column":55},"end":{"line":98,"column":63}},{"start":{"line":98,"column":63},"end":{"line":98,"column":null}}],"line":98},"23":{"loc":{"start":{"line":112,"column":33},"end":{"line":112,"column":62}},"type":"binary-expr","locations":[{"start":{"line":112,"column":33},"end":{"line":112,"column":50}},{"start":{"line":112,"column":50},"end":{"line":112,"column":62}}],"line":112},"24":{"loc":{"start":{"line":116,"column":20},"end":{"line":116,"column":null}},"type":"cond-expr","locations":[{"start":{"line":116,"column":56},"end":{"line":116,"column":90}},{"start":{"line":116,"column":90},"end":{"line":116,"column":null}}],"line":116},"25":{"loc":{"start":{"line":120,"column":17},"end":{"line":131,"column":null}},"type":"binary-expr","locations":[{"start":{"line":120,"column":17},"end":{"line":120,"column":null}},{"start":{"line":121,"column":18},"end":{"line":131,"column":null}}],"line":120},"26":{"loc":{"start":{"line":147,"column":26},"end":{"line":151,"column":null}},"type":"cond-expr","locations":[{"start":{"line":148,"column":30},"end":{"line":148,"column":null}},{"start":{"line":149,"column":30},"end":{"line":151,"column":null}}],"line":147},"27":{"loc":{"start":{"line":149,"column":30},"end":{"line":151,"column":null}},"type":"cond-expr","locations":[{"start":{"line":150,"column":32},"end":{"line":150,"column":null}},{"start":{"line":151,"column":32},"end":{"line":151,"column":null}}],"line":149},"28":{"loc":{"start":{"line":153,"column":26},"end":{"line":157,"column":null}},"type":"cond-expr","locations":[{"start":{"line":154,"column":30},"end":{"line":154,"column":null}},{"start":{"line":155,"column":30},"end":{"line":157,"column":null}}],"line":153},"29":{"loc":{"start":{"line":155,"column":30},"end":{"line":157,"column":null}},"type":"cond-expr","locations":[{"start":{"line":156,"column":32},"end":{"line":156,"column":null}},{"start":{"line":157,"column":32},"end":{"line":157,"column":null}}],"line":155},"30":{"loc":{"start":{"line":162,"column":23},"end":{"line":165,"column":null}},"type":"binary-expr","locations":[{"start":{"line":162,"column":23},"end":{"line":162,"column":null}},{"start":{"line":163,"column":24},"end":{"line":165,"column":null}}],"line":162},"31":{"loc":{"start":{"line":172,"column":17},"end":{"line":187,"column":null}},"type":"cond-expr","locations":[{"start":{"line":173,"column":18},"end":{"line":185,"column":null}},{"start":{"line":187,"column":18},"end":{"line":187,"column":null}}],"line":172},"32":{"loc":{"start":{"line":172,"column":17},"end":{"line":172,"column":null}},"type":"binary-expr","locations":[{"start":{"line":172,"column":17},"end":{"line":172,"column":41}},{"start":{"line":172,"column":41},"end":{"line":172,"column":null}}],"line":172},"33":{"loc":{"start":{"line":179,"column":40},"end":{"line":179,"column":null}},"type":"cond-expr","locations":[{"start":{"line":179,"column":86},"end":{"line":179,"column":94}},{"start":{"line":179,"column":94},"end":{"line":179,"column":null}}],"line":179}},"s":{"0":1,"1":98,"2":187,"3":187,"4":187,"5":187,"6":183,"7":183,"8":183,"9":183,"10":183,"11":187,"12":187,"13":183,"14":183,"15":183,"16":183,"17":183,"18":183,"19":183,"20":183,"21":187,"22":183,"23":187,"24":98,"25":187,"26":98,"27":187,"28":187,"29":187,"30":187,"31":187,"32":187,"33":187,"34":187,"35":27,"36":187,"37":187,"38":187,"39":553},"f":{"0":98,"1":187,"2":187,"3":187,"4":27,"5":187,"6":553},"b":{"0":[187,0],"1":[187,187],"2":[183,4],"3":[187,185],"4":[183,0],"5":[183,183],"6":[183,0],"7":[183,4],"8":[187,185],"9":[183,0],"10":[183,183],"11":[183,0],"12":[183,183],"13":[183,0],"14":[183,4],"15":[187,185],"16":[187,187,187],"17":[187,58],"18":[2,185],"19":[185,2],"20":[0,187],"21":[0,187],"22":[0,187],"23":[187,0],"24":[2,185],"25":[187,2],"26":[89,98],"27":[93,5],"28":[89,98],"29":[93,5],"30":[187,0],"31":[187,0],"32":[187,187],"33":[366,187]},"meta":{"lastBranch":34,"lastFunction":7,"lastStatement":40,"seen":{"s:16:28:196:Infinity":0,"f:16:28:16:29":0,"s:23:8:53:Infinity":1,"f:23:46:23:47":1,"s:24:28:24:Infinity":2,"b:25:4:36:Infinity:undefined:undefined:undefined:undefined":0,"s:25:4:36:Infinity":3,"b:25:8:25:29:25:29:25:58":1,"s:26:17:26:Infinity":4,"b:27:6:34:Infinity:undefined:undefined:undefined:undefined":2,"s:27:6:34:Infinity":5,"b:27:10:27:39:27:39:27:76":3,"s:28:21:28:Infinity":6,"s:29:25:29:Infinity":7,"b:30:8:33:Infinity:undefined:undefined:undefined:undefined":4,"s:30:8:33:Infinity":8,"b:30:12:30:28:30:28:30:46":5,"s:31:23:31:Infinity":9,"s:32:10:32:Infinity":10,"b:32:35:32:41:32:41:32:43":6,"s:35:6:35:Infinity":11,"b:37:4:48:Infinity:undefined:undefined:undefined:undefined":7,"s:37:4:48:Infinity":12,"b:37:8:37:37:37:37:37:74":8,"s:38:17:38:Infinity":13,"b:39:6:46:Infinity:undefined:undefined:undefined:undefined":9,"s:39:6:46:Infinity":14,"b:39:10:39:34:39:34:39:66":10,"s:40:25:40:Infinity":15,"s:41:29:41:Infinity":16,"b:42:8:45:Infinity:undefined:undefined:undefined:undefined":11,"s:42:8:45:Infinity":17,"b:42:12:42:32:42:32:42:54":12,"s:43:23:43:Infinity":18,"s:44:10:44:Infinity":19,"b:44:35:44:41:44:41:44:43":13,"s:47:6:47:Infinity":20,"b:49:4:51:Infinity:undefined:undefined:undefined:undefined":14,"s:49:4:51:Infinity":21,"b:49:8:49:32:49:32:49:64":15,"s:50:6:50:Infinity":22,"s:52:4:52:Infinity":23,"s:55:27:58:Infinity":24,"f:56:4:56:5":2,"s:57:6:57:Infinity":25,"b:57:6:57:33:57:33:57:67:57:67:57:Infinity":16,"s:60:2:194:Infinity":26,"f:72:30:72:31":3,"s:73:16:73:Infinity":27,"s:74:16:74:Infinity":28,"s:75:39:75:Infinity":29,"s:77:12:77:Infinity":30,"b:77:12:77:51:77:46:77:Infinity":17,"s:80:12:82:Infinity":31,"b:81:16:81:Infinity:81:48:82:Infinity":18,"s:84:37:84:Infinity":32,"b:84:82:84:88:84:88:84:90":19,"s:85:39:85:Infinity":33,"s:87:10:190:Infinity":34,"b:93:58:93:87:93:87:93:Infinity":20,"b:94:68:94:77:94:77:94:Infinity":21,"b:98:55:98:63:98:63:98:Infinity":22,"b:112:33:112:50:112:50:112:62":23,"b:116:56:116:90:116:90:116:Infinity":24,"f:118:28:118:29":4,"s:118:35:118:Infinity":35,"b:120:17:120:Infinity:121:18:131:Infinity":25,"f:136:18:136:24":5,"s:137:24:137:Infinity":36,"s:138:24:138:Infinity":37,"s:139:18:167:Infinity":38,"b:148:30:148:Infinity:149:30:151:Infinity":26,"b:150:32:150:Infinity:151:32:151:Infinity":27,"b:154:30:154:Infinity:155:30:157:Infinity":28,"b:156:32:156:Infinity:157:32:157:Infinity":29,"b:162:23:162:Infinity:163:24:165:Infinity":30,"b:173:18:185:Infinity:187:18:187:Infinity":31,"b:172:17:172:41:172:41:172:Infinity":32,"f:174:46:174:47":6,"s:175:22:183:Infinity":39,"b:179:86:179:94:179:94:179:Infinity":33}}}
,"/Users/miya/Documents/GitHub/daishin_kaihatu_project/src/components/MeterReading/components/ToastOverlay.tsx": {"path":"/Users/miya/Documents/GitHub/daishin_kaihatu_project/src/components/MeterReading/components/ToastOverlay.tsx","statementMap":{"0":{"start":{"line":6,"column":21},"end":{"line":44,"column":null}},"1":{"start":{"line":7,"column":2},"end":{"line":7,"column":null}},"2":{"start":{"line":7,"column":13},"end":{"line":7,"column":null}},"3":{"start":{"line":9,"column":2},"end":{"line":42,"column":null}}},"fnMap":{"0":{"name":"(anonymous_0)","decl":{"start":{"line":6,"column":21},"end":{"line":6,"column":22}},"loc":{"start":{"line":6,"column":63},"end":{"line":44,"column":null}},"line":6}},"branchMap":{"0":{"loc":{"start":{"line":7,"column":2},"end":{"line":7,"column":null}},"type":"if","locations":[{"start":{"line":7,"column":2},"end":{"line":7,"column":null}},{"start":{},"end":{}}],"line":7}},"s":{"0":2,"1":130,"2":116,"3":14},"f":{"0":130},"b":{"0":[116,14]},"meta":{"lastBranch":1,"lastFunction":1,"lastStatement":4,"seen":{"s:6:21:44:Infinity":0,"f:6:21:6:22":0,"b:7:2:7:Infinity:undefined:undefined:undefined:undefined":0,"s:7:2:7:Infinity":1,"s:7:13:7:Infinity":2,"s:9:2:42:Infinity":3}}}
,"/Users/miya/Documents/GitHub/daishin_kaihatu_project/src/components/MeterReading/hooks/useMeterReadings.ts": {"path":"/Users/miya/Documents/GitHub/daishin_kaihatu_project/src/components/MeterReading/hooks/useMeterReadings.ts","statementMap":{"0":{"start":{"line":7,"column":32},"end":{"line":227,"column":null}},"1":{"start":{"line":8,"column":28},"end":{"line":8,"column":null}},"2":{"start":{"line":9,"column":24},"end":{"line":9,"column":null}},"3":{"start":{"line":10,"column":34},"end":{"line":10,"column":null}},"4":{"start":{"line":11,"column":38},"end":{"line":11,"column":null}},"5":{"start":{"line":12,"column":26},"end":{"line":12,"column":null}},"6":{"start":{"line":13,"column":30},"end":{"line":13,"column":null}},"7":{"start":{"line":14,"column":40},"end":{"line":14,"column":null}},"8":{"start":{"line":15,"column":38},"end":{"line":15,"column":null}},"9":{"start":{"line":17,"column":2},"end":{"line":19,"column":null}},"10":{"start":{"line":18,"column":4},"end":{"line":18,"column":null}},"11":{"start":{"line":21,"column":2},"end":{"line":29,"column":null}},"12":{"start":{"line":22,"column":27},"end":{"line":22,"column":null}},"13":{"start":{"line":23,"column":4},"end":{"line":27,"column":null}},"14":{"start":{"line":24,"column":6},"end":{"line":24,"column":null}},"15":{"start":{"line":25,"column":6},"end":{"line":25,"column":null}},"16":{"start":{"line":26,"column":6},"end":{"line":26,"column":null}},"17":{"start":{"line":28,"column":4},"end":{"line":28,"column":null}},"18":{"start":{"line":31,"column":8},"end":{"line":35,"column":null}},"19":{"start":{"line":32,"column":4},"end":{"line":34,"column":null}},"20":{"start":{"line":32,"column":34},"end":{"line":33,"column":null}},"21":{"start":{"line":37,"column":8},"end":{"line":135,"column":null}},"22":{"start":{"line":39,"column":28},"end":{"line":39,"column":null}},"23":{"start":{"line":40,"column":6},"end":{"line":44,"column":null}},"24":{"start":{"line":41,"column":8},"end":{"line":41,"column":null}},"25":{"start":{"line":42,"column":8},"end":{"line":42,"column":null}},"26":{"start":{"line":43,"column":8},"end":{"line":43,"column":null}},"27":{"start":{"line":46,"column":24},"end":{"line":46,"column":null}},"28":{"start":{"line":47,"column":29},"end":{"line":50,"column":null}},"29":{"start":{"line":48,"column":8},"end":{"line":48,"column":null}},"30":{"start":{"line":49,"column":8},"end":{"line":49,"column":null}},"31":{"start":{"line":52,"column":6},"end":{"line":132,"column":null}},"32":{"start":{"line":52,"column":25},"end":{"line":52,"column":28}},"33":{"start":{"line":53,"column":8},"end":{"line":131,"column":null}},"34":{"start":{"line":54,"column":27},"end":{"line":54,"column":null}},"35":{"start":{"line":55,"column":27},"end":{"line":55,"column":null}},"36":{"start":{"line":57,"column":10},"end":{"line":66,"column":null}},"37":{"start":{"line":58,"column":12},"end":{"line":62,"column":null}},"38":{"start":{"line":59,"column":30},"end":{"line":59,"column":null}},"39":{"start":{"line":60,"column":14},"end":{"line":60,"column":null}},"40":{"start":{"line":60,"column":45},"end":{"line":60,"column":73}},"41":{"start":{"line":61,"column":14},"end":{"line":61,"column":null}},"42":{"start":{"line":63,"column":12},"end":{"line":65,"column":null}},"43":{"start":{"line":68,"column":33},"end":{"line":68,"column":null}},"44":{"start":{"line":69,"column":10},"end":{"line":71,"column":null}},"45":{"start":{"line":70,"column":12},"end":{"line":70,"column":null}},"46":{"start":{"line":73,"column":23},"end":{"line":73,"column":null}},"47":{"start":{"line":74,"column":10},"end":{"line":74,"column":null}},"48":{"start":{"line":74,"column":21},"end":{"line":74,"column":null}},"49":{"start":{"line":77,"column":10},"end":{"line":96,"column":null}},"50":{"start":{"line":82,"column":12},"end":{"line":82,"column":null}},"51":{"start":{"line":83,"column":12},"end":{"line":83,"column":null}},"52":{"start":{"line":84,"column":12},"end":{"line":84,"column":null}},"53":{"start":{"line":85,"column":10},"end":{"line":96,"column":null}},"54":{"start":{"line":86,"column":12},"end":{"line":92,"column":null}},"55":{"start":{"line":87,"column":14},"end":{"line":87,"column":null}},"56":{"start":{"line":88,"column":14},"end":{"line":88,"column":null}},"57":{"start":{"line":90,"column":14},"end":{"line":90,"column":null}},"58":{"start":{"line":91,"column":14},"end":{"line":91,"column":null}},"59":{"start":{"line":93,"column":12},"end":{"line":93,"column":null}},"60":{"start":{"line":95,"column":12},"end":{"line":95,"column":null}},"61":{"start":{"line":98,"column":10},"end":{"line":98,"column":null}},"62":{"start":{"line":99,"column":10},"end":{"line":99,"column":null}},"63":{"start":{"line":100,"column":10},"end":{"line":100,"column":null}},"64":{"start":{"line":101,"column":10},"end":{"line":101,"column":null}},"65":{"start":{"line":103,"column":10},"end":{"line":110,"column":null}},"66":{"start":{"line":104,"column":35},"end":{"line":106,"column":null}},"67":{"start":{"line":104,"column":86},"end":{"line":105,"column":null}},"68":{"start":{"line":107,"column":12},"end":{"line":107,"column":null}},"69":{"start":{"line":109,"column":12},"end":{"line":109,"column":null}},"70":{"start":{"line":112,"column":10},"end":{"line":112,"column":null}},"71":{"start":{"line":113,"column":10},"end":{"line":113,"column":null}},"72":{"start":{"line":113,"column":27},"end":{"line":113,"column":null}},"73":{"start":{"line":114,"column":10},"end":{"line":114,"column":null}},"74":{"start":{"line":116,"column":10},"end":{"line":130,"column":null}},"75":{"start":{"line":117,"column":28},"end":{"line":117,"column":null}},"76":{"start":{"line":118,"column":30},"end":{"line":118,"column":null}},"77":{"start":{"line":119,"column":12},"end":{"line":125,"column":null}},"78":{"start":{"line":120,"column":14},"end":{"line":121,"column":null}},"79":{"start":{"line":122,"column":12},"end":{"line":125,"column":null}},"80":{"start":{"line":123,"column":14},"end":{"line":124,"column":null}},"81":{"start":{"line":126,"column":12},"end":{"line":126,"column":null}},"82":{"start":{"line":127,"column":12},"end":{"line":127,"column":null}},"83":{"start":{"line":128,"column":12},"end":{"line":128,"column":null}},"84":{"start":{"line":128,"column":29},"end":{"line":128,"column":null}},"85":{"start":{"line":129,"column":12},"end":{"line":129,"column":null}},"86":{"start":{"line":137,"column":8},"end":{"line":165,"column":null}},"87":{"start":{"line":139,"column":6},"end":{"line":162,"column":null}},"88":{"start":{"line":140,"column":30},"end":{"line":140,"column":null}},"89":{"start":{"line":141,"column":25},"end":{"line":141,"column":null}},"90":{"start":{"line":142,"column":25},"end":{"line":142,"column":null}},"91":{"start":{"line":143,"column":8},"end":{"line":143,"column":null}},"92":{"start":{"line":143,"column":26},"end":{"line":143,"column":null}},"93":{"start":{"line":145,"column":23},"end":{"line":145,"column":null}},"94":{"start":{"line":146,"column":8},"end":{"line":159,"column":null}},"95":{"start":{"line":147,"column":10},"end":{"line":147,"column":null}},"96":{"start":{"line":148,"column":10},"end":{"line":148,"column":null}},"97":{"start":{"line":149,"column":10},"end":{"line":149,"column":null}},"98":{"start":{"line":150,"column":10},"end":{"line":150,"column":null}},"99":{"start":{"line":152,"column":10},"end":{"line":156,"column":null}},"100":{"start":{"line":153,"column":12},"end":{"line":153,"column":null}},"101":{"start":{"line":155,"column":12},"end":{"line":155,"column":null}},"102":{"start":{"line":158,"column":10},"end":{"line":158,"column":null}},"103":{"start":{"line":161,"column":8},"end":{"line":161,"column":null}},"104":{"start":{"line":168,"column":2},"end":{"line":178,"column":null}},"105":{"start":{"line":169,"column":27},"end":{"line":175,"column":null}},"106":{"start":{"line":170,"column":6},"end":{"line":174,"column":null}},"107":{"start":{"line":171,"column":8},"end":{"line":171,"column":null}},"108":{"start":{"line":173,"column":8},"end":{"line":173,"column":null}},"109":{"start":{"line":176,"column":4},"end":{"line":176,"column":null}},"110":{"start":{"line":177,"column":4},"end":{"line":177,"column":null}},"111":{"start":{"line":177,"column":17},"end":{"line":177,"column":null}},"112":{"start":{"line":181,"column":2},"end":{"line":209,"column":null}},"113":{"start":{"line":182,"column":4},"end":{"line":182,"column":null}},"114":{"start":{"line":182,"column":23},"end":{"line":182,"column":null}},"115":{"start":{"line":184,"column":22},"end":{"line":184,"column":null}},"116":{"start":{"line":185,"column":19},"end":{"line":185,"column":null}},"117":{"start":{"line":186,"column":16},"end":{"line":186,"column":null}},"118":{"start":{"line":188,"column":4},"end":{"line":192,"column":null}},"119":{"start":{"line":189,"column":6},"end":{"line":189,"column":null}},"120":{"start":{"line":190,"column":6},"end":{"line":190,"column":null}},"121":{"start":{"line":191,"column":6},"end":{"line":191,"column":null}},"122":{"start":{"line":194,"column":10},"end":{"line":194,"column":null}},"123":{"start":{"line":195,"column":4},"end":{"line":199,"column":null}},"124":{"start":{"line":196,"column":6},"end":{"line":196,"column":null}},"125":{"start":{"line":197,"column":6},"end":{"line":197,"column":null}},"126":{"start":{"line":198,"column":6},"end":{"li
[...]
,"/Users/miya/Documents/GitHub/daishin_kaihatu_project/src/hooks/useNetworkStatus.ts": {"path":"/Users/miya/Documents/GitHub/daishin_kaihatu_project/src/hooks/useNetworkStatus.ts","statementMap":{"0":{"start":{"line":7,"column":25},"end":{"line":24,"column":null}},"1":{"start":{"line":8,"column":30},"end":{"line":8,"column":null}},"2":{"start":{"line":10,"column":2},"end":{"line":21,"column":null}},"3":{"start":{"line":11,"column":25},"end":{"line":11,"column":null}},"4":{"start":{"line":11,"column":31},"end":{"line":11,"column":null}},"5":{"start":{"line":12,"column":26},"end":{"line":12,"column":null}},"6":{"start":{"line":12,"column":32},"end":{"line":12,"column":null}},"7":{"start":{"line":14,"column":4},"end":{"line":14,"column":null}},"8":{"start":{"line":15,"column":4},"end":{"line":15,"column":null}},"9":{"start":{"line":17,"column":4},"end":{"line":20,"column":null}},"10":{"start":{"line":18,"column":6},"end":{"line":18,"column":null}},"11":{"start":{"line":19,"column":6},"end":{"line":19,"column":null}},"12":{"start":{"line":23,"column":2},"end":{"line":23,"column":null}}},"fnMap":{"0":{"name":"(anonymous_0)","decl":{"start":{"line":7,"column":25},"end":{"line":7,"column":46}},"loc":{"start":{"line":7,"column":46},"end":{"line":24,"column":null}},"line":7},"1":{"name":"(anonymous_1)","decl":{"start":{"line":10,"column":12},"end":{"line":10,"column":18}},"loc":{"start":{"line":10,"column":18},"end":{"line":21,"column":5}},"line":10},"2":{"name":"(anonymous_2)","decl":{"start":{"line":11,"column":25},"end":{"line":11,"column":31}},"loc":{"start":{"line":11,"column":31},"end":{"line":11,"column":null}},"line":11},"3":{"name":"(anonymous_3)","decl":{"start":{"line":12,"column":26},"end":{"line":12,"column":32}},"loc":{"start":{"line":12,"column":32},"end":{"line":12,"column":null}},"line":12},"4":{"name":"(anonymous_4)","decl":{"start":{"line":17,"column":11},"end":{"line":17,"column":17}},"loc":{"start":{"line":17,"column":17},"end":{"line":20,"column":null}},"line":17}},"branchMap":{},"s":{"0":3,"1":383,"2":383,"3":147,"4":0,"5":147,"6":0,"7":147,"8":147,"9":147,"10":147,"11":147,"12":383},"f":{"0":383,"1":147,"2":0,"3":0,"4":147},"b":{},"meta":{"lastBranch":0,"lastFunction":5,"lastStatement":13,"seen":{"s:7:25:24:Infinity":0,"f:7:25:7:46":0,"s:8:30:8:Infinity":1,"s:10:2:21:Infinity":2,"f:10:12:10:18":1,"s:11:25:11:Infinity":3,"f:11:25:11:31":2,"s:11:31:11:Infinity":4,"s:12:26:12:Infinity":5,"f:12:26:12:32":3,"s:12:32:12:Infinity":6,"s:14:4:14:Infinity":7,"s:15:4:15:Infinity":8,"s:17:4:20:Infinity":9,"f:17:11:17:17":4,"s:18:6:18:Infinity":10,"s:19:6:19:Infinity":11,"s:23:2:23:Infinity":12}}}
,"/Users/miya/Documents/GitHub/daishin_kaihatu_project/src/utils/gasClient.ts": {"path":"/Users/miya/Documents/GitHub/daishin_kaihatu_project/src/utils/gasClient.ts","statementMap":{"0":{"start":{"line":10,"column":32},"end":{"line":10,"column":null}},"1":{"start":{"line":19,"column":25},"end":{"line":29,"column":null}},"2":{"start":{"line":20,"column":2},"end":{"line":28,"column":null}},"3":{"start":{"line":21,"column":4},"end":{"line":24,"column":null}},"4":{"start":{"line":27,"column":4},"end":{"line":27,"column":null}},"5":{"start":{"line":38,"column":31},"end":{"line":48,"column":null}},"6":{"start":{"line":39,"column":14},"end":{"line":39,"column":null}},"7":{"start":{"line":40,"column":21},"end":{"line":40,"column":null}},"8":{"start":{"line":41,"column":19},"end":{"line":41,"column":null}},"9":{"start":{"line":43,"column":2},"end":{"line":45,"column":null}},"10":{"start":{"line":44,"column":4},"end":{"line":44,"column":null}},"11":{"start":{"line":47,"column":2},"end":{"line":47,"column":null}},"12":{"start":{"line":58,"column":26},"end":{"line":71,"column":null}},"13":{"start":{"line":59,"column":8},"end":{"line":59,"column":null}},"14":{"start":{"line":60,"column":2},"end":{"line":60,"column":null}},"15":{"start":{"line":60,"column":25},"end":{"line":60,"column":null}},"16":{"start":{"line":62,"column":14},"end":{"line":62,"column":null}},"17":{"start":{"line":63,"column":21},"end":{"line":63,"column":null}},"18":{"start":{"line":64,"column":19},"end":{"line":64,"column":null}},"19":{"start":{"line":66,"column":2},"end":{"line":68,"column":null}},"20":{"start":{"line":67,"column":4},"end":{"line":67,"column":null}},"21":{"start":{"line":70,"column":2},"end":{"line":70,"column":null}},"22":{"start":{"line":82,"column":34},"end":{"line":102,"column":null}},"23":{"start":{"line":87,"column":8},"end":{"line":87,"column":null}},"24":{"start":{"line":88,"column":2},"end":{"line":88,"column":null}},"25":{"start":{"line":88,"column":29},"end":{"line":88,"column":null}},"26":{"start":{"line":90,"column":8},"end":{"line":90,"column":null}},"27":{"start":{"line":91,"column":2},"end":{"line":91,"column":null}},"28":{"start":{"line":91,"column":29},"end":{"line":91,"column":null}},"29":{"start":{"line":93,"column":14},"end":{"line":93,"column":null}},"30":{"start":{"line":94,"column":21},"end":{"line":94,"column":null}},"31":{"start":{"line":95,"column":19},"end":{"line":95,"column":null}},"32":{"start":{"line":97,"column":2},"end":{"line":99,"column":null}},"33":{"start":{"line":98,"column":4},"end":{"line":98,"column":null}},"34":{"start":{"line":101,"column":2},"end":{"line":101,"column":null}},"35":{"start":{"line":115,"column":35},"end":{"line":143,"column":null}},"36":{"start":{"line":121,"column":8},"end":{"line":121,"column":null}},"37":{"start":{"line":122,"column":2},"end":{"line":122,"column":null}},"38":{"start":{"line":122,"column":29},"end":{"line":122,"column":null}},"39":{"start":{"line":124,"column":8},"end":{"line":124,"column":null}},"40":{"start":{"line":125,"column":2},"end":{"line":125,"column":null}},"41":{"start":{"line":125,"column":29},"end":{"line":125,"column":null}},"42":{"start":{"line":127,"column":14},"end":{"line":127,"column":null}},"43":{"start":{"line":128,"column":17},"end":{"line":133,"column":null}},"44":{"start":{"line":135,"column":21},"end":{"line":135,"column":null}},"45":{"start":{"line":136,"column":19},"end":{"line":136,"column":null}},"46":{"start":{"line":138,"column":2},"end":{"line":140,"column":null}},"47":{"start":{"line":139,"column":4},"end":{"line":139,"column":null}},"48":{"start":{"line":142,"column":2},"end":{"line":142,"column":null}},"49":{"start":{"line":155,"column":34},"end":{"line":178,"column":null}},"50":{"start":{"line":160,"column":8},"end":{"line":160,"column":null}},"51":{"start":{"line":161,"column":2},"end":{"line":161,"column":null}},"52":{"start":{"line":161,"column":29},"end":{"line":161,"column":null}},"53":{"start":{"line":163,"column":14},"end":{"line":163,"column":null}},"54":{"start":{"line":164,"column":17},"end":{"line":168,"column":null}},"55":{"start":{"line":170,"column":21},"end":{"line":170,"column":null}},"56":{"start":{"line":171,"column":19},"end":{"line":171,"column":null}},"57":{"start":{"line":173,"column":2},"end":{"line":175,"column":null}},"58":{"start":{"line":174,"column":4},"end":{"line":174,"column":null}},"59":{"start":{"line":177,"column":2},"end":{"line":177,"column":null}}},"fnMap":{"0":{"name":"(anonymous_0)","decl":{"start":{"line":19,"column":25},"end":{"line":19,"column":39}},"loc":{"start":{"line":19,"column":39},"end":{"line":29,"column":null}},"line":19},"1":{"name":"(anonymous_1)","decl":{"start":{"line":38,"column":31},"end":{"line":38,"column":38}},"loc":{"start":{"line":38,"column":76},"end":{"line":48,"column":null}},"line":38},"2":{"name":"(anonymous_2)","decl":{"start":{"line":58,"column":26},"end":{"line":58,"column":33}},"loc":{"start":{"line":58,"column":102},"end":{"line":71,"column":null}},"line":58},"3":{"name":"(anonymous_3)","decl":{"start":{"line":82,"column":34},"end":{"line":82,"column":null}},"loc":{"start":{"line":86,"column":23},"end":{"line":102,"column":null}},"line":86},"4":{"name":"(anonymous_4)","decl":{"start":{"line":115,"column":35},"end":{"line":115,"column":null}},"loc":{"start":{"line":120,"column":23},"end":{"line":143,"column":null}},"line":120},"5":{"name":"(anonymous_5)","decl":{"start":{"line":155,"column":34},"end":{"line":155,"column":null}},"loc":{"start":{"line":159,"column":23},"end":{"line":178,"column":null}},"line":159}},"branchMap":{"0":{"loc":{"start":{"line":10,"column":32},"end":{"line":10,"column":null}},"type":"binary-expr","locations":[{"start":{"line":10,"column":32},"end":{"line":10,"column":72}},{"start":{"line":10,"column":72},"end":{"line":10,"column":null}}],"line":10},"1":{"loc":{"start":{"line":22,"column":6},"end":{"line":24,"column":null}},"type":"binary-expr","locations":[{"start":{"line":22,"column":6},"end":{"line":22,"column":null}},{"start":{"line":23,"column":6},"end":{"line":23,"column":null}},{"start":{"line":24,"column":6},"end":{"line":24,"column":null}}],"line":22},"2":{"loc":{"start":{"line":39,"column":14},"end":{"line":39,"column":null}},"type":"binary-expr","locations":[{"start":{"line":39,"column":14},"end":{"line":39,"column":24}},{"start":{"line":39,"column":24},"end":{"line":39,"column":null}}],"line":39},"3":{"loc":{"start":{"line":43,"column":2},"end":{"line":45,"column":null}},"type":"if","locations":[{"start":{"line":43,"column":2},"end":{"line":45,"column":null}},{"start":{},"end":{}}],"line":43},"4":{"loc":{"start":{"line":60,"column":2},"end":{"line":60,"column":null}},"type":"if","locations":[{"start":{"line":60,"column":2},"end":{"line":60,"column":null}},{"start":{},"end":{}}],"line":60},"5":{"loc":{"start":{"line":62,"column":14},"end":{"line":62,"column":null}},"type":"binary-expr","locations":[{"start":{"line":62,"column":14},"end":{"line":62,"column":24}},{"start":{"line":62,"column":24},"end":{"line":62,"column":null}}],"line":62},"6":{"loc":{"start":{"line":66,"column":2},"end":{"line":68,"column":null}},"type":"if","locations":[{"start":{"line":66,"column":2},"end":{"line":68,"column":null}},{"start":{},"end":{}}],"line":66},"7":{"loc":{"start":{"line":88,"column":2},"end":{"line":88,"column":null}},"type":"if","locations":[{"start":{"line":88,"column":2},"end":{"line":88,"column":null}},{"start":{},"end":{}}],"line":88},"8":{"loc":{"start":{"line":91,"column":2},"end":{"line":91,"column":null}},"type":"if","locations":[{"start":{"line":91,"column":2},"end":{"line":91,"column":null}},{"start":{},"end":{}}],"line":91},"9":{"loc":{"start":{"line":93,"column":14},"end":{"line":93,"column":null}},"type":"binary-expr","locations":[{"start":{"line":93,"column":14},"end":{"line":93,"column":24}},{"start":{"line":93,"column":24},"end":{"line":93,"column":null}}],"line":93},"10":{"loc":{"start":{"line":97,"column":2},"end":{"line":99,"column":null}},"type":"if","locations":[{"start":{"line":97,"column":2},"end":{"line":99,"column":null}},{"start":{},"end":{}}],"line":97},"11":{"loc":{"start":{"line":122,"column":2},"end":{"line":122,"column":null}},"type":"if","locations":[{"start":{"line":122,"column":2},"end":{"line":122,"column":null}},{"start":{},"end":{}}],"line":122},"12":{"loc":{"start":{"line":125,"column":2},"end":{"line":125,"column":null}},"type":"if","locations":[{"start":{"line":125,"column":2},"end":{"line":125,"column":null}},{"start":{},"end":{}}],"line":125},"13":{"loc":{"start":{"line":127,"column":14},"end":{"line":127,"column":null}},"type":"binary-expr","locations":[{"start":{"line":127,"column":14},"end":{"line":127,"column":24}},{"start":{"line":127,"column":24},"end":{"line":127,"column":null}}],"line":127},"14":{"loc":{"start":{"line":138,"column":2},"end":{"line":140,"column":null}},"type":"if","locations":[{"start":{"line":138,"column":2},"end":{"line":140,"column":null}},{"start":{},"end":{}}],"line":138},"15":{"loc":{"start":{"line":161,"column":2},"end":{"line":161,"column":null}},"type":"if","locations":[{"start":{"line":161,"column":2},"end":{"line":161,"column":null}},{"start":{},"end":{}}],"line":161},"16":{"loc":{"start":{"line":163,"column":14},"end":{"line":163,"column":null}},"type":"binary-expr","locations":[{"start":{"line":163,"column":14},"end":{"line":163,"column":24}},{"start":{"line":163,"column":24},"end":{"line":163,"column":null}}],"line":163},"17":{"loc":{"start":{"line":173,"column":2},"end":{"line":175,"column":null}},"type":"if","locations":[{"start":{"line":173,"column":2},"end":{"line":175,"column":null}},{"start":{},"end":{}}],"line":173}},"s":{"0":1,"1":1,"2":5,"3":5,"4":1,"5":1,"6":3,"7":3,"8":3,"9":3,"10":2,"11":1,"12":1,"13":3,"14":3,"15":1,"16":2,"17":3,"18":3,"19":2,"20":1,"21":1,"22":1,"23":4,"24":4,"25":1,"26":3,"27":3,"28":1,"29":2,"30":4,"31":4,"32":2,"33":1,"34":1,"35":1,"36":4,"37":4,"38":1,"39":3,"40":3,"41":1,"42":2,"43":4,"44":4,"45":4,"46":2,"47":1,"48":1,"49":1,"50":3,"51":3,"52":1,"53":2,"54":3,"55":3,"56":3,"57":2,"58":1,"59":1},"f":{"0":5,"1":3,"2":3,"3":4,"4":4,"5":3},"b":{"0":[1,0],"1":[5,3,2],"2":[3,0],"3":[2,1],"4":[1,2],"5":[2,0],"6":[1,1],"7":[1,3],"8":[1,2],"9":[2,0],"10":[1,1],"11":[1,3],"12":[1,2],"13":[2,0],"14":[1,1],"15":[1,2],"16":[2,0],"17":[1,1]},"meta":{"lastBranch":18,"lastFunction":6,"lastStatement":60,"seen":{"s:10:32:10:Infinity":0,"b:10:32:10:72:10:72:10:Infinity":0,"s:19:25:29:Infinity":1,"f:19:25:19:39":0,"s:20:2:28:Infinity":2,"s:21:4:24:Infinity":3,"b:22:6:22:Infinity:23:6:23:Infinity:24:6:24:Infinity":1,"s:27:4:27:Infinity":4,"s:38:31:48:Infinity":5,"f:38:31:38:38":1,"s:39:14:39:Infinity":6,"b:39:14:39:24:39:24:39:Infinity":2,"s:40:21:40:Infinity":7,"s:41:19:41:Infinity":8,"b:43:2:45:Infinity:undefined:undefined:undefined:undefined":3,"s:43:2:45:Infinity":9,"s:44:4:44:Infinity":10,"s:47:2:47:Infinity":11,"s:58:26:71:Infinity":12,"f:58:26:58:33":2,"s:59:8:59:Infinity":13,"b:60:2:60:Infinity:undefined:undefined:undefined:undefined":4,"s:60:2:60:Infinity":14,"s:60:25:60:Infinity":15,"s:62:14:62:Infinity":16,"b:62:14:62:24:62:24:62:Infinity":5,"s:63:21:63:Infinity":17,"s:64:19:64:Infinity":18,"b:66:2:68:Infinity:undefined:undefined:undefined:undefined":6,"s:66:2:68:Infinity":19,"s:67:4:67:Infinity":20,"s:70:2:70:Infinity":21,"s:82:34:102:Infinity":22,"f:82:34:82:Infinity":3,"s:87:8:87:Infinity":23,"b:88:2:88:Infinity:undefined:undefined:undefined:undefined":7,"s:88:2:88:Infinity":24,"s:88:29:88:Infinity":25,"s:90:8:90:Infinity":26,"b:91:2:91:Infinity:undefined:undefined:undefined:undefined":8,"s:91:2:91:Infinity":27,"s:91:29:91:Infinity":28,"s:93:14:93:Infinity":29,"b:93:14:93:24:93:24:93:Infinity":9,"s:94:21:94:Infinity":30,"s:95:19:95:Infinity":31,"b:97:2:99:Infinity:undefined:undefined:undefined:undefined":10,"s:97:2:99:Infinity":32,"s:98:4:98:Infinity":33,"s:101:2:101:Infinity":34,"s:115:35:143:Infinity":35,"f:115:35:115:Infinity":4,"s:121:8:121:Infinity":36,"b:122:2:122:Infinity:undefined:undefined:undefined:undefined":11,"s:122:2:122:Infinity":37,"s:122:29:122:Infinity":38,"s:124:8:124:Infinity":39,"b:125:2:125:Infinity:undefined:undefined:undefined:undefined":12,"s:125:2:125:Infinity":40,"s:125:29:125:Infinity":41,"s:127:14:127:Infinity":42,"b:127:14:127:24:127:24:127:Infinity":13,"s:128:17:133:Infinity":43,"s:135:21:135:Infinity":44,"s:136:19:136:Infinity":45,"b:138:2:140:Infinity:undefined:undefined:undefined:undefined":14,"s:138:2:140:Infinity":46,"s:139:4:139:Infinity":47,"s:142:2:142:Infinity":48,"s:155:34:178:Infinity":49,"f:155:34:155:Infinity":5,"s:160:8:160:Infinity":50,"b:161:2:161:Infinity:undefined:undefined:undefined:undefined":15,"s:161:2:161:Infinity":51,"s:161:29:161:Infinity":52,"s:163:14:163:Infinity":53,"b:163:14:163:24:163:24:163:Infinity":16,"s:164:17:168:Infinity":54,"s:170:21:170:Infinity":55,"s:171:19:171:Infinity":56,"b:173:2:175:Infinity:undefined:undefined:undefined:undefined":17,"s:173:2:175:Infinity":57,"s:174:4:174:Infinity":58,"s:177:2:177:Infinity":59}}}
,"/Users/miya/Documents/GitHub/daishin_kaihatu_project/src/utils/validateParams.ts": {"path":"/Users/miya/Documents/GitHub/daishin_kaihatu_project/src/utils/validateParams.ts","statementMap":{"0":{"start":{"line":7,"column":24},"end":{"line":7,"column":null}},"1":{"start":{"line":10,"column":22},"end":{"line":10,"column":null}},"2":{"start":{"line":30,"column":2},"end":{"line":32,"column":null}},"3":{"start":{"line":31,"column":4},"end":{"line":31,"column":null}},"4":{"start":{"line":34,"column":18},"end":{"line":34,"column":null}},"5":{"start":{"line":36,"column":2},"end":{"line":38,"column":null}},"6":{"start":{"line":37,"column":4},"end":{"line":37,"column":null}},"7":{"start":{"line":40,"column":2},"end":{"line":42,"column":null}},"8":{"start":{"line":41,"column":4},"end":{"line":41,"column":null}},"9":{"start":{"line":44,"column":2},"end":{"line":46,"column":null}},"10":{"start":{"line":45,"column":4},"end":{"line":45,"column":null}},"11":{"start":{"line":48,"column":2},"end":{"line":48,"column":null}},"12":{"start":{"line":58,"column":2},"end":{"line":63,"column":null}},"13":{"start":{"line":59,"column":19},"end":{"line":59,"column":null}},"14":{"start":{"line":60,"column":4},"end":{"line":62,"column":null}},"15":{"start":{"line":61,"column":6},"end":{"line":61,"column":null}},"16":{"start":{"line":64,"column":2},"end":{"line":64,"column":null}}},"fnMap":{"0":{"name":"validateId","decl":{"start":{"line":29,"column":16},"end":{"line":29,"column":27}},"loc":{"start":{"line":29,"column":87},"end":{"line":49,"column":null}},"line":29},"1":{"name":"validateIds","decl":{"start":{"line":57,"column":16},"end":{"line":57,"column":28}},"loc":{"start":{"line":57,"column":79},"end":{"line":65,"column":null}},"line":57}},"branchMap":{"0":{"loc":{"start":{"line":29,"column":43},"end":{"line":29,"column":87}},"type":"default-arg","locations":[{"start":{"line":29,"column":63},"end":{"line":29,"column":87}}],"line":29},"1":{"loc":{"start":{"line":30,"column":2},"end":{"line":32,"column":null}},"type":"if","locations":[{"start":{"line":30,"column":2},"end":{"line":32,"column":null}},{"start":{},"end":{}}],"line":30},"2":{"loc":{"start":{"line":30,"column":6},"end":{"line":30,"column":50}},"type":"binary-expr","locations":[{"start":{"line":30,"column":6},"end":{"line":30,"column":23}},{"start":{"line":30,"column":23},"end":{"line":30,"column":50}}],"line":30},"3":{"loc":{"start":{"line":36,"column":2},"end":{"line":38,"column":null}},"type":"if","locations":[{"start":{"line":36,"column":2},"end":{"line":38,"column":null}},{"start":{},"end":{}}],"line":36},"4":{"loc":{"start":{"line":40,"column":2},"end":{"line":42,"column":null}},"type":"if","locations":[{"start":{"line":40,"column":2},"end":{"line":42,"column":null}},{"start":{},"end":{}}],"line":40},"5":{"loc":{"start":{"line":44,"column":2},"end":{"line":46,"column":null}},"type":"if","locations":[{"start":{"line":44,"column":2},"end":{"line":46,"column":null}},{"start":{},"end":{}}],"line":44},"6":{"loc":{"start":{"line":60,"column":4},"end":{"line":62,"column":null}},"type":"if","locations":[{"start":{"line":60,"column":4},"end":{"line":62,"column":null}},{"start":{},"end":{}}],"line":60}},"s":{"0":4,"1":4,"2":127,"3":7,"4":120,"5":120,"6":9,"7":111,"8":1,"9":110,"10":7,"11":103,"12":4,"13":5,"14":5,"15":2,"16":2},"f":{"0":127,"1":4},"b":{"0":[127],"1":[7,120],"2":[127,124],"3":[9,111],"4":[1,110],"5":[7,103],"6":[2,3]},"meta":{"lastBranch":7,"lastFunction":2,"lastStatement":17,"seen":{"s:7:24:7:Infinity":0,"s:10:22:10:Infinity":1,"f:29:16:29:27":0,"b:29:63:29:87":0,"b:30:2:32:Infinity:undefined:undefined:undefined:undefined":1,"s:30:2:32:Infinity":2,"b:30:6:30:23:30:23:30:50":2,"s:31:4:31:Infinity":3,"s:34:18:34:Infinity":4,"b:36:2:38:Infinity:undefined:undefined:undefined:undefined":3,"s:36:2:38:Infinity":5,"s:37:4:37:Infinity":6,"b:40:2:42:Infinity:undefined:undefined:undefined:undefined":4,"s:40:2:42:Infinity":7,"s:41:4:41:Infinity":8,"b:44:2:46:Infinity:undefined:undefined:undefined:undefined":5,"s:44:2:46:Infinity":9,"s:45:4:45:Infinity":10,"s:48:2:48:Infinity":11,"f:57:16:57:28":1,"s:58:2:63:Infinity":12,"s:59:19:59:Infinity":13,"b:60:4:62:Infinity:undefined:undefined:undefined:undefined":6,"s:60:4:62:Infinity":14,"s:61:6:61:Infinity":15,"s:64:2:64:Infinity":16}}}
}
